#
# There is insufficient memory for the Java Runtime Environment to continue.
# Native memory allocation (mmap) failed to map 136314880 bytes. Error detail: G1 virtual space
# Possible reasons:
#   The system is out of physical RAM or swap space
#   This process is running with CompressedOops enabled, and the Java Heap may be blocking the growth of the native heap
# Possible solutions:
#   Reduce memory load on the system
#   Increase physical memory or swap space
#   Check if swap backing store is full
#   Decrease Java heap size (-Xmx/-Xms)
#   Decrease number of Java threads
#   Decrease Java thread stack sizes (-Xss)
#   Set larger code cache with -XX:ReservedCodeCacheSize=
#   JVM is running with Zero Based Compressed Oops mode in which the Java heap is
#     placed in the first 32GB address space. The Java Heap base address is the
#     maximum limit for the native heap growth. Please use -XX:HeapBaseMinAddress
#     to set the Java Heap base and to place the Java Heap above 32GB virtual address.
# This output file may be truncated or incomplete.
#
#  Out of Memory Error (os_windows.cpp:3926), pid=12232, tid=932
#
# JRE version: OpenJDK Runtime Environment (21.0.10) (build 21.0.10+-14961533-b1163.108)
# Java VM: OpenJDK 64-Bit Server VM (21.0.10+-14961533-b1163.108, mixed mode, tiered, compressed oops, compressed class ptrs, g1 gc, windows-amd64)
# No core dump will be written. Minidumps are not enabled by default on client versions of Windows
#

---------------  S U M M A R Y ------------

Command Line: -XX:MaxMetaspaceSize=2G -XX:+HeapDumpOnOutOfMemoryError --add-opens=java.base/java.util=ALL-UNNAMED --add-opens=java.base/java.lang=ALL-UNNAMED --add-opens=java.base/java.lang.invoke=ALL-UNNAMED --add-opens=java.prefs/java.util.prefs=ALL-UNNAMED --add-opens=java.base/java.nio.charset=ALL-UNNAMED --add-opens=java.base/java.net=ALL-UNNAMED --add-opens=java.base/java.util.concurrent.atomic=ALL-UNNAMED -Xmx4G -Dfile.encoding=UTF-8 -Duser.country=AR -Duser.language=es -Duser.variant -javaagent:C:\Users\Elsa y Henry\.gradle\wrapper\dists\gradle-8.4-all\56r6xik2f6skrm47et0ibifug\gradle-8.4\lib\agents\gradle-instrumentation-agent-8.4.jar org.gradle.launcher.daemon.bootstrap.GradleDaemon 8.4

Host: Intel(R) Core(TM) i5-7200U CPU @ 2.50GHz, 4 cores, 7G,  Windows 10 , 64 bit Build 19041 (10.0.19041.5915)
Time: Tue May 26 17:04:28 2026 Hora est嫕dar de Argentina elapsed time: 28.868186 seconds (0d 0h 0m 28s)

---------------  T H R E A D  ---------------

Current thread (0x00000161d8e6e1e0):  VMThread "VM Thread"          [id=932, stack(0x0000001c18000000,0x0000001c18100000) (1024K)]

Stack: [0x0000001c18000000,0x0000001c18100000]
Native frames: (J=compiled Java code, j=interpreted, Vv=VM code, C=native code)
V  [jvm.dll+0x6d78a9]
V  [jvm.dll+0x8665b3]
V  [jvm.dll+0x868bde]
V  [jvm.dll+0x8692c3]
V  [jvm.dll+0x280ee6]
V  [jvm.dll+0x6d4165]
V  [jvm.dll+0x6c77fa]
V  [jvm.dll+0x358f4b]
V  [jvm.dll+0x360bc6]
V  [jvm.dll+0x3b2ea6]
V  [jvm.dll+0x3b3178]
V  [jvm.dll+0x32b65c]
V  [jvm.dll+0x32b6e7]
V  [jvm.dll+0x3715cc]
V  [jvm.dll+0x36fd7e]
V  [jvm.dll+0x32adb1]
V  [jvm.dll+0x36f480]
V  [jvm.dll+0x86f048]
V  [jvm.dll+0x870394]
V  [jvm.dll+0x8708d0]
V  [jvm.dll+0x870b63]
V  [jvm.dll+0x80fd28]
V  [jvm.dll+0x6d60fd]
C  [ucrtbase.dll+0x21bb2]
C  [KERNEL32.DLL+0x17374]
C  [ntdll.dll+0x4cc91]

VM_Operation (0x0000001c1b3f61f0): G1CollectForAllocation, mode: safepoint, requested by thread 0x00000161de310690


---------------  P R O C E S S  ---------------

Threads class SMR info:
_java_thread_list=0x00000161e0d706f0, length=56, elements={
0x00000161bf849e30, 0x00000161d8ede380, 0x00000161d9020310, 0x00000161d90348e0,
0x00000161d9050880, 0x00000161d90512e0, 0x00000161d9052af0, 0x00000161d9053cf0,
0x00000161d9058380, 0x00000161d905ae30, 0x00000161d92e1340, 0x00000161de880e90,
0x00000161de1ebc80, 0x00000161defc7e90, 0x00000161de7dd790, 0x00000161de7dde20,
0x00000161de7de4b0, 0x00000161de7deb40, 0x00000161dfab9e30, 0x00000161dfab97a0,
0x00000161dfab9110, 0x00000161dfabab50, 0x00000161dfab5600, 0x00000161dfabcc20,
0x00000161dfabbf00, 0x00000161dfab76d0, 0x00000161dfabc590, 0x00000161dfabb870,
0x00000161dfab5c90, 0x00000161dfab6320, 0x00000161dfab69b0, 0x00000161dfab7040,
0x00000161dfab83f0, 0x00000161e11fb900, 0x00000161e11f8b10, 0x00000161e11fd340,
0x00000161e11f7760, 0x00000161e11f7df0, 0x00000161e11f91a0, 0x00000161e11f9830,
0x00000161e11fccb0, 0x00000161e11fc620, 0x00000161e11fabe0, 0x00000161e11fa550,
0x00000161dfde46d0, 0x00000161de315be0, 0x00000161de310d20, 0x00000161de311a40,
0x00000161de310690, 0x00000161de314ec0, 0x00000161de312df0, 0x00000161de313480,
0x00000161de3113b0, 0x00000161de3120d0, 0x00000161de316270, 0x00000161de313b10
}

Java Threads: ( => current thread )
  0x00000161bf849e30 JavaThread "main"                              [_thread_blocked, id=9808, stack(0x0000001c17900000,0x0000001c17a00000) (1024K)]
  0x00000161d8ede380 JavaThread "Common-Cleaner"             daemon [_thread_blocked, id=5548, stack(0x0000001c18100000,0x0000001c18200000) (1024K)]
  0x00000161d9020310 JavaThread "Reference Handler"          daemon [_thread_blocked, id=7868, stack(0x0000001c18200000,0x0000001c18300000) (1024K)]
  0x00000161d90348e0 JavaThread "Finalizer"                  daemon [_thread_blocked, id=15548, stack(0x0000001c18300000,0x0000001c18400000) (1024K)]
  0x00000161d9050880 JavaThread "Signal Dispatcher"          daemon [_thread_blocked, id=17660, stack(0x0000001c18400000,0x0000001c18500000) (1024K)]
  0x00000161d90512e0 JavaThread "Attach Listener"            daemon [_thread_blocked, id=15832, stack(0x0000001c18500000,0x0000001c18600000) (1024K)]
  0x00000161d9052af0 JavaThread "Service Thread"             daemon [_thread_blocked, id=17392, stack(0x0000001c18600000,0x0000001c18700000) (1024K)]
  0x00000161d9053cf0 JavaThread "Monitor Deflation Thread"   daemon [_thread_blocked, id=9944, stack(0x0000001c18700000,0x0000001c18800000) (1024K)]
  0x00000161d9058380 JavaThread "C2 CompilerThread0"         daemon [_thread_blocked, id=17404, stack(0x0000001c18800000,0x0000001c18900000) (1024K)]
  0x00000161d905ae30 JavaThread "C1 CompilerThread0"         daemon [_thread_blocked, id=9604, stack(0x0000001c18900000,0x0000001c18a00000) (1024K)]
  0x00000161d92e1340 JavaThread "Notification Thread"        daemon [_thread_blocked, id=18252, stack(0x0000001c18a00000,0x0000001c18b00000) (1024K)]
  0x00000161de880e90 JavaThread "Daemon health stats"               [_thread_blocked, id=13860, stack(0x0000001c18f00000,0x0000001c19000000) (1024K)]
  0x00000161de1ebc80 JavaThread "Incoming local TCP Connector on port 51495"        [_thread_in_native, id=5540, stack(0x0000001c19000000,0x0000001c19100000) (1024K)]
  0x00000161defc7e90 JavaThread "Daemon periodic checks"            [_thread_blocked, id=17700, stack(0x0000001c19100000,0x0000001c19200000) (1024K)]
  0x00000161de7dd790 JavaThread "Daemon"                            [_thread_blocked, id=16956, stack(0x0000001c19200000,0x0000001c19300000) (1024K)]
  0x00000161de7dde20 JavaThread "Handler for socket connection from /127.0.0.1:51495 to /127.0.0.1:51496"        [_thread_in_native, id=12056, stack(0x0000001c19300000,0x0000001c19400000) (1024K)]
  0x00000161de7de4b0 JavaThread "Cancel handler"                    [_thread_blocked, id=17948, stack(0x0000001c19400000,0x0000001c19500000) (1024K)]
  0x00000161de7deb40 JavaThread "Daemon worker"                     [_thread_blocked, id=12572, stack(0x0000001c19500000,0x0000001c19600000) (1024K)]
  0x00000161dfab9e30 JavaThread "Asynchronous log dispatcher for DefaultDaemonConnection: socket connection from /127.0.0.1:51495 to /127.0.0.1:51496"        [_thread_blocked, id=17288, stack(0x0000001c19600000,0x0000001c19700000) (1024K)]
  0x00000161dfab97a0 JavaThread "Stdin handler"                     [_thread_blocked, id=18384, stack(0x0000001c19700000,0x0000001c19800000) (1024K)]
  0x00000161dfab9110 JavaThread "Daemon client event forwarder"        [_thread_blocked, id=2872, stack(0x0000001c19800000,0x0000001c19900000) (1024K)]
  0x00000161dfabab50 JavaThread "Cache worker for journal cache (C:\Users\Elsa y Henry\.gradle\caches\journal-1)"        [_thread_blocked, id=11040, stack(0x0000001c18b00000,0x0000001c18c00000) (1024K)]
  0x00000161dfab5600 JavaThread "File lock request listener"        [_thread_in_native, id=17076, stack(0x0000001c19900000,0x0000001c19a00000) (1024K)]
  0x00000161dfabcc20 JavaThread "Cache worker for file hash cache (C:\Users\Elsa y Henry\.gradle\caches\8.4\fileHashes)"        [_thread_blocked, id=17988, stack(0x0000001c19b00000,0x0000001c19c00000) (1024K)]
  0x00000161dfabbf00 JavaThread "File watcher server"        daemon [_thread_in_native, id=15024, stack(0x0000001c19c00000,0x0000001c19d00000) (1024K)]
  0x00000161dfab76d0 JavaThread "File watcher consumer"      daemon [_thread_blocked, id=16268, stack(0x0000001c19d00000,0x0000001c19e00000) (1024K)]
  0x00000161dfabc590 JavaThread "Cache worker for checksums cache (C:\Users\Elsa y Henry\Pictures\Nueva carpeta\API\Amplificador\hearing_aid_app\android\.gradle\8.4\checksums)"        [_thread_blocked, id=16832, stack(0x0000001c19e00000,0x0000001c19f00000) (1024K)]
  0x00000161dfabb870 JavaThread "Cache worker for file hash cache (C:\Users\Elsa y Henry\Pictures\Nueva carpeta\API\Amplificador\hearing_aid_app\android\.gradle\8.4\fileHashes)"        [_thread_blocked, id=13868, stack(0x0000001c19f00000,0x0000001c1a000000) (1024K)]
  0x00000161dfab5c90 JavaThread "Cache worker for cache directory md-supplier (C:\Users\Elsa y Henry\.gradle\caches\8.4\md-supplier)"        [_thread_blocked, id=12360, stack(0x0000001c1a000000,0x0000001c1a100000) (1024K)]
  0x00000161dfab6320 JavaThread "Cache worker for file content cache (C:\Users\Elsa y Henry\.gradle\caches\8.4\fileContent)"        [_thread_blocked, id=8704, stack(0x0000001c1a100000,0x0000001c1a200000) (1024K)]
  0x00000161dfab69b0 JavaThread "Cache worker for cache directory md-rule (C:\Users\Elsa y Henry\.gradle\caches\8.4\md-rule)"        [_thread_blocked, id=15440, stack(0x0000001c1a200000,0x0000001c1a300000) (1024K)]
  0x00000161dfab7040 JavaThread "Cache worker for execution history cache (C:\Users\Elsa y Henry\.gradle\caches\8.4\executionHistory)"        [_thread_blocked, id=6644, stack(0x0000001c1a300000,0x0000001c1a400000) (1024K)]
  0x00000161dfab83f0 JavaThread "jar transforms"                    [_thread_blocked, id=4940, stack(0x0000001c1a400000,0x0000001c1a500000) (1024K)]
  0x00000161e11fb900 JavaThread "Cache worker for kotlin-dsl (C:\Users\Elsa y Henry\.gradle\caches\8.4\kotlin-dsl)"        [_thread_blocked, id=16472, stack(0x0000001c1a500000,0x0000001c1a600000) (1024K)]
  0x00000161e11f8b10 JavaThread "jar transforms Thread 2"           [_thread_blocked, id=17040, stack(0x0000001c1a600000,0x0000001c1a700000) (1024K)]
  0x00000161e11fd340 JavaThread "jar transforms Thread 3"           [_thread_blocked, id=16308, stack(0x0000001c1a700000,0x0000001c1a800000) (1024K)]
  0x00000161e11f7760 JavaThread "Cache worker for dependencies-accessors (C:\Users\Elsa y Henry\Pictures\Nueva carpeta\API\Amplificador\hearing_aid_app\android\.gradle\8.4\dependencies-accessors)"        [_thread_blocked, id=12116, stack(0x0000001c1a800000,0x0000001c1a900000) (1024K)]
  0x00000161e11f7df0 JavaThread "Cache worker for Build Output Cleanup Cache (C:\Users\Elsa y Henry\Downloads\flutter\packages\flutter_tools\gradle\.gradle\buildOutputCleanup)"        [_thread_blocked, id=17920, stack(0x0000001c1a900000,0x0000001c1aa00000) (1024K)]
  0x00000161e11f91a0 JavaThread "jar transforms Thread 4"           [_thread_blocked, id=12124, stack(0x0000001c1aa00000,0x0000001c1ab00000) (1024K)]
  0x00000161e11f9830 JavaThread "Unconstrained build operations"        [_thread_blocked, id=15804, stack(0x0000001c1ab00000,0x0000001c1ac00000) (1024K)]
  0x00000161e11fccb0 JavaThread "Unconstrained build operations Thread 2"        [_thread_blocked, id=16568, stack(0x0000001c1ac00000,0x0000001c1ad00000) (1024K)]
  0x00000161e11fc620 JavaThread "Unconstrained build operations Thread 3"        [_thread_blocked, id=7292, stack(0x0000001c1ad00000,0x0000001c1ae00000) (1024K)]
  0x00000161e11fabe0 JavaThread "Memory manager"                    [_thread_blocked, id=12292, stack(0x0000001c19a00000,0x0000001c19b00000) (1024K)]
  0x00000161e11fa550 JavaThread "build event listener"              [_thread_blocked, id=10376, stack(0x0000001c1af00000,0x0000001c1b000000) (1024K)]
  0x00000161dfde46d0 JavaThread "C2 CompilerThread1"         daemon [_thread_blocked, id=15436, stack(0x0000001c1ae00000,0x0000001c1af00000) (1024K)]
  0x00000161de315be0 JavaThread "included builds"                   [_thread_blocked, id=11108, stack(0x0000001c1b000000,0x0000001c1b100000) (1024K)]
  0x00000161de310d20 JavaThread "Execution worker"                  [_thread_blocked, id=10964, stack(0x0000001c1b100000,0x0000001c1b200000) (1024K)]
  0x00000161de311a40 JavaThread "Execution worker Thread 2"         [_thread_blocked, id=17320, stack(0x0000001c1b200000,0x0000001c1b300000) (1024K)]
  0x00000161de310690 JavaThread "Execution worker Thread 3"         [_thread_blocked, id=17468, stack(0x0000001c1b300000,0x0000001c1b400000) (1024K)]
  0x00000161de314ec0 JavaThread "Cache worker for execution history cache (C:\Users\Elsa y Henry\Downloads\flutter\packages\flutter_tools\gradle\.gradle\8.4\executionHistory)"        [_thread_blocked, id=18192, stack(0x0000001c1b400000,0x0000001c1b500000) (1024K)]
  0x00000161de312df0 JavaThread "Unconstrained build operations Thread 4"        [_thread_blocked, id=17020, stack(0x0000001c1b500000,0x0000001c1b600000) (1024K)]
  0x00000161de313480 JavaThread "Unconstrained build operations Thread 5"        [_thread_blocked, id=16272, stack(0x0000001c1b600000,0x0000001c1b700000) (1024K)]
  0x00000161de3113b0 JavaThread "Unconstrained build operations Thread 6"        [_thread_blocked, id=12104, stack(0x0000001c1b700000,0x0000001c1b800000) (1024K)]
  0x00000161de3120d0 JavaThread "Unconstrained build operations Thread 7"        [_thread_blocked, id=14060, stack(0x0000001c1b800000,0x0000001c1b900000) (1024K)]
  0x00000161de316270 JavaThread "Unconstrained build operations Thread 8"        [_thread_blocked, id=10144, stack(0x0000001c1b900000,0x0000001c1ba00000) (1024K)]
  0x00000161de313b10 JavaThread "Unconstrained build operations Thread 9"        [_thread_blocked, id=16620, stack(0x0000001c1ba00000,0x0000001c1bb00000) (1024K)]
Total: 56

Other Threads:
=>0x00000161d8e6e1e0 VMThread "VM Thread"                           [id=932, stack(0x0000001c18000000,0x0000001c18100000) (1024K)]
  0x00000161d8e15290 WatcherThread "VM Periodic Task Thread"        [id=16172, stack(0x0000001c17f00000,0x0000001c18000000) (1024K)]
  0x00000161bf8b0db0 WorkerThread "GC Thread#0"                     [id=16680, stack(0x0000001c17a00000,0x0000001c17b00000) (1024K)]
  0x00000161d99d79d0 WorkerThread "GC Thread#1"                     [id=17412, stack(0x0000001c18c00000,0x0000001c18d00000) (1024K)]
  0x00000161d96a6530 WorkerThread "GC Thread#2"                     [id=17212, stack(0x0000001c18d00000,0x0000001c18e00000) (1024K)]
  0x00000161de1c9ac0 WorkerThread "GC Thread#3"                     [id=15952, stack(0x0000001c18e00000,0x0000001c18f00000) (1024K)]
  0x00000161bd67dfe0 ConcurrentGCThread "G1 Main Marker"            [id=14284, stack(0x0000001c17b00000,0x0000001c17c00000) (1024K)]
  0x00000161bd67ea00 WorkerThread "G1 Conc#0"                       [id=16176, stack(0x0000001c17c00000,0x0000001c17d00000) (1024K)]
  0x00000161bf9078e0 ConcurrentGCThread "G1 Refine#0"               [id=2580, stack(0x0000001c17d00000,0x0000001c17e00000) (1024K)]
  0x00000161bf908370 ConcurrentGCThread "G1 Service"                [id=11376, stack(0x0000001c17e00000,0x0000001c17f00000) (1024K)]
Total: 10

Threads with active compile tasks:
C2 CompilerThread0  28935 10710       4       org.jetbrains.org.objectweb.asm.tree.MethodNode::visitAnnotation (42 bytes)
C2 CompilerThread1  28935 10772       4       kotlin.collections.CollectionsKt___CollectionsKt::joinTo (156 bytes)
Total: 2

VM state: at safepoint (normal execution)

VM Mutex/Monitor currently owned by a thread:  ([mutex/lock_event])
[0x00007ffc55be86d0] Threads_lock - owner thread: 0x00000161d8e6e1e0
[0x00007ffc55be87d0] Heap_lock - owner thread: 0x00000161de310690

Heap address: 0x0000000700000000, size: 4096 MB, Compressed Oops mode: Zero based, Oop shift amount: 3

CDS archive(s) not mapped
Compressed class space mapped at: 0x0000000800000000-0x0000000840000000, reserved size: 1073741824
Narrow klass base: 0x0000000800000000, Narrow klass shift: 0, Narrow klass range: 0x40000000

GC Precious Log:
 CardTable entry size: 512
 Card Set container configuration: InlinePtr #cards 4 size 8 Array Of Cards #cards 16 size 48 Howl #buckets 8 coarsen threshold 3686 Howl Bitmap #cards 512 size 80 coarsen threshold 460 Card regions per heap region 1 cards per card region 4096
 CPUs: 4 total, 4 available
 Memory: 8057M
 Large Page Support: Disabled
 NUMA Support: Disabled
 Compressed Oops: Enabled (Zero based)
 Heap Region Size: 2M
 Heap Min Capacity: 8M
 Heap Initial Capacity: 126M
 Heap Max Capacity: 4G
 Pre-touch: Disabled
 Parallel Workers: 4
 Concurrent Workers: 1
 Concurrent Refinement Workers: 4
 Periodic GC: Disabled

Heap:
 garbage-first heap   total 366592K, used 127906K [0x0000000700000000, 0x0000000800000000)
  region size 2048K, 6 young (12288K), 6 survivors (12288K)
 Metaspace       used 86156K, committed 87936K, reserved 1179648K
  class space    used 12204K, committed 13056K, reserved 1048576K

Heap Regions: E=young(eden), S=young(survivor), O=old, HS=humongous(starts), HC=humongous(continues), CS=collection set, F=free, TAMS=top-at-mark-start, PB=parsable bottom
|   0|0x0000000700000000, 0x0000000700200000, 0x0000000700200000|100%|HS|  |TAMS 0x0000000700000000| PB 0x0000000700000000| Complete 
|   1|0x0000000700200000, 0x0000000700400000, 0x0000000700400000|100%|HC|  |TAMS 0x0000000700200000| PB 0x0000000700200000| Complete 
|   2|0x0000000700400000, 0x0000000700600000, 0x0000000700600000|100%| O|  |TAMS 0x0000000700400000| PB 0x0000000700400000| Untracked 
|   3|0x0000000700600000, 0x0000000700800000, 0x0000000700800000|100%| O|  |TAMS 0x0000000700600000| PB 0x0000000700600000| Untracked 
|   4|0x0000000700800000, 0x0000000700a00000, 0x0000000700a00000|100%| O|  |TAMS 0x0000000700800000| PB 0x0000000700800000| Untracked 
|   5|0x0000000700a00000, 0x0000000700c00000, 0x0000000700c00000|100%| O|  |TAMS 0x0000000700a00000| PB 0x0000000700a00000| Untracked 
|   6|0x0000000700c00000, 0x0000000700e00000, 0x0000000700e00000|100%| O|  |TAMS 0x0000000700c00000| PB 0x0000000700c00000| Untracked 
|   7|0x0000000700e00000, 0x0000000701000000, 0x0000000701000000|100%| O|  |TAMS 0x0000000700e00000| PB 0x0000000700e00000| Untracked 
|   8|0x0000000701000000, 0x0000000701200000, 0x0000000701200000|100%| O|  |TAMS 0x0000000701000000| PB 0x0000000701000000| Untracked 
|   9|0x0000000701200000, 0x0000000701400000, 0x0000000701400000|100%| O|  |TAMS 0x0000000701200000| PB 0x0000000701200000| Untracked 
|  10|0x0000000701400000, 0x0000000701600000, 0x0000000701600000|100%| O|  |TAMS 0x0000000701400000| PB 0x0000000701400000| Untracked 
|  11|0x0000000701600000, 0x0000000701800000, 0x0000000701800000|100%| O|  |TAMS 0x0000000701600000| PB 0x0000000701600000| Untracked 
|  12|0x0000000701800000, 0x0000000701a00000, 0x0000000701a00000|100%| O|  |TAMS 0x0000000701800000| PB 0x0000000701800000| Untracked 
|  13|0x0000000701a00000, 0x0000000701c00000, 0x0000000701c00000|100%| O|  |TAMS 0x0000000701a00000| PB 0x0000000701a00000| Untracked 
|  14|0x0000000701c00000, 0x0000000701e00000, 0x0000000701e00000|100%| O|  |TAMS 0x0000000701c00000| PB 0x0000000701c00000| Untracked 
|  15|0x0000000701e00000, 0x0000000702000000, 0x0000000702000000|100%| O|  |TAMS 0x0000000701e00000| PB 0x0000000701e00000| Untracked 
|  16|0x0000000702000000, 0x0000000702200000, 0x0000000702200000|100%| O|  |TAMS 0x0000000702000000| PB 0x0000000702000000| Untracked 
|  17|0x0000000702200000, 0x0000000702400000, 0x0000000702400000|100%| O|  |TAMS 0x0000000702200000| PB 0x0000000702200000| Untracked 
|  18|0x0000000702400000, 0x0000000702600000, 0x0000000702600000|100%| O|  |TAMS 0x0000000702400000| PB 0x0000000702400000| Untracked 
|  19|0x0000000702600000, 0x0000000702800000, 0x0000000702800000|100%|HS|  |TAMS 0x0000000702600000| PB 0x0000000702600000| Complete 
|  20|0x0000000702800000, 0x0000000702a00000, 0x0000000702a00000|100%|HS|  |TAMS 0x0000000702800000| PB 0x0000000702800000| Complete 
|  21|0x0000000702a00000, 0x0000000702c00000, 0x0000000702c00000|100%| O|  |TAMS 0x0000000702a00000| PB 0x0000000702a00000| Untracked 
|  22|0x0000000702c00000, 0x0000000702e00000, 0x0000000702e00000|100%| O|  |TAMS 0x0000000702c00000| PB 0x0000000702c00000| Untracked 
|  23|0x0000000702e00000, 0x0000000703000000, 0x0000000703000000|100%| O|  |TAMS 0x0000000702e00000| PB 0x0000000702e00000| Untracked 
|  24|0x0000000703000000, 0x0000000703200000, 0x0000000703200000|100%| O|  |TAMS 0x0000000703000000| PB 0x0000000703000000| Untracked 
|  25|0x0000000703200000, 0x0000000703400000, 0x0000000703400000|100%| O|  |TAMS 0x0000000703200000| PB 0x0000000703200000| Untracked 
|  26|0x0000000703400000, 0x0000000703600000, 0x0000000703600000|100%| O|  |TAMS 0x0000000703400000| PB 0x0000000703400000| Untracked 
|  27|0x0000000703600000, 0x0000000703800000, 0x0000000703800000|100%| O|  |TAMS 0x0000000703600000| PB 0x0000000703600000| Untracked 
|  28|0x0000000703800000, 0x0000000703a00000, 0x0000000703a00000|100%| O|  |TAMS 0x0000000703800000| PB 0x0000000703800000| Untracked 
|  29|0x0000000703a00000, 0x0000000703c00000, 0x0000000703c00000|100%|HS|  |TAMS 0x0000000703a00000| PB 0x0000000703a00000| Complete 
|  30|0x0000000703c00000, 0x0000000703e00000, 0x0000000703e00000|100%| O|  |TAMS 0x0000000703c00000| PB 0x0000000703c00000| Untracked 
|  31|0x0000000703e00000, 0x0000000704000000, 0x0000000704000000|100%|HS|  |TAMS 0x0000000703e00000| PB 0x0000000703e00000| Complete 
|  32|0x0000000704000000, 0x0000000704200000, 0x0000000704200000|100%|HC|  |TAMS 0x0000000704000000| PB 0x0000000704000000| Complete 
|  33|0x0000000704200000, 0x0000000704400000, 0x0000000704400000|100%|HC|  |TAMS 0x0000000704200000| PB 0x0000000704200000| Complete 
|  34|0x0000000704400000, 0x0000000704600000, 0x0000000704600000|100%|HS|  |TAMS 0x0000000704400000| PB 0x0000000704400000| Complete 
|  35|0x0000000704600000, 0x0000000704800000, 0x0000000704800000|100%|HC|  |TAMS 0x0000000704600000| PB 0x0000000704600000| Complete 
|  36|0x0000000704800000, 0x0000000704a00000, 0x0000000704a00000|100%|HS|  |TAMS 0x0000000704800000| PB 0x0000000704800000| Complete 
|  37|0x0000000704a00000, 0x0000000704c00000, 0x0000000704c00000|100%|HC|  |TAMS 0x0000000704a00000| PB 0x0000000704a00000| Complete 
|  38|0x0000000704c00000, 0x0000000704e00000, 0x0000000704e00000|100%| O|  |TAMS 0x0000000704c00000| PB 0x0000000704c00000| Untracked 
|  39|0x0000000704e00000, 0x0000000705000000, 0x0000000705000000|100%| O|  |TAMS 0x0000000704e00000| PB 0x0000000704e00000| Untracked 
|  40|0x0000000705000000, 0x0000000705200000, 0x0000000705200000|100%| O|  |TAMS 0x0000000705000000| PB 0x0000000705000000| Untracked 
|  41|0x0000000705200000, 0x0000000705400000, 0x0000000705400000|100%| O|  |TAMS 0x0000000705200000| PB 0x0000000705200000| Untracked 
|  42|0x0000000705400000, 0x0000000705400000, 0x0000000705600000|  0%| F|  |TAMS 0x0000000705400000| PB 0x0000000705400000| Untracked 
|  43|0x0000000705600000, 0x0000000705800000, 0x0000000705800000|100%| O|  |TAMS 0x0000000705600000| PB 0x0000000705600000| Untracked 
|  44|0x0000000705800000, 0x0000000705a00000, 0x0000000705a00000|100%| O|  |TAMS 0x0000000705800000| PB 0x0000000705800000| Untracked 
|  45|0x0000000705a00000, 0x0000000705c00000, 0x0000000705c00000|100%| O|  |TAMS 0x0000000705a00000| PB 0x0000000705a00000| Untracked 
|  46|0x0000000705c00000, 0x0000000705e00000, 0x0000000705e00000|100%| O|  |TAMS 0x0000000705c00000| PB 0x0000000705c00000| Untracked 
|  47|0x0000000705e00000, 0x0000000705f56240, 0x0000000706000000| 66%| O|  |TAMS 0x0000000705e00000| PB 0x0000000705e00000| Untracked 
|  48|0x0000000706000000, 0x0000000706000000, 0x0000000706200000|  0%| F|  |TAMS 0x0000000706000000| PB 0x0000000706000000| Untracked 
|  49|0x0000000706200000, 0x0000000706200000, 0x0000000706400000|  0%| F|  |TAMS 0x0000000706200000| PB 0x0000000706200000| Untracked 
|  50|0x0000000706400000, 0x0000000706400000, 0x0000000706600000|  0%| F|  |TAMS 0x0000000706400000| PB 0x0000000706400000| Untracked 
|  51|0x0000000706600000, 0x0000000706600000, 0x0000000706800000|  0%| F|  |TAMS 0x0000000706600000| PB 0x0000000706600000| Untracked 
|  52|0x0000000706800000, 0x0000000706800000, 0x0000000706a00000|  0%| F|  |TAMS 0x0000000706800000| PB 0x0000000706800000| Untracked 
|  53|0x0000000706a00000, 0x0000000706a00000, 0x0000000706c00000|  0%| F|  |TAMS 0x0000000706a00000| PB 0x0000000706a00000| Untracked 
|  54|0x0000000706c00000, 0x0000000706c00000, 0x0000000706e00000|  0%| F|  |TAMS 0x0000000706c00000| PB 0x0000000706c00000| Untracked 
|  55|0x0000000706e00000, 0x0000000706e00000, 0x0000000707000000|  0%| F|  |TAMS 0x0000000706e00000| PB 0x0000000706e00000| Untracked 
|  56|0x0000000707000000, 0x0000000707000000, 0x0000000707200000|  0%| F|  |TAMS 0x0000000707000000| PB 0x0000000707000000| Untracked 
|  57|0x0000000707200000, 0x0000000707200000, 0x0000000707400000|  0%| F|  |TAMS 0x0000000707200000| PB 0x0000000707200000| Untracked 
|  58|0x0000000707400000, 0x0000000707400000, 0x0000000707600000|  0%| F|  |TAMS 0x0000000707400000| PB 0x0000000707400000| Untracked 
|  59|0x0000000707600000, 0x00000007077927a0, 0x0000000707800000| 78%| S|CS|TAMS 0x0000000707600000| PB 0x0000000707600000| Complete 
|  60|0x0000000707800000, 0x0000000707a00000, 0x0000000707a00000|100%| S|CS|TAMS 0x0000000707800000| PB 0x0000000707800000| Complete 
|  61|0x0000000707a00000, 0x0000000707c00000, 0x0000000707c00000|100%| S|CS|TAMS 0x0000000707a00000| PB 0x0000000707a00000| Complete 
|  62|0x0000000707c00000, 0x0000000707c00000, 0x0000000707e00000|  0%| F|  |TAMS 0x0000000707c00000| PB 0x0000000707c00000| Untracked 
|  63|0x0000000707e00000, 0x0000000707e00000, 0x0000000708000000|  0%| F|  |TAMS 0x0000000707e00000| PB 0x0000000707e00000| Untracked 
|  64|0x0000000708000000, 0x0000000708000000, 0x0000000708200000|  0%| F|  |TAMS 0x0000000708000000| PB 0x0000000708000000| Untracked 
|  65|0x0000000708200000, 0x0000000708200000, 0x0000000708400000|  0%| F|  |TAMS 0x0000000708200000| PB 0x0000000708200000| Untracked 
|  66|0x0000000708400000, 0x0000000708400000, 0x0000000708600000|  0%| F|  |TAMS 0x0000000708400000| PB 0x0000000708400000| Untracked 
|  67|0x0000000708600000, 0x0000000708600000, 0x0000000708800000|  0%| F|  |TAMS 0x0000000708600000| PB 0x0000000708600000| Untracked 
|  68|0x0000000708800000, 0x0000000708800000, 0x0000000708a00000|  0%| F|  |TAMS 0x0000000708800000| PB 0x0000000708800000| Untracked 
|  69|0x0000000708a00000, 0x0000000708c00000, 0x0000000708c00000|100%| S|CS|TAMS 0x0000000708a00000| PB 0x0000000708a00000| Complete 
|  70|0x0000000708c00000, 0x0000000708e00000, 0x0000000708e00000|100%| S|CS|TAMS 0x0000000708c00000| PB 0x0000000708c00000| Complete 
|  71|0x0000000708e00000, 0x0000000709000000, 0x0000000709000000|100%| S|CS|TAMS 0x0000000708e00000| PB 0x0000000708e00000| Complete 
|  72|0x0000000709000000, 0x0000000709000000, 0x0000000709200000|  0%| F|  |TAMS 0x0000000709000000| PB 0x0000000709000000| Untracked 
|  73|0x0000000709200000, 0x0000000709200000, 0x0000000709400000|  0%| F|  |TAMS 0x0000000709200000| PB 0x0000000709200000| Untracked 
|  74|0x0000000709400000, 0x0000000709400000, 0x0000000709600000|  0%| F|  |TAMS 0x0000000709400000| PB 0x0000000709400000| Untracked 
|  75|0x0000000709600000, 0x0000000709600000, 0x0000000709800000|  0%| F|  |TAMS 0x0000000709600000| PB 0x0000000709600000| Untracked 
|  76|0x0000000709800000, 0x0000000709800000, 0x0000000709a00000|  0%| F|  |TAMS 0x0000000709800000| PB 0x0000000709800000| Untracked 
|  77|0x0000000709a00000, 0x0000000709a00000, 0x0000000709c00000|  0%| F|  |TAMS 0x0000000709a00000| PB 0x0000000709a00000| Untracked 
|  78|0x0000000709c00000, 0x0000000709c00000, 0x0000000709e00000|  0%| F|  |TAMS 0x0000000709c00000| PB 0x0000000709c00000| Untracked 
|  79|0x0000000709e00000, 0x0000000709e00000, 0x000000070a000000|  0%| F|  |TAMS 0x0000000709e00000| PB 0x0000000709e00000| Untracked 
|  80|0x000000070a000000, 0x000000070a000000, 0x000000070a200000|  0%| F|  |TAMS 0x000000070a000000| PB 0x000000070a000000| Untracked 
|  81|0x000000070a200000, 0x000000070a200000, 0x000000070a400000|  0%| F|  |TAMS 0x000000070a200000| PB 0x000000070a200000| Untracked 
|  82|0x000000070a400000, 0x000000070a400000, 0x000000070a600000|  0%| F|  |TAMS 0x000000070a400000| PB 0x000000070a400000| Untracked 
|  83|0x000000070a600000, 0x000000070a600000, 0x000000070a800000|  0%| F|  |TAMS 0x000000070a600000| PB 0x000000070a600000| Untracked 
|  84|0x000000070a800000, 0x000000070a800000, 0x000000070aa00000|  0%| F|  |TAMS 0x000000070a800000| PB 0x000000070a800000| Untracked 
|  85|0x000000070aa00000, 0x000000070aa00000, 0x000000070ac00000|  0%| F|  |TAMS 0x000000070aa00000| PB 0x000000070aa00000| Untracked 
|  86|0x000000070ac00000, 0x000000070ac00000, 0x000000070ae00000|  0%| F|  |TAMS 0x000000070ac00000| PB 0x000000070ac00000| Untracked 
|  87|0x000000070ae00000, 0x000000070ae00000, 0x000000070b000000|  0%| F|  |TAMS 0x000000070ae00000| PB 0x000000070ae00000| Untracked 
|  88|0x000000070b000000, 0x000000070b000000, 0x000000070b200000|  0%| F|  |TAMS 0x000000070b000000| PB 0x000000070b000000| Untracked 
|  89|0x000000070b200000, 0x000000070b200000, 0x000000070b400000|  0%| F|  |TAMS 0x000000070b200000| PB 0x000000070b200000| Untracked 
|  90|0x000000070b400000, 0x000000070b400000, 0x000000070b600000|  0%| F|  |TAMS 0x000000070b400000| PB 0x000000070b400000| Untracked 
|  91|0x000000070b600000, 0x000000070b600000, 0x000000070b800000|  0%| F|  |TAMS 0x000000070b600000| PB 0x000000070b600000| Untracked 
|  92|0x000000070b800000, 0x000000070b800000, 0x000000070ba00000|  0%| F|  |TAMS 0x000000070b800000| PB 0x000000070b800000| Untracked 
|  93|0x000000070ba00000, 0x000000070ba00000, 0x000000070bc00000|  0%| F|  |TAMS 0x000000070ba00000| PB 0x000000070ba00000| Untracked 
|  94|0x000000070bc00000, 0x000000070bc00000, 0x000000070be00000|  0%| F|  |TAMS 0x000000070bc00000| PB 0x000000070bc00000| Untracked 
|  95|0x000000070be00000, 0x000000070be00000, 0x000000070c000000|  0%| F|  |TAMS 0x000000070be00000| PB 0x000000070be00000| Untracked 
|  96|0x000000070c000000, 0x000000070c000000, 0x000000070c200000|  0%| F|  |TAMS 0x000000070c000000| PB 0x000000070c000000| Untracked 
|  97|0x000000070c200000, 0x000000070c200000, 0x000000070c400000|  0%| F|  |TAMS 0x000000070c200000| PB 0x000000070c200000| Untracked 
|  98|0x000000070c400000, 0x000000070c400000, 0x000000070c600000|  0%| F|  |TAMS 0x000000070c400000| PB 0x000000070c400000| Untracked 
|  99|0x000000070c600000, 0x000000070c600000, 0x000000070c800000|  0%| F|  |TAMS 0x000000070c600000| PB 0x000000070c600000| Untracked 
| 100|0x000000070c800000, 0x000000070c800000, 0x000000070ca00000|  0%| F|  |TAMS 0x000000070c800000| PB 0x000000070c800000| Untracked 
| 101|0x000000070ca00000, 0x000000070ca00000, 0x000000070cc00000|  0%| F|  |TAMS 0x000000070ca00000| PB 0x000000070ca00000| Untracked 
| 102|0x000000070cc00000, 0x000000070cc00000, 0x000000070ce00000|  0%| F|  |TAMS 0x000000070cc00000| PB 0x000000070cc00000| Untracked 
| 103|0x000000070ce00000, 0x000000070ce00000, 0x000000070d000000|  0%| F|  |TAMS 0x000000070ce00000| PB 0x000000070ce00000| Untracked 
| 104|0x000000070d000000, 0x000000070d000000, 0x000000070d200000|  0%| F|  |TAMS 0x000000070d000000| PB 0x000000070d000000| Untracked 
| 105|0x000000070d200000, 0x000000070d200000, 0x000000070d400000|  0%| F|  |TAMS 0x000000070d200000| PB 0x000000070d200000| Untracked 
| 106|0x000000070d400000, 0x000000070d400000, 0x000000070d600000|  0%| F|  |TAMS 0x000000070d400000| PB 0x000000070d400000| Untracked 
| 107|0x000000070d600000, 0x000000070d600000, 0x000000070d800000|  0%| F|  |TAMS 0x000000070d600000| PB 0x000000070d600000| Untracked 
| 108|0x000000070d800000, 0x000000070d800000, 0x000000070da00000|  0%| F|  |TAMS 0x000000070d800000| PB 0x000000070d800000| Untracked 
| 109|0x000000070da00000, 0x000000070da00000, 0x000000070dc00000|  0%| F|  |TAMS 0x000000070da00000| PB 0x000000070da00000| Untracked 
| 110|0x000000070dc00000, 0x000000070dc00000, 0x000000070de00000|  0%| F|  |TAMS 0x000000070dc00000| PB 0x000000070dc00000| Untracked 
| 111|0x000000070de00000, 0x000000070de00000, 0x000000070e000000|  0%| F|  |TAMS 0x000000070de00000| PB 0x000000070de00000| Untracked 
| 112|0x000000070e000000, 0x000000070e000000, 0x000000070e200000|  0%| F|  |TAMS 0x000000070e000000| PB 0x000000070e000000| Untracked 
| 113|0x000000070e200000, 0x000000070e200000, 0x000000070e400000|  0%| F|  |TAMS 0x000000070e200000| PB 0x000000070e200000| Untracked 
| 114|0x000000070e400000, 0x000000070e400000, 0x000000070e600000|  0%| F|  |TAMS 0x000000070e400000| PB 0x000000070e400000| Untracked 
| 115|0x000000070e600000, 0x000000070e600000, 0x000000070e800000|  0%| F|  |TAMS 0x000000070e600000| PB 0x000000070e600000| Untracked 
| 116|0x000000070e800000, 0x000000070e800000, 0x000000070ea00000|  0%| F|  |TAMS 0x000000070e800000| PB 0x000000070e800000| Untracked 
| 117|0x000000070ea00000, 0x000000070ea00000, 0x000000070ec00000|  0%| F|  |TAMS 0x000000070ea00000| PB 0x000000070ea00000| Untracked 
| 118|0x000000070ec00000, 0x000000070ec00000, 0x000000070ee00000|  0%| F|  |TAMS 0x000000070ec00000| PB 0x000000070ec00000| Untracked 
| 119|0x000000070ee00000, 0x000000070ee00000, 0x000000070f000000|  0%| F|  |TAMS 0x000000070ee00000| PB 0x000000070ee00000| Untracked 
| 120|0x000000070f000000, 0x000000070f000000, 0x000000070f200000|  0%| F|  |TAMS 0x000000070f000000| PB 0x000000070f000000| Untracked 
| 121|0x000000070f200000, 0x000000070f200000, 0x000000070f400000|  0%| F|  |TAMS 0x000000070f200000| PB 0x000000070f200000| Untracked 
| 122|0x000000070f400000, 0x000000070f400000, 0x000000070f600000|  0%| F|  |TAMS 0x000000070f400000| PB 0x000000070f400000| Untracked 
| 123|0x000000070f600000, 0x000000070f600000, 0x000000070f800000|  0%| F|  |TAMS 0x000000070f600000| PB 0x000000070f600000| Untracked 
| 124|0x000000070f800000, 0x000000070f800000, 0x000000070fa00000|  0%| F|  |TAMS 0x000000070f800000| PB 0x000000070f800000| Untracked 
| 125|0x000000070fa00000, 0x000000070fa00000, 0x000000070fc00000|  0%| F|  |TAMS 0x000000070fa00000| PB 0x000000070fa00000| Untracked 
| 126|0x000000070fc00000, 0x000000070fc00000, 0x000000070fe00000|  0%| F|  |TAMS 0x000000070fc00000| PB 0x000000070fc00000| Untracked 
| 127|0x000000070fe00000, 0x000000070fe00000, 0x0000000710000000|  0%| F|  |TAMS 0x000000070fe00000| PB 0x000000070fe00000| Untracked 
| 128|0x0000000710000000, 0x0000000710000000, 0x0000000710200000|  0%| F|  |TAMS 0x0000000710000000| PB 0x0000000710000000| Untracked 
| 129|0x0000000710200000, 0x0000000710200000, 0x0000000710400000|  0%| F|  |TAMS 0x0000000710200000| PB 0x0000000710200000| Untracked 
| 130|0x0000000710400000, 0x0000000710400000, 0x0000000710600000|  0%| F|  |TAMS 0x0000000710400000| PB 0x0000000710400000| Untracked 
| 131|0x0000000710600000, 0x0000000710600000, 0x0000000710800000|  0%| F|  |TAMS 0x0000000710600000| PB 0x0000000710600000| Untracked 
| 132|0x0000000710800000, 0x0000000710800000, 0x0000000710a00000|  0%| F|  |TAMS 0x0000000710800000| PB 0x0000000710800000| Untracked 
| 133|0x0000000710a00000, 0x0000000710a00000, 0x0000000710c00000|  0%| F|  |TAMS 0x0000000710a00000| PB 0x0000000710a00000| Untracked 
| 134|0x0000000710c00000, 0x0000000710c00000, 0x0000000710e00000|  0%| F|  |TAMS 0x0000000710c00000| PB 0x0000000710c00000| Untracked 
| 135|0x0000000710e00000, 0x0000000710e00000, 0x0000000711000000|  0%| F|  |TAMS 0x0000000710e00000| PB 0x0000000710e00000| Untracked 
| 136|0x0000000711000000, 0x0000000711000000, 0x0000000711200000|  0%| F|  |TAMS 0x0000000711000000| PB 0x0000000711000000| Untracked 
| 137|0x0000000711200000, 0x0000000711200000, 0x0000000711400000|  0%| F|  |TAMS 0x0000000711200000| PB 0x0000000711200000| Untracked 
| 138|0x0000000711400000, 0x0000000711400000, 0x0000000711600000|  0%| F|  |TAMS 0x0000000711400000| PB 0x0000000711400000| Untracked 
| 139|0x0000000711600000, 0x0000000711600000, 0x0000000711800000|  0%| F|  |TAMS 0x0000000711600000| PB 0x0000000711600000| Untracked 
| 140|0x0000000711800000, 0x0000000711800000, 0x0000000711a00000|  0%| F|  |TAMS 0x0000000711800000| PB 0x0000000711800000| Untracked 
| 141|0x0000000711a00000, 0x0000000711a00000, 0x0000000711c00000|  0%| F|  |TAMS 0x0000000711a00000| PB 0x0000000711a00000| Untracked 
| 142|0x0000000711c00000, 0x0000000711c00000, 0x0000000711e00000|  0%| F|  |TAMS 0x0000000711c00000| PB 0x0000000711c00000| Untracked 
| 143|0x0000000711e00000, 0x0000000711e00000, 0x0000000712000000|  0%| F|  |TAMS 0x0000000711e00000| PB 0x0000000711e00000| Untracked 
| 144|0x0000000712000000, 0x0000000712000000, 0x0000000712200000|  0%| F|  |TAMS 0x0000000712000000| PB 0x0000000712000000| Untracked 
| 145|0x0000000712200000, 0x0000000712200000, 0x0000000712400000|  0%| F|  |TAMS 0x0000000712200000| PB 0x0000000712200000| Untracked 
| 146|0x0000000712400000, 0x0000000712400000, 0x0000000712600000|  0%| F|  |TAMS 0x0000000712400000| PB 0x0000000712400000| Untracked 
| 147|0x0000000712600000, 0x0000000712600000, 0x0000000712800000|  0%| F|  |TAMS 0x0000000712600000| PB 0x0000000712600000| Untracked 
| 148|0x0000000712800000, 0x0000000712800000, 0x0000000712a00000|  0%| F|  |TAMS 0x0000000712800000| PB 0x0000000712800000| Untracked 
| 149|0x0000000712a00000, 0x0000000712a00000, 0x0000000712c00000|  0%| F|  |TAMS 0x0000000712a00000| PB 0x0000000712a00000| Untracked 
| 150|0x0000000712c00000, 0x0000000712c00000, 0x0000000712e00000|  0%| F|  |TAMS 0x0000000712c00000| PB 0x0000000712c00000| Untracked 
| 151|0x0000000712e00000, 0x0000000712e00000, 0x0000000713000000|  0%| F|  |TAMS 0x0000000712e00000| PB 0x0000000712e00000| Untracked 
| 152|0x0000000713000000, 0x0000000713000000, 0x0000000713200000|  0%| F|  |TAMS 0x0000000713000000| PB 0x0000000713000000| Untracked 
| 153|0x0000000713200000, 0x0000000713200000, 0x0000000713400000|  0%| F|  |TAMS 0x0000000713200000| PB 0x0000000713200000| Untracked 
| 154|0x0000000713400000, 0x0000000713400000, 0x0000000713600000|  0%| F|  |TAMS 0x0000000713400000| PB 0x0000000713400000| Untracked 
| 155|0x0000000713600000, 0x0000000713600000, 0x0000000713800000|  0%| F|  |TAMS 0x0000000713600000| PB 0x0000000713600000| Untracked 
| 156|0x0000000713800000, 0x0000000713800000, 0x0000000713a00000|  0%| F|  |TAMS 0x0000000713800000| PB 0x0000000713800000| Untracked 
| 157|0x0000000713a00000, 0x0000000713a00000, 0x0000000713c00000|  0%| F|  |TAMS 0x0000000713a00000| PB 0x0000000713a00000| Untracked 
| 158|0x0000000713c00000, 0x0000000713c00000, 0x0000000713e00000|  0%| F|  |TAMS 0x0000000713c00000| PB 0x0000000713c00000| Untracked 
| 159|0x0000000713e00000, 0x0000000713e00000, 0x0000000714000000|  0%| F|  |TAMS 0x0000000713e00000| PB 0x0000000713e00000| Untracked 
| 160|0x0000000714000000, 0x0000000714000000, 0x0000000714200000|  0%| F|  |TAMS 0x0000000714000000| PB 0x0000000714000000| Untracked 
| 161|0x0000000714200000, 0x0000000714200000, 0x0000000714400000|  0%| F|  |TAMS 0x0000000714200000| PB 0x0000000714200000| Untracked 
| 162|0x0000000714400000, 0x0000000714400000, 0x0000000714600000|  0%| F|  |TAMS 0x0000000714400000| PB 0x0000000714400000| Untracked 
| 163|0x0000000714600000, 0x0000000714600000, 0x0000000714800000|  0%| F|  |TAMS 0x0000000714600000| PB 0x0000000714600000| Untracked 
| 164|0x0000000714800000, 0x0000000714800000, 0x0000000714a00000|  0%| F|  |TAMS 0x0000000714800000| PB 0x0000000714800000| Untracked 
| 165|0x0000000714a00000, 0x0000000714a00000, 0x0000000714c00000|  0%| F|  |TAMS 0x0000000714a00000| PB 0x0000000714a00000| Untracked 
| 166|0x0000000714c00000, 0x0000000714c00000, 0x0000000714e00000|  0%| F|  |TAMS 0x0000000714c00000| PB 0x0000000714c00000| Untracked 
|2036|0x00000007fe800000, 0x00000007fe800000, 0x00000007fea00000|  0%| F|  |TAMS 0x00000007fe800000| PB 0x00000007fe800000| Untracked 
|2037|0x00000007fea00000, 0x00000007fea00000, 0x00000007fec00000|  0%| F|  |TAMS 0x00000007fea00000| PB 0x00000007fea00000| Untracked 
|2038|0x00000007fec00000, 0x00000007fee00000, 0x00000007fee00000|100%| O|  |TAMS 0x00000007fec00000| PB 0x00000007fec00000| Untracked 
|2039|0x00000007fee00000, 0x00000007ff000000, 0x00000007ff000000|100%| O|  |TAMS 0x00000007fee00000| PB 0x00000007fee00000| Untracked 
|2040|0x00000007ff000000, 0x00000007ff200000, 0x00000007ff200000|100%| O|  |TAMS 0x00000007ff000000| PB 0x00000007ff000000| Untracked 
|2041|0x00000007ff200000, 0x00000007ff400000, 0x00000007ff400000|100%| O|  |TAMS 0x00000007ff200000| PB 0x00000007ff200000| Untracked 
|2042|0x00000007ff400000, 0x00000007ff600000, 0x00000007ff600000|100%| O|  |TAMS 0x00000007ff400000| PB 0x00000007ff400000| Untracked 
|2043|0x00000007ff600000, 0x00000007ff800000, 0x00000007ff800000|100%| O|  |TAMS 0x00000007ff600000| PB 0x00000007ff600000| Untracked 
|2044|0x00000007ff800000, 0x00000007ffa00000, 0x00000007ffa00000|100%| O|  |TAMS 0x00000007ff800000| PB 0x00000007ff800000| Untracked 
|2045|0x00000007ffa00000, 0x00000007ffc00000, 0x00000007ffc00000|100%| O|  |TAMS 0x00000007ffa00000| PB 0x00000007ffa00000| Untracked 
|2046|0x00000007ffc00000, 0x00000007ffe00000, 0x00000007ffe00000|100%| O|  |TAMS 0x00000007ffc00000| PB 0x00000007ffc00000| Untracked 
|2047|0x00000007ffe00000, 0x0000000800000000, 0x0000000800000000|100%| O|  |TAMS 0x00000007ffe00000| PB 0x00000007ffe00000| Untracked 

Card table byte_map: [0x00000161d21b0000,0x00000161d29b0000] _byte_map_base: 0x00000161ce9b0000

Marking Bits: (CMBitMap*) 0x00000161bf8b2bf0
 Bits: [0x00000161d29b0000, 0x00000161d69b0000)

Polling page: 0x00000161bd710000

Metaspace:

Usage:
  Non-class:     72.22 MB used.
      Class:     11.92 MB used.
       Both:     84.14 MB used.

Virtual space:
  Non-class space:      128.00 MB reserved,      73.12 MB ( 57%) committed,  2 nodes.
      Class space:        1.00 GB reserved,      12.75 MB (  1%) committed,  1 nodes.
             Both:        1.12 GB reserved,      85.88 MB (  7%) committed. 

Chunk freelists:
   Non-Class:  5.95 MB
       Class:  3.22 MB
        Both:  9.17 MB

MaxMetaspaceSize: 2.00 GB
CompressedClassSpaceSize: 1.00 GB
Initial GC threshold: 21.00 MB
Current GC threshold: 143.06 MB
CDS: off
 - commit_granule_bytes: 65536.
 - commit_granule_words: 8192.
 - virtual_space_node_default_size: 8388608.
 - enlarge_chunks_in_place: 1.
 - use_allocation_guard: 0.


Internal statistics:

num_allocs_failed_limit: 6.
num_arena_births: 3514.
num_arena_deaths: 0.
num_vsnodes_births: 3.
num_vsnodes_deaths: 0.
num_space_committed: 1374.
num_space_uncommitted: 0.
num_chunks_returned_to_freelist: 6.
num_chunks_taken_from_freelist: 7013.
num_chunk_merges: 6.
num_chunk_splits: 4620.
num_chunks_enlarged: 2934.
num_inconsistent_stats: 0.

CodeHeap 'non-profiled nmethods': size=120000Kb used=6196Kb max_used=6196Kb free=113803Kb
 bounds [0x00000161ca480000, 0x00000161caa90000, 0x00000161d19b0000]
CodeHeap 'profiled nmethods': size=120000Kb used=16480Kb max_used=17629Kb free=103519Kb
 bounds [0x00000161c29b0000, 0x00000161c3b00000, 0x00000161c9ee0000]
CodeHeap 'non-nmethods': size=5760Kb used=2634Kb max_used=2754Kb free=3126Kb
 bounds [0x00000161c9ee0000, 0x00000161ca1a0000, 0x00000161ca480000]
CodeCache: size=245760Kb, used=25310Kb, max_used=26579Kb, free=220448Kb
 total_blobs=9359, nmethods=8441, adapters=821, full_count=0
Compilation: enabled, stopped_count=0, restarted_count=0

Compilation events (20 events):
Event: 28.806 Thread 0x00000161dfde46d0 nmethod 10714 0x00000161caa84110 code [0x00000161caa842c0, 0x00000161caa84590]
Event: 28.806 Thread 0x00000161dfde46d0 10548       4       org.jetbrains.kotlin.name.ClassId::getPackageFqName (13 bytes)
Event: 28.806 Thread 0x00000161dfde46d0 nmethod 10548 0x00000161caa84790 code [0x00000161caa84920, 0x00000161caa849d0]
Event: 28.806 Thread 0x00000161dfde46d0 10742       4       org.jetbrains.kotlin.metadata.ProtoBuf$Property$1::parsePartialFrom (11 bytes)
Event: 28.808 Thread 0x00000161dfde46d0 nmethod 10742 0x00000161caa84a90 code [0x00000161caa84c20, 0x00000161caa84da0]
Event: 28.808 Thread 0x00000161dfde46d0 10741       4       org.jetbrains.kotlin.metadata.ProtoBuf$Property$1::parsePartialFrom (7 bytes)
Event: 28.811 Thread 0x00000161dfde46d0 nmethod 10741 0x00000161caa84e90 code [0x00000161caa85020, 0x00000161caa851a0]
Event: 28.811 Thread 0x00000161dfde46d0 10763       4       org.jetbrains.kotlin.metadata.jvm.JvmProtoBuf$JvmPropertySignature::initFields (36 bytes)
Event: 28.814 Thread 0x00000161d9058380 nmethod 10744 0x00000161caa85290 code [0x00000161caa85700, 0x00000161caa88b50]
Event: 28.815 Thread 0x00000161d9058380 10764       4       org.jetbrains.kotlin.metadata.jvm.JvmProtoBuf$JvmPropertySignature::newBuilderForType (5 bytes)
Event: 28.816 Thread 0x00000161dfde46d0 nmethod 10763 0x00000161caa8a410 code [0x00000161caa8a5c0, 0x00000161caa8ab00]
Event: 28.816 Thread 0x00000161dfde46d0 10765       4       org.jetbrains.kotlin.metadata.jvm.JvmProtoBuf$JvmPropertySignature$Builder::mergeFrom (107 bytes)
Event: 28.816 Thread 0x00000161d9058380 nmethod 10764 0x00000161caa8ab90 code [0x00000161caa8ad40, 0x00000161caa8ae50]
Event: 28.816 Thread 0x00000161d9058380 10708       4       org.jetbrains.org.objectweb.asm.FieldVisitor::<init> (94 bytes)
Event: 28.818 Thread 0x00000161d9058380 nmethod 10708 0x00000161caa8af90 code [0x00000161caa8b120, 0x00000161caa8b2d0]
Event: 28.818 Thread 0x00000161d9058380 10710       4       org.jetbrains.org.objectweb.asm.tree.MethodNode::visitAnnotation (42 bytes)
Event: 28.824 Thread 0x00000161dfde46d0 nmethod 10765 0x00000161caa8b390 code [0x00000161caa8b580, 0x00000161caa8bc50]
Event: 28.824 Thread 0x00000161dfde46d0 10769       4       kotlin.io.ByteStreamsKt::copyTo (60 bytes)
Event: 28.836 Thread 0x00000161dfde46d0 nmethod 10769 0x00000161caa8c090 code [0x00000161caa8c280, 0x00000161caa8cbf8]
Event: 28.837 Thread 0x00000161dfde46d0 10772       4       kotlin.collections.CollectionsKt___CollectionsKt::joinTo (156 bytes)

GC Heap History (20 events):
Event: 23.663 GC heap after
{Heap after GC invocations=48 (full 0):
 garbage-first heap   total 305152K, used 105023K [0x0000000700000000, 0x0000000800000000)
  region size 2048K, 4 young (8192K), 4 survivors (8192K)
 Metaspace       used 86064K, committed 87872K, reserved 1179648K
  class space    used 12203K, committed 13056K, reserved 1048576K
}
Event: 24.193 GC heap before
{Heap before GC invocations=48 (full 0):
 garbage-first heap   total 305152K, used 279103K [0x0000000700000000, 0x0000000800000000)
  region size 2048K, 89 young (182272K), 4 survivors (8192K)
 Metaspace       used 86089K, committed 87872K, reserved 1179648K
  class space    used 12204K, committed 13056K, reserved 1048576K
}
Event: 24.204 GC heap after
{Heap after GC invocations=49 (full 0):
 garbage-first heap   total 305152K, used 111270K [0x0000000700000000, 0x0000000800000000)
  region size 2048K, 7 young (14336K), 7 survivors (14336K)
 Metaspace       used 86089K, committed 87872K, reserved 1179648K
  class space    used 12204K, committed 13056K, reserved 1048576K
}
Event: 24.625 GC heap before
{Heap before GC invocations=49 (full 0):
 garbage-first heap   total 305152K, used 277158K [0x0000000700000000, 0x0000000800000000)
  region size 2048K, 89 young (182272K), 7 survivors (14336K)
 Metaspace       used 86112K, committed 87936K, reserved 1179648K
  class space    used 12204K, committed 13056K, reserved 1048576K
}
Event: 24.637 GC heap after
{Heap after GC invocations=50 (full 0):
 garbage-first heap   total 305152K, used 110100K [0x0000000700000000, 0x0000000800000000)
  region size 2048K, 6 young (12288K), 6 survivors (12288K)
 Metaspace       used 86112K, committed 87936K, reserved 1179648K
  class space    used 12204K, committed 13056K, reserved 1048576K
}
Event: 25.291 GC heap before
{Heap before GC invocations=51 (full 0):
 garbage-first heap   total 305152K, used 280084K [0x0000000700000000, 0x0000000800000000)
  region size 2048K, 89 young (182272K), 6 survivors (12288K)
 Metaspace       used 86113K, committed 87936K, reserved 1179648K
  class space    used 12204K, committed 13056K, reserved 1048576K
}
Event: 25.303 GC heap after
{Heap after GC invocations=52 (full 0):
 garbage-first heap   total 305152K, used 113115K [0x0000000700000000, 0x0000000800000000)
  region size 2048K, 8 young (16384K), 8 survivors (16384K)
 Metaspace       used 86113K, committed 87936K, reserved 1179648K
  class space    used 12204K, committed 13056K, reserved 1048576K
}
Event: 25.680 GC heap before
{Heap before GC invocations=52 (full 0):
 garbage-first heap   total 305152K, used 276955K [0x0000000700000000, 0x0000000800000000)
  region size 2048K, 89 young (182272K), 8 survivors (16384K)
 Metaspace       used 86132K, committed 87936K, reserved 1179648K
  class space    used 12204K, committed 13056K, reserved 1048576K
}
Event: 25.695 GC heap after
{Heap after GC invocations=53 (full 0):
 garbage-first heap   total 366592K, used 113727K [0x0000000700000000, 0x0000000800000000)
  region size 2048K, 8 young (16384K), 8 survivors (16384K)
 Metaspace       used 86132K, committed 87936K, reserved 1179648K
  class space    used 12204K, committed 13056K, reserved 1048576K
}
Event: 26.050 GC heap before
{Heap before GC invocations=53 (full 0):
 garbage-first heap   total 366592K, used 230463K [0x0000000700000000, 0x0000000800000000)
  region size 2048K, 66 young (135168K), 8 survivors (16384K)
 Metaspace       used 86136K, committed 87936K, reserved 1179648K
  class space    used 12204K, committed 13056K, reserved 1048576K
}
Event: 26.064 GC heap after
{Heap after GC invocations=54 (full 0):
 garbage-first heap   total 366592K, used 111075K [0x0000000700000000, 0x0000000800000000)
  region size 2048K, 7 young (14336K), 7 survivors (14336K)
 Metaspace       used 86136K, committed 87936K, reserved 1179648K
  class space    used 12204K, committed 13056K, reserved 1048576K
}
Event: 26.990 GC heap before
{Heap before GC invocations=55 (full 0):
 garbage-first heap   total 366592K, used 317923K [0x0000000700000000, 0x0000000800000000)
  region size 2048K, 107 young (219136K), 7 survivors (14336K)
 Metaspace       used 86148K, committed 87936K, reserved 1179648K
  class space    used 12204K, committed 13056K, reserved 1048576K
}
Event: 27.006 GC heap after
{Heap after GC invocations=56 (full 0):
 garbage-first heap   total 366592K, used 121315K [0x0000000700000000, 0x0000000800000000)
  region size 2048K, 11 young (22528K), 11 survivors (22528K)
 Metaspace       used 86148K, committed 87936K, reserved 1179648K
  class space    used 12204K, committed 13056K, reserved 1048576K
}
Event: 27.433 GC heap before
{Heap before GC invocations=56 (full 0):
 garbage-first heap   total 366592K, used 317923K [0x0000000700000000, 0x0000000800000000)
  region size 2048K, 108 young (221184K), 11 survivors (22528K)
 Metaspace       used 86152K, committed 87936K, reserved 1179648K
  class space    used 12204K, committed 13056K, reserved 1048576K
}
Event: 27.453 GC heap after
{Heap after GC invocations=57 (full 0):
 garbage-first heap   total 366592K, used 120832K [0x0000000700000000, 0x0000000800000000)
  region size 2048K, 7 young (14336K), 7 survivors (14336K)
 Metaspace       used 86152K, committed 87936K, reserved 1179648K
  class space    used 12204K, committed 13056K, reserved 1048576K
}
Event: 27.839 GC heap before
{Heap before GC invocations=57 (full 0):
 garbage-first heap   total 366592K, used 323584K [0x0000000700000000, 0x0000000800000000)
  region size 2048K, 107 young (219136K), 7 survivors (14336K)
 Metaspace       used 86154K, committed 87936K, reserved 1179648K
  class space    used 12204K, committed 13056K, reserved 1048576K
}
Event: 27.851 GC heap after
{Heap after GC invocations=58 (full 0):
 garbage-first heap   total 366592K, used 120832K [0x0000000700000000, 0x0000000800000000)
  region size 2048K, 7 young (14336K), 7 survivors (14336K)
 Metaspace       used 86154K, committed 87936K, reserved 1179648K
  class space    used 12204K, committed 13056K, reserved 1048576K
}
Event: 28.470 GC heap before
{Heap before GC invocations=59 (full 0):
 garbage-first heap   total 366592K, used 325632K [0x0000000700000000, 0x0000000800000000)
  region size 2048K, 107 young (219136K), 7 survivors (14336K)
 Metaspace       used 86156K, committed 87936K, reserved 1179648K
  class space    used 12204K, committed 13056K, reserved 1048576K
}
Event: 28.486 GC heap after
{Heap after GC invocations=60 (full 0):
 garbage-first heap   total 366592K, used 126208K [0x0000000700000000, 0x0000000800000000)
  region size 2048K, 10 young (20480K), 10 survivors (20480K)
 Metaspace       used 86156K, committed 87936K, reserved 1179648K
  class space    used 12204K, committed 13056K, reserved 1048576K
}
Event: 28.847 GC heap before
{Heap before GC invocations=60 (full 0):
 garbage-first heap   total 366592K, used 324864K [0x0000000700000000, 0x0000000800000000)
  region size 2048K, 107 young (219136K), 10 survivors (20480K)
 Metaspace       used 86156K, committed 87936K, reserved 1179648K
  class space    used 12204K, committed 13056K, reserved 1048576K
}

Dll operation events (3 events):
Event: 0.012 Loaded shared library C:\Program Files\Android\Android Studio\jbr\bin\java.dll
Event: 0.017 Loaded shared library C:\Program Files\Android\Android Studio\jbr\bin\zip.dll
Event: 0.850 Loaded shared library C:\Program Files\Android\Android Studio\jbr\bin\verify.dll

Deoptimization events (20 events):
Event: 28.602 Thread 0x00000161de310690 DEOPT PACKING pc=0x00000161ca784cf4 sp=0x0000001c1b3f65d0
Event: 28.602 Thread 0x00000161de310690 DEOPT UNPACKING pc=0x00000161c9f34422 sp=0x0000001c1b3f65a0 mode 2
Event: 28.602 Thread 0x00000161de310690 Uncommon trap: trap_request=0xffffff45 fr.pc=0x00000161ca9c456c relative=0x000000000000158c
Event: 28.602 Thread 0x00000161de310690 Uncommon trap: reason=unstable_if action=reinterpret pc=0x00000161ca9c456c method=java.util.zip.ZipFile$Source.getEntryPos(Ljava/lang/String;Z)I @ 105 c2
Event: 28.602 Thread 0x00000161de310690 DEOPT PACKING pc=0x00000161ca9c456c sp=0x0000001c1b3f6720
Event: 28.602 Thread 0x00000161de310690 DEOPT UNPACKING pc=0x00000161c9f34422 sp=0x0000001c1b3f64f0 mode 2
Event: 28.602 Thread 0x00000161de310690 Uncommon trap: trap_request=0xffffff45 fr.pc=0x00000161ca7755e8 relative=0x0000000000001508
Event: 28.602 Thread 0x00000161de310690 Uncommon trap: reason=unstable_if action=reinterpret pc=0x00000161ca7755e8 method=java.util.zip.ZipFile$Source.getEntryPos(Ljava/lang/String;Z)I @ 105 c2
Event: 28.602 Thread 0x00000161de310690 DEOPT PACKING pc=0x00000161ca7755e8 sp=0x0000001c1b3f6640
Event: 28.602 Thread 0x00000161de310690 DEOPT UNPACKING pc=0x00000161c9f34422 sp=0x0000001c1b3f64e0 mode 2
Event: 28.602 Thread 0x00000161de310690 Uncommon trap: trap_request=0xffffff45 fr.pc=0x00000161ca4f16ac relative=0x000000000000084c
Event: 28.602 Thread 0x00000161de310690 Uncommon trap: reason=unstable_if action=reinterpret pc=0x00000161ca4f16ac method=java.util.zip.ZipFile$Source.getEntryPos(Ljava/lang/String;Z)I @ 105 c2
Event: 28.602 Thread 0x00000161de310690 DEOPT PACKING pc=0x00000161ca4f16ac sp=0x0000001c1b3f65b0
Event: 28.602 Thread 0x00000161de310690 DEOPT UNPACKING pc=0x00000161c9f34422 sp=0x0000001c1b3f64e8 mode 2
Event: 28.602 Thread 0x00000161de310690 Uncommon trap: trap_request=0xffffff45 fr.pc=0x00000161ca4ef938 relative=0x0000000000000578
Event: 28.602 Thread 0x00000161de310690 Uncommon trap: reason=unstable_if action=reinterpret pc=0x00000161ca4ef938 method=java.util.zip.ZipFile$Source.getEntryPos(Ljava/lang/String;Z)I @ 105 c2
Event: 28.602 Thread 0x00000161de310690 DEOPT PACKING pc=0x00000161ca4ef938 sp=0x0000001c1b3f6550
Event: 28.603 Thread 0x00000161de310690 DEOPT UNPACKING pc=0x00000161c9f34422 sp=0x0000001c1b3f64e8 mode 2
Event: 28.728 Thread 0x00000161de3120d0 DEOPT PACKING pc=0x00000161c2d81b63 sp=0x0000001c1b8fa2c0
Event: 28.728 Thread 0x00000161de3120d0 DEOPT UNPACKING pc=0x00000161c9f34bc2 sp=0x0000001c1b8f97a8 mode 0

Classes loaded (20 events):
Event: 17.087 Loading class java/util/IdentityHashMap$IdentityHashMapIterator done
Event: 17.087 Loading class java/util/IdentityHashMap$KeyIterator done
Event: 17.191 Loading class java/util/TreeMap$KeySpliterator
Event: 17.192 Loading class java/util/TreeMap$TreeMapSpliterator
Event: 17.192 Loading class java/util/TreeMap$TreeMapSpliterator done
Event: 17.192 Loading class java/util/TreeMap$KeySpliterator done
Event: 17.692 Loading class java/util/zip/ZipFile$ZipEntryIterator
Event: 17.692 Loading class java/util/zip/ZipFile$ZipEntryIterator done
Event: 19.372 Loading class java/io/UTFDataFormatException
Event: 19.372 Loading class java/io/UTFDataFormatException done
Event: 22.258 Loading class java/util/stream/SortedOps
Event: 22.259 Loading class java/util/stream/SortedOps done
Event: 22.259 Loading class java/util/stream/SortedOps$OfRef
Event: 22.259 Loading class java/util/stream/ReferencePipeline$StatefulOp
Event: 22.259 Loading class java/util/stream/ReferencePipeline$StatefulOp done
Event: 22.259 Loading class java/util/stream/SortedOps$OfRef done
Event: 22.259 Loading class java/util/stream/SortedOps$RefSortingSink
Event: 22.260 Loading class java/util/stream/SortedOps$AbstractRefSortingSink
Event: 22.260 Loading class java/util/stream/SortedOps$AbstractRefSortingSink done
Event: 22.260 Loading class java/util/stream/SortedOps$RefSortingSink done

Classes unloaded (0 events):
No events

Classes redefined (0 events):
No events

Internal exceptions (20 events):
Event: 23.813 Thread 0x00000161de310690 Exception <a 'sun/nio/fs/WindowsException'{0x000000070ea1e8c0}> (0x000000070ea1e8c0) 
thrown [s\src\hotspot\share\prims\jni.cpp, line 537]
Event: 23.813 Thread 0x00000161de310690 Exception <a 'sun/nio/fs/WindowsException'{0x000000070ea203d8}> (0x000000070ea203d8) 
thrown [s\src\hotspot\share\prims\jni.cpp, line 537]
Event: 23.813 Thread 0x00000161de310690 Exception <a 'sun/nio/fs/WindowsException'{0x000000070ea220d0}> (0x000000070ea220d0) 
thrown [s\src\hotspot\share\prims\jni.cpp, line 537]
Event: 23.815 Thread 0x00000161de310690 Exception <a 'sun/nio/fs/WindowsException'{0x000000070ea26770}> (0x000000070ea26770) 
thrown [s\src\hotspot\share\prims\jni.cpp, line 537]
Event: 24.527 Thread 0x00000161de316270 Exception <a 'sun/nio/fs/WindowsException'{0x0000000709b35be0}> (0x0000000709b35be0) 
thrown [s\src\hotspot\share\prims\jni.cpp, line 537]
Event: 24.528 Thread 0x00000161de316270 Exception <a 'sun/nio/fs/WindowsException'{0x0000000709b36a18}> (0x0000000709b36a18) 
thrown [s\src\hotspot\share\prims\jni.cpp, line 537]
Event: 24.528 Thread 0x00000161de316270 Exception <a 'sun/nio/fs/WindowsException'{0x0000000709b37a70}> (0x0000000709b37a70) 
thrown [s\src\hotspot\share\prims\jni.cpp, line 537]
Event: 24.528 Thread 0x00000161de316270 Exception <a 'sun/nio/fs/WindowsException'{0x0000000709b38ca8}> (0x0000000709b38ca8) 
thrown [s\src\hotspot\share\prims\jni.cpp, line 537]
Event: 24.530 Thread 0x00000161de316270 Exception <a 'sun/nio/fs/WindowsException'{0x0000000709b3c888}> (0x0000000709b3c888) 
thrown [s\src\hotspot\share\prims\jni.cpp, line 537]
Event: 25.480 Thread 0x00000161de310690 Exception <a 'sun/nio/fs/WindowsException'{0x000000070bf11850}> (0x000000070bf11850) 
thrown [s\src\hotspot\share\prims\jni.cpp, line 537]
Event: 26.035 Thread 0x00000161de313b10 Exception <a 'sun/nio/fs/WindowsException'{0x000000070e5578f0}> (0x000000070e5578f0) 
thrown [s\src\hotspot\share\prims\jni.cpp, line 537]
Event: 26.035 Thread 0x00000161de313b10 Exception <a 'sun/nio/fs/WindowsException'{0x000000070e1069b8}> (0x000000070e1069b8) 
thrown [s\src\hotspot\share\prims\jni.cpp, line 537]
Event: 26.036 Thread 0x00000161de313b10 Exception <a 'sun/nio/fs/WindowsException'{0x000000070e107a10}> (0x000000070e107a10) 
thrown [s\src\hotspot\share\prims\jni.cpp, line 537]
Event: 26.036 Thread 0x00000161de313b10 Exception <a 'sun/nio/fs/WindowsException'{0x000000070e108c48}> (0x000000070e108c48) 
thrown [s\src\hotspot\share\prims\jni.cpp, line 537]
Event: 26.038 Thread 0x00000161de313b10 Exception <a 'sun/nio/fs/WindowsException'{0x000000070e10c828}> (0x000000070e10c828) 
thrown [s\src\hotspot\share\prims\jni.cpp, line 537]
Event: 28.168 Thread 0x00000161de310690 Exception <a 'sun/nio/fs/WindowsException'{0x0000000713e00db8}> (0x0000000713e00db8) 
thrown [s\src\hotspot\share\prims\jni.cpp, line 537]
Event: 28.168 Thread 0x00000161de310690 Exception <a 'sun/nio/fs/WindowsException'{0x0000000713e026b0}> (0x0000000713e026b0) 
thrown [s\src\hotspot\share\prims\jni.cpp, line 537]
Event: 28.169 Thread 0x00000161de310690 Exception <a 'sun/nio/fs/WindowsException'{0x0000000713e041c8}> (0x0000000713e041c8) 
thrown [s\src\hotspot\share\prims\jni.cpp, line 537]
Event: 28.169 Thread 0x00000161de310690 Exception <a 'sun/nio/fs/WindowsException'{0x0000000713e05ec0}> (0x0000000713e05ec0) 
thrown [s\src\hotspot\share\prims\jni.cpp, line 537]
Event: 28.197 Thread 0x00000161de310690 Exception <a 'sun/nio/fs/WindowsException'{0x0000000713e0a560}> (0x0000000713e0a560) 
thrown [s\src\hotspot\share\prims\jni.cpp, line 537]

ZGC Phase Switch (0 events):
No events

VM Operations (20 events):
Event: 26.064 Executing safepoint VM operation: G1TryInitiateConcMark (G1 Humongous Allocation) done
Event: 26.276 Executing safepoint VM operation: G1PauseRemark
Event: 26.305 Executing safepoint VM operation: G1PauseRemark done
Event: 26.375 Executing safepoint VM operation: G1PauseCleanup
Event: 26.375 Executing safepoint VM operation: G1PauseCleanup done
Event: 26.982 Executing safepoint VM operation: G1CollectForAllocation (G1 Evacuation Pause)
Event: 27.006 Executing safepoint VM operation: G1CollectForAllocation (G1 Evacuation Pause) done
Event: 27.432 Executing safepoint VM operation: G1CollectForAllocation (G1 Evacuation Pause)
Event: 27.432 Executing safepoint VM operation: G1CollectForAllocation (G1 Evacuation Pause) done
Event: 27.433 Executing safepoint VM operation: G1CollectForAllocation (GCLocker Initiated GC)
Event: 27.453 Executing safepoint VM operation: G1CollectForAllocation (GCLocker Initiated GC) done
Event: 27.838 Executing safepoint VM operation: G1CollectForAllocation (G1 Evacuation Pause)
Event: 27.851 Executing safepoint VM operation: G1CollectForAllocation (G1 Evacuation Pause) done
Event: 28.088 Executing safepoint VM operation: G1PauseRemark
Event: 28.096 Executing safepoint VM operation: G1PauseRemark done
Event: 28.170 Executing safepoint VM operation: G1PauseCleanup
Event: 28.193 Executing safepoint VM operation: G1PauseCleanup done
Event: 28.470 Executing safepoint VM operation: G1CollectForAllocation (G1 Evacuation Pause)
Event: 28.487 Executing safepoint VM operation: G1CollectForAllocation (G1 Evacuation Pause) done
Event: 28.847 Executing safepoint VM operation: G1CollectForAllocation (G1 Evacuation Pause)

Memory protections (0 events):
No events

Nmethod flushes (20 events):
Event: 28.093 Thread 0x00000161d8e6e1e0 flushing  nmethod 0x00000161c38cf310
Event: 28.093 Thread 0x00000161d8e6e1e0 flushing  nmethod 0x00000161c399e690
Event: 28.093 Thread 0x00000161d8e6e1e0 flushing  nmethod 0x00000161c399ee90
Event: 28.093 Thread 0x00000161d8e6e1e0 flushing  nmethod 0x00000161c39dcc10
Event: 28.093 Thread 0x00000161d8e6e1e0 flushing  nmethod 0x00000161c39dcf90
Event: 28.093 Thread 0x00000161d8e6e1e0 flushing  nmethod 0x00000161c3a06110
Event: 28.093 Thread 0x00000161d8e6e1e0 flushing  nmethod 0x00000161c3ad9590
Event: 28.093 Thread 0x00000161d8e6e1e0 flushing  nmethod 0x00000161ca9aa690
Event: 28.093 Thread 0x00000161d8e6e1e0 flushing  nmethod 0x00000161c3960b90
Event: 28.093 Thread 0x00000161d8e6e1e0 flushing  nmethod 0x00000161c29e5510
Event: 28.093 Thread 0x00000161d8e6e1e0 flushing  nmethod 0x00000161c2c66410
Event: 28.093 Thread 0x00000161d8e6e1e0 flushing  nmethod 0x00000161c3297310
Event: 28.093 Thread 0x00000161d8e6e1e0 flushing  nmethod 0x00000161c3635290
Event: 28.093 Thread 0x00000161d8e6e1e0 flushing  nmethod 0x00000161c38e0710
Event: 28.093 Thread 0x00000161d8e6e1e0 flushing  nmethod 0x00000161c392d690
Event: 28.093 Thread 0x00000161d8e6e1e0 flushing  nmethod 0x00000161c3932810
Event: 28.093 Thread 0x00000161d8e6e1e0 flushing  nmethod 0x00000161c3933490
Event: 28.093 Thread 0x00000161d8e6e1e0 flushing  nmethod 0x00000161c3956d10
Event: 28.093 Thread 0x00000161d8e6e1e0 flushing  nmethod 0x00000161c39c2a10
Event: 28.093 Thread 0x00000161d8e6e1e0 flushing  nmethod 0x00000161c3a3b190

Events (20 events):
Event: 12.425 Thread 0x00000161de5655d0 Thread exited: 0x00000161de5655d0
Event: 12.458 Thread 0x00000161d905ae30 Thread added: 0x00000161de5655d0
Event: 13.340 Thread 0x00000161de7deb40 Thread added: 0x00000161e11fa550
Event: 13.510 Thread 0x00000161de5655d0 Thread exited: 0x00000161de5655d0
Event: 13.575 Thread 0x00000161d905ae30 Thread added: 0x00000161de5655d0
Event: 14.051 Thread 0x00000161de5655d0 Thread exited: 0x00000161de5655d0
Event: 14.494 Thread 0x00000161d905ae30 Thread added: 0x00000161e23c0340
Event: 15.563 Thread 0x00000161e23c0340 Thread exited: 0x00000161e23c0340
Event: 16.829 Thread 0x00000161d905ae30 Thread added: 0x00000161dfde46d0
Event: 17.121 Thread 0x00000161de7deb40 Thread added: 0x00000161de315be0
Event: 17.127 Thread 0x00000161de315be0 Thread added: 0x00000161de310d20
Event: 17.127 Thread 0x00000161de315be0 Thread added: 0x00000161de311a40
Event: 17.127 Thread 0x00000161de315be0 Thread added: 0x00000161de310690
Event: 17.160 Thread 0x00000161de310690 Thread added: 0x00000161de314ec0
Event: 17.509 Thread 0x00000161de310690 Thread added: 0x00000161de312df0
Event: 17.510 Thread 0x00000161de310690 Thread added: 0x00000161de313480
Event: 17.510 Thread 0x00000161de310690 Thread added: 0x00000161de3113b0
Event: 17.599 Thread 0x00000161de310690 Thread added: 0x00000161de3120d0
Event: 17.600 Thread 0x00000161de310690 Thread added: 0x00000161de316270
Event: 17.601 Thread 0x00000161de310690 Thread added: 0x00000161de313b10


Dynamic libraries:
0x00007ff73ae00000 - 0x00007ff73ae0a000 	C:\Program Files\Android\Android Studio\jbr\bin\java.exe
0x00007ffca28d0000 - 0x00007ffca2ac8000 	C:\Windows\SYSTEM32\ntdll.dll
0x00007ffca1ac0000 - 0x00007ffca1b82000 	C:\Windows\System32\KERNEL32.DLL
0x00007ffca00c0000 - 0x00007ffca03b6000 	C:\Windows\System32\KERNELBASE.dll
0x00007ffca07f0000 - 0x00007ffca08f0000 	C:\Windows\System32\ucrtbase.dll
0x00007ffc9c0c0000 - 0x00007ffc9c0db000 	C:\Program Files\Android\Android Studio\jbr\bin\VCRUNTIME140.dll
0x00007ffc9c100000 - 0x00007ffc9c118000 	C:\Program Files\Android\Android Studio\jbr\bin\jli.dll
0x00007ffca2300000 - 0x00007ffca24a1000 	C:\Windows\System32\USER32.dll
0x00007ffc8bcd0000 - 0x00007ffc8bf6b000 	C:\Windows\WinSxS\amd64_microsoft.windows.common-controls_6595b64144ccf1df_6.0.19041.6456_none_60b8a6cb71f64256\COMCTL32.dll
0x00007ffca0000000 - 0x00007ffca0022000 	C:\Windows\System32\win32u.dll
0x00007ffca14f0000 - 0x00007ffca158e000 	C:\Windows\System32\msvcrt.dll
0x00007ffca1590000 - 0x00007ffca15bb000 	C:\Windows\System32\GDI32.dll
0x00007ffca03f0000 - 0x00007ffca0509000 	C:\Windows\System32\gdi32full.dll
0x00007ffc9ff60000 - 0x00007ffc9fffd000 	C:\Windows\System32\msvcp_win.dll
0x00007ffca1cd0000 - 0x00007ffca1cff000 	C:\Windows\System32\IMM32.DLL
0x00007ffc99e60000 - 0x00007ffc99e6c000 	C:\Program Files\Android\Android Studio\jbr\bin\vcruntime140_1.dll
0x00007ffc96e00000 - 0x00007ffc96e8d000 	C:\Program Files\Android\Android Studio\jbr\bin\msvcp140.dll
0x00007ffc55030000 - 0x00007ffc55cc6000 	C:\Program Files\Android\Android Studio\jbr\bin\server\jvm.dll
0x00007ffca1d00000 - 0x00007ffca1db1000 	C:\Windows\System32\ADVAPI32.dll
0x00007ffca08f0000 - 0x00007ffca098f000 	C:\Windows\System32\sechost.dll
0x00007ffca19a0000 - 0x00007ffca1ac0000 	C:\Windows\System32\RPCRT4.dll
0x00007ffca03c0000 - 0x00007ffca03e7000 	C:\Windows\System32\bcrypt.dll
0x00007ffca26f0000 - 0x00007ffca275b000 	C:\Windows\System32\WS2_32.dll
0x00007ffc9fdc0000 - 0x00007ffc9fe0b000 	C:\Windows\SYSTEM32\POWRPROF.dll
0x00007ffc8b350000 - 0x00007ffc8b377000 	C:\Windows\SYSTEM32\WINMM.dll
0x00007ffc913a0000 - 0x00007ffc913aa000 	C:\Windows\SYSTEM32\VERSION.dll
0x00007ffc9fda0000 - 0x00007ffc9fdb2000 	C:\Windows\SYSTEM32\UMPDC.dll
0x00007ffc9e760000 - 0x00007ffc9e772000 	C:\Windows\SYSTEM32\kernel.appcore.dll
0x00007ffc99470000 - 0x00007ffc9947a000 	C:\Program Files\Android\Android Studio\jbr\bin\jimage.dll
0x00007ffc9dc60000 - 0x00007ffc9de61000 	C:\Windows\SYSTEM32\DBGHELP.DLL
0x00007ffc76d60000 - 0x00007ffc76d94000 	C:\Windows\SYSTEM32\dbgcore.DLL
0x00007ffca0030000 - 0x00007ffca00b2000 	C:\Windows\System32\bcryptPrimitives.dll
0x00007ffc9a010000 - 0x00007ffc9a01e000 	C:\Program Files\Android\Android Studio\jbr\bin\instrument.dll
0x00007ffc98bc0000 - 0x00007ffc98be0000 	C:\Program Files\Android\Android Studio\jbr\bin\java.dll
0x00007ffc97110000 - 0x00007ffc97128000 	C:\Program Files\Android\Android Studio\jbr\bin\zip.dll
0x00007ffca0cf0000 - 0x00007ffca1460000 	C:\Windows\System32\SHELL32.dll
0x00007ffc9df70000 - 0x00007ffc9e715000 	C:\Windows\SYSTEM32\windows.storage.dll
0x00007ffca0990000 - 0x00007ffca0ce4000 	C:\Windows\System32\combase.dll
0x00007ffc9f8b0000 - 0x00007ffc9f8db000 	C:\Windows\SYSTEM32\Wldp.dll
0x00007ffca2230000 - 0x00007ffca22fd000 	C:\Windows\System32\OLEAUT32.dll
0x00007ffca1620000 - 0x00007ffca16cd000 	C:\Windows\System32\SHCORE.dll
0x00007ffca15c0000 - 0x00007ffca161b000 	C:\Windows\System32\shlwapi.dll
0x00007ffc9fe90000 - 0x00007ffc9feb4000 	C:\Windows\SYSTEM32\profapi.dll
0x00007ffc98bb0000 - 0x00007ffc98bc0000 	C:\Program Files\Android\Android Studio\jbr\bin\net.dll
0x00007ffc95e50000 - 0x00007ffc95f5a000 	C:\Windows\SYSTEM32\WINHTTP.dll
0x00007ffc9f5c0000 - 0x00007ffc9f62a000 	C:\Windows\system32\mswsock.dll
0x00007ffc96f90000 - 0x00007ffc96fa6000 	C:\Program Files\Android\Android Studio\jbr\bin\nio.dll
0x00007ffc97100000 - 0x00007ffc97110000 	C:\Program Files\Android\Android Studio\jbr\bin\verify.dll
0x00007ffc77e50000 - 0x00007ffc77e77000 	C:\Users\Elsa y Henry\.gradle\native\c067742578af261105cb4f569cf0c3c89f3d7b1fecec35dd04571415982c5e48\windows-amd64\native-platform.dll
0x00007ffc6d480000 - 0x00007ffc6d5c4000 	C:\Users\Elsa y Henry\.gradle\native\38dada09dfb8b06ba9b0570ebf7e218e3eb74d4ef43ca46872605cf95ebc2f47\windows-amd64\native-platform-file-events.dll
0x00007ffc9c140000 - 0x00007ffc9c149000 	C:\Program Files\Android\Android Studio\jbr\bin\management.dll
0x00007ffc97130000 - 0x00007ffc9713b000 	C:\Program Files\Android\Android Studio\jbr\bin\management_ext.dll
0x00007ffca18e0000 - 0x00007ffca18e8000 	C:\Windows\System32\PSAPI.DLL
0x00007ffc9f770000 - 0x00007ffc9f788000 	C:\Windows\SYSTEM32\CRYPTSP.dll
0x00007ffc9eef0000 - 0x00007ffc9ef28000 	C:\Windows\system32\rsaenh.dll
0x00007ffc9fe50000 - 0x00007ffc9fe7e000 	C:\Windows\SYSTEM32\USERENV.dll
0x00007ffc9f790000 - 0x00007ffc9f79c000 	C:\Windows\SYSTEM32\CRYPTBASE.dll
0x00007ffc9f2b0000 - 0x00007ffc9f2eb000 	C:\Windows\SYSTEM32\IPHLPAPI.DLL
0x00007ffca2760000 - 0x00007ffca2768000 	C:\Windows\System32\NSI.dll
0x00007ffc97060000 - 0x00007ffc97069000 	C:\Program Files\Android\Android Studio\jbr\bin\extnet.dll
0x00007ffc96db0000 - 0x00007ffc96db7000 	C:\Windows\system32\wshunix.dll
0x00007ffc69720000 - 0x00007ffc69737000 	C:\Windows\system32\napinsp.dll
0x00007ffc67c10000 - 0x00007ffc67c2b000 	C:\Windows\system32\pnrpnsp.dll
0x00007ffc9c050000 - 0x00007ffc9c06d000 	C:\Windows\system32\wshbth.dll
0x00007ffc9c6a0000 - 0x00007ffc9c6bd000 	C:\Windows\system32\NLAapi.dll
0x00007ffc9f2f0000 - 0x00007ffc9f3ba000 	C:\Windows\SYSTEM32\DNSAPI.dll
0x00007ffc67aa0000 - 0x00007ffc67ab2000 	C:\Windows\System32\winrnr.dll
0x00007ffc98440000 - 0x00007ffc9844a000 	C:\Windows\System32\rasadhlp.dll
0x00007ffc913c0000 - 0x00007ffc91440000 	C:\Windows\System32\fwpuclnt.dll

JVMTI agents:
C:\Users\Elsa y Henry\.gradle\wrapper\dists\gradle-8.4-all\56r6xik2f6skrm47et0ibifug\gradle-8.4\lib\agents\gradle-instrumentation-agent-8.4.jar path:C:\Program Files\Android\Android Studio\jbr\bin\instrument.dll, loaded, initialized, instrumentlib options:none

dbghelp: loaded successfully - version: 4.0.5 - missing functions: none
symbol engine: initialized successfully - sym options: 0x614 - pdb path: .;C:\Program Files\Android\Android Studio\jbr\bin;C:\Windows\SYSTEM32;C:\Windows\WinSxS\amd64_microsoft.windows.common-controls_6595b64144ccf1df_6.0.19041.6456_none_60b8a6cb71f64256;C:\Program Files\Android\Android Studio\jbr\bin\server;C:\Users\Elsa y Henry\.gradle\native\c067742578af261105cb4f569cf0c3c89f3d7b1fecec35dd04571415982c5e48\windows-amd64;C:\Users\Elsa y Henry\.gradle\native\38dada09dfb8b06ba9b0570ebf7e218e3eb74d4ef43ca46872605cf95ebc2f47\windows-amd64

VM Arguments:
jvm_args: -XX:MaxMetaspaceSize=2G -XX:+HeapDumpOnOutOfMemoryError --add-opens=java.base/java.util=ALL-UNNAMED --add-opens=java.base/java.lang=ALL-UNNAMED --add-opens=java.base/java.lang.invoke=ALL-UNNAMED --add-opens=java.prefs/java.util.prefs=ALL-UNNAMED --add-opens=java.base/java.nio.charset=ALL-UNNAMED --add-opens=java.base/java.net=ALL-UNNAMED --add-opens=java.base/java.util.concurrent.atomic=ALL-UNNAMED -Xmx4G -Dfile.encoding=UTF-8 -Duser.country=AR -Duser.language=es -Duser.variant -javaagent:C:\Users\Elsa y Henry\.gradle\wrapper\dists\gradle-8.4-all\56r6xik2f6skrm47et0ibifug\gradle-8.4\lib\agents\gradle-instrumentation-agent-8.4.jar 
java_command: org.gradle.launcher.daemon.bootstrap.GradleDaemon 8.4
java_class_path (initial): C:\Users\Elsa y Henry\.gradle\wrapper\dists\gradle-8.4-all\56r6xik2f6skrm47et0ibifug\gradle-8.4\lib\gradle-launcher-8.4.jar
Launcher Type: SUN_STANDARD

[Global flags]
     intx CICompilerCount                          = 3                                         {product} {ergonomic}
     uint ConcGCThreads                            = 1                                         {product} {ergonomic}
     uint G1ConcRefinementThreads                  = 4                                         {product} {ergonomic}
   size_t G1HeapRegionSize                         = 2097152                                   {product} {ergonomic}
    uintx GCDrainStackTargetSize                   = 64                                        {product} {ergonomic}
     bool HeapDumpOnOutOfMemoryError               = true                                   {manageable} {command line}
   size_t InitialHeapSize                          = 132120576                                 {product} {ergonomic}
   size_t MarkStackSize                            = 4194304                                   {product} {ergonomic}
   size_t MaxHeapSize                              = 4294967296                                {product} {command line}
   size_t MaxMetaspaceSize                         = 2147483648                                {product} {command line}
   size_t MaxNewSize                               = 2575302656                                {product} {ergonomic}
   size_t MinHeapDeltaBytes                        = 2097152                                   {product} {ergonomic}
   size_t MinHeapSize                              = 8388608                                   {product} {ergonomic}
    uintx NonNMethodCodeHeapSize                   = 5832780                                {pd product} {ergonomic}
    uintx NonProfiledCodeHeapSize                  = 122912730                              {pd product} {ergonomic}
    uintx ProfiledCodeHeapSize                     = 122912730                              {pd product} {ergonomic}
    uintx ReservedCodeCacheSize                    = 251658240                              {pd product} {ergonomic}
     bool SegmentedCodeCache                       = true                                      {product} {ergonomic}
   size_t SoftMaxHeapSize                          = 4294967296                             {manageable} {ergonomic}
     bool UseCompressedOops                        = true                           {product lp64_product} {ergonomic}
     bool UseG1GC                                  = true                                      {product} {ergonomic}
     bool UseLargePagesIndividualAllocation        = false                                  {pd product} {ergonomic}

Logging:
Log output configuration:
 #0: stdout all=warning uptime,level,tags foldmultilines=false
 #1: stderr all=off uptime,level,tags foldmultilines=false

Release file:
JAVA_VERSION="21.0.10" 
MODULES="java.base java.compiler java.datatransfer java.xml java.prefs java.desktop java.instrument java.logging java.management java.security.sasl java.naming java.rmi java.management.rmi java.net.http java.scripting java.security.jgss java.transaction.xa java.sql java.sql.rowset java.xml.crypto java.se java.smartcardio jdk.accessibility jdk.internal.jvmstat jdk.attach jdk.charsets jdk.internal.opt jdk.zipfs jdk.compiler jdk.crypto.ec jdk.crypto.cryptoki jdk.dynalink jdk.hotspot.agent jdk.httpserver jdk.internal.ed jdk.internal.le jdk.internal.vm.ci jdk.jartool jdk.javadoc jdk.jcmd jdk.jdeps jdk.jdwp.agent jdk.jdi jdk.jfr jdk.jlink jdk.jsobject jdk.localedata jdk.management jdk.management.agent jdk.management.jfr jdk.naming.dns jdk.naming.rmi jdk.net jdk.sctp jdk.security.auth jdk.security.jgss jdk.unsupported jdk.unsupported.desktop jdk.xml.dom" 
IMPLEMENTOR="JetBrains s.r.o." 
JAVA_RUNTIME_VERSION="21.0.10+-14961533-b1163.108" 
LIBC="default" 
OS_ARCH="x86_64" 
OS_NAME="Windows" 
SOURCE=".:git:1351622c2ff2" 

Environment Variables:
JAVA_HOME=C:\Program Files\Android\Android Studio\jbr
CLASSPATH=C:\Users\Elsa y Henry\Pictures\Nueva carpeta\API\Amplificador\hearing_aid_app\android\\gradle\wrapper\gradle-wrapper.jar
PATH=C:\Program Files\Android\Android Studio\jbr\bin;C:\Program Files\Android\Android Studio\jbr\bin;C:\Users\Elsa y Henry\Downloads\flutter\bin;C:\Program Files\Android\Android Studio\jbr\bin;C:\Users\Elsa y Henry\Downloads\flutter\bin;C:\Users\Elsa y Henry\Downloads\flutter\bin;C:\Users\Elsa y Henry\Downloads\flutter\bin;C:\Users\Elsa y Henry\Downloads\flutter\bin;C:\Users\Elsa y Henry\Downloads\flutter\bin;C:\Users\Elsa y Henry\Downloads\flutter\bin;C:\Users\Elsa y Henry\Downloads\flutter\bin;C:\Users\Elsa y Henry\Downloads\flutter\bin;C:\Users\Elsa y Henry\Pictures\Nueva carpeta\API\flutter\bin;C:\Users\Elsa y Henry\Pictures\Nueva carpeta\API\flutter\bin;C:\Python313\Scripts\;C:\Python313\;C:\Windows\system32;C:\Windows;C:\Windows\System32\Wbem;C:\Windows\System32\WindowsPowerShell\v1.0\;C:\Windows\System32\OpenSSH\;C:\Program Files\nodejs\;C:\ProgramData\chocolatey\bin;C:\Program Files (x86)\Microsoft SQL Server\Client SDK\ODBC\110\Tools\Binn\;C:\Program Files (x86)\Microsoft SQL Server\120\Tools\Binn\;C:\Program Files (x86)\Microsoft SQL Server\120\DTS\Binn\;C:\Program Files\Point Grey Research\FlyCap2 Viewer\bin64;%FC2PATH\vs2013;C:\Program Files\Point Grey Research\FlyCap2 Viewer\bin64\vs2015;C:\Program Files\Git\cmd;C:\Users\Elsa y Henry\AppData\Local\Microsoft\WindowsApps;C:\Users\Elsa y Henry\AppData\Roaming\npm;C:\Users\Elsa y Henry\AppData\Local\Programs\Antigravity\bin;C:\Users\Elsa y Henry\AppData\Local\Microsoft\WinGet\Packages\astral-sh.uv_Microsoft.Winget.Source_8wekyb3d8bbwe;C:\Users\Elsa y Henry\AppData\Local\Programs\Kiro\bin;C:\Users\Elsa y Henry\Downloads\flutter\bin\mingit\cmd
USERNAME=Elsa y Henry
LANG=en_US.UTF-8
OS=Windows_NT
PROCESSOR_IDENTIFIER=Intel64 Family 6 Model 142 Stepping 9, GenuineIntel
TMP=C:\Users\Elsa y Henry\AppData\Local\Temp
TEMP=C:\Users\Elsa y Henry\AppData\Local\Temp




Periodic native trim disabled

JNI global refs:
JNI global refs: 28, weak refs: 17

JNI global refs memory usage: 835, weak refs: 833

Process memory usage:
Resident Set Size: 637316K (7% of 8251180K total physical memory with 478564K free physical memory)

OOME stack traces (most recent first):
Classloader memory used:
Loader org.gradle.internal.classloader.VisitableURLClassLoader                         : 39277K
Loader bootstrap                                                                       : 25899K
Loader org.gradle.initialization.MixInLegacyTypesClassLoader                           : 11385K
Loader org.gradle.internal.classloader.VisitableURLClassLoader$InstrumentingVisitableURLClassLoader: 8674K
Loader jdk.internal.loader.ClassLoaders$PlatformClassLoader                            : 553K
Loader jdk.internal.loader.ClassLoaders$AppClassLoader                                 : 227K
Loader jdk.internal.reflect.DelegatingClassLoader                                      : 72936B
Loader org.gradle.groovy.scripts.internal.DefaultScriptCompilationHandler$ScriptClassLoader: 49936B
Loader org.codehaus.groovy.runtime.callsite.CallSiteClassLoader                        : 17224B
Loader sun.reflect.misc.MethodUtil                                                     : 2984B

Classes loaded by more than one classloader:
Class Program                                                                         : loaded 3 times (x 72B)
Class org.gradle.internal.classloader.ClassLoaderHierarchy                            : loaded 2 times (x 70B)
Class org.gradle.api.internal.classpath.ManifestUtil                                  : loaded 2 times (x 71B)
Class org.jetbrains.kotlin.name.FqNameUnsafe$1                                        : loaded 2 times (x 74B)
Class org.gradle.internal.classloader.DefaultClassLoaderFactory                       : loaded 2 times (x 82B)
Class org.gradle.internal.classloader.ClassLoaderVisitor                              : loaded 2 times (x 76B)
Class org.gradle.api.internal.classpath.EffectiveClassPath                            : loaded 2 times (x 90B)
Class org.gradle.api.internal.DefaultClassPathProvider                                : loaded 2 times (x 76B)
Class [Lorg.gradle.api.internal.ClassPathProvider;                                    : loaded 2 times (x 69B)
Class org.gradle.api.internal.ClassPathProvider                                       : loaded 2 times (x 70B)
Class org.gradle.internal.service.UnknownServiceException                             : loaded 2 times (x 83B)
Class org.gradle.internal.classpath.TransformedClassPath                              : loaded 2 times (x 96B)
Class org.gradle.internal.service.ServiceLocator                                      : loaded 2 times (x 70B)
Class org.gradle.internal.InternalTransformer                                         : loaded 2 times (x 70B)
Class org.gradle.internal.classloader.ClasspathUtil$1                                 : loaded 2 times (x 76B)
Class org.gradle.api.internal.classpath.DefaultModuleRegistry$DefaultModule           : loaded 2 times (x 86B)
Class org.gradle.api.internal.classpath.Module                                        : loaded 2 times (x 70B)
Class org.gradle.api.internal.classpath.UnknownModuleException                        : loaded 2 times (x 82B)
Class org.gradle.cache.GlobalCache                                                    : loaded 2 times (x 70B)
Class org.gradle.api.internal.DefaultClassPathRegistry                                : loaded 2 times (x 76B)
Class org.gradle.api.internal.ClassPathRegistry                                       : loaded 2 times (x 70B)
Class org.gradle.internal.classpath.DefaultClassPath$ImmutableUniqueList              : loaded 2 times (x 199B)
Class org.gradle.internal.classloader.FilteringClassLoader                            : loaded 2 times (x 105B)
Class org.gradle.internal.classpath.ClassPath                                         : loaded 2 times (x 70B)
Class org.gradle.api.UncheckedIOException                                             : loaded 2 times (x 82B)
Class org.gradle.internal.installation.GradleInstallation$1                           : loaded 2 times (x 75B)
Class org.gradle.api.internal.classpath.ModuleRegistry                                : loaded 2 times (x 70B)
Class org.jetbrains.kotlin.name.FqNameUnsafe                                          : loaded 2 times (x 72B)
Class org.gradle.api.internal.classpath.DefaultModuleRegistry                         : loaded 2 times (x 86B)
Class org.gradle.internal.service.ServiceLookupException                              : loaded 2 times (x 82B)
Class org.gradle.internal.classloader.ClassLoaderFactory                              : loaded 2 times (x 70B)
Class org.gradle.internal.service.CachingServiceLocator                               : loaded 2 times (x 82B)
Class org.jetbrains.kotlin.name.FqName                                                : loaded 2 times (x 72B)
Class org.gradle.internal.classloader.ClasspathUtil                                   : loaded 2 times (x 71B)
Class org.gradle.api.specs.Spec                                                       : loaded 2 times (x 70B)
Class org.jetbrains.kotlin.name.Name                                                  : loaded 2 times (x 75B)
Class Build_gradle$1                                                                  : loaded 2 times (x 78B)
Class org.gradle.internal.classloader.VisitableURLClassLoader$InstrumentingVisitableURLClassLoader: loaded 2 times (x 123B)
Class org.gradle.internal.classloader.VisitableURLClassLoader$Spec                    : loaded 2 times (x 74B)
Class org.gradle.internal.classpath.DefaultClassPath                                  : loaded 2 times (x 90B)
Class org.gradle.internal.classloader.ClassLoaderSpec                                 : loaded 2 times (x 71B)
Class org.gradle.internal.classloader.VisitableURLClassLoader                         : loaded 2 times (x 117B)
Class org.gradle.internal.Cast                                                        : loaded 2 times (x 71B)
Class org.gradle.api.Action                                                           : loaded 2 times (x 70B)
Class org.gradle.internal.agents.InstrumentingClassLoader                             : loaded 2 times (x 70B)
Class org.gradle.internal.classpath.DefaultClassPath$ImmutableUniqueList$Builder      : loaded 2 times (x 75B)
Class org.gradle.api.GradleException                                                  : loaded 2 times (x 82B)
Class org.gradle.internal.IoActions                                                   : loaded 2 times (x 71B)
Class org.gradle.internal.classloader.SystemClassLoaderSpec                           : loaded 2 times (x 71B)
Class Build_gradle                                                                    : loaded 2 times (x 130B)
Class org.gradle.internal.installation.CurrentGradleInstallationLocator               : loaded 2 times (x 71B)
Class org.gradle.internal.service.DefaultServiceLocator                               : loaded 2 times (x 83B)
Class org.gradle.internal.installation.CurrentGradleInstallation                      : loaded 2 times (x 73B)
Class org.gradle.util.internal.GUtil                                                  : loaded 2 times (x 71B)
Class org.gradle.internal.installation.GradleInstallation                             : loaded 2 times (x 75B)

---------------  S Y S T E M  ---------------

OS:
 Windows 10 , 64 bit Build 19041 (10.0.19041.5915)
OS uptime: 1 days 6:30 hours
Hyper-V role detected

CPU: total 4 (initial active 4) (2 cores per cpu, 2 threads per core) family 6 model 142 stepping 9 microcode 0xb4, cx8, cmov, fxsr, ht, mmx, 3dnowpref, sse, sse2, sse3, ssse3, sse4.1, sse4.2, popcnt, lzcnt, tsc, tscinvbit, avx, avx2, aes, erms, clmul, bmi1, bmi2, adx, fma, vzeroupper, clflush, clflushopt, hv, rdtscp, f16c
Processor Information for the first 4 processors :
  Max Mhz: 2701, Current Mhz: 2701, Mhz Limit: 2701

Memory: 4k page, system-wide physical 8057M (467M free)
TotalPageFile size 16114M (AvailPageFile size 106M)
current process WorkingSet (physical memory assigned to process): 622M, peak: 635M
current process commit charge ("private bytes"): 649M, peak: 780M

vm_info: OpenJDK 64-Bit Server VM (21.0.10+-14961533-b1163.108) for windows-amd64 JRE (21.0.10+-14961533-b1163.108), built on 2026-03-02T19:58:50Z by "builder" with MS VC++ 16.10 / 16.11 (VS2019)

END.
