#
# There is insufficient memory for the Java Runtime Environment to continue.
# Native memory allocation (mmap) failed to map 65536 bytes. Error detail: Failed to commit metaspace.
# Possible reasons:
#   The system is out of physical RAM or swap space
#   This process is running with CompressedOops enabled, and the Java Heap may be blocking the growth of the native heap
# Possible solutions:
#   Reduce memory load on the system
#   Increase physical memory or swap space
#   Check if swap backing store is full
#   Decrease Java heap size (-Xmx/-Xms)
#   Decrease number of Java threads
#   Decrease Java thread stack sizes (-Xss)
#   Set larger code cache with -XX:ReservedCodeCacheSize=
#   JVM is running with Unscaled Compressed Oops mode in which the Java heap is
#     placed in the first 4GB address space. The Java Heap base address is the
#     maximum limit for the native heap growth. Please use -XX:HeapBaseMinAddress
#     to set the Java Heap base and to place the Java Heap above 4GB virtual address.
# This output file may be truncated or incomplete.
#
#  Out of Memory Error (virtualSpaceNode.cpp:113), pid=17288, tid=12360
#
# JRE version: OpenJDK Runtime Environment (21.0.10) (build 21.0.10+-14961533-b1163.108)
# Java VM: OpenJDK 64-Bit Server VM (21.0.10+-14961533-b1163.108, mixed mode, tiered, compressed oops, compressed class ptrs, g1 gc, windows-amd64)
# No core dump will be written. Minidumps are not enabled by default on client versions of Windows
#

---------------  S U M M A R Y ------------

Command Line: -Dorg.gradle.appname=gradlew org.gradle.wrapper.GradleWrapperMain -q -Ptarget-platform=android-arm,android-arm64,android-x64 -Ptarget=lib\main.dart -Pbase-application-name=android.app.Application -Pdart-defines=RkxVVFRFUl9WRVJTSU9OPTMuNDEuOQ==,RkxVVFRFUl9DSEFOTkVMPXN0YWJsZQ==,RkxVVFRFUl9HSVRfVVJMPWh0dHBzOi8vZ2l0aHViLmNvbS9mbHV0dGVyL2ZsdXR0ZXIuZ2l0,RkxVVFRFUl9GUkFNRVdPUktfUkVWSVNJT049MDBiMGM5MWYwNg==,RkxVVFRFUl9FTkdJTkVfUkVWSVNJT049NDJkM2Q3NWE1Ng==,RkxVVFRFUl9EQVJUX1ZFUlNJT049My4xMS41 -Pdart-obfuscation=false -Ptrack-widget-creation=true -Ptree-shake-icons=true assembleRelease

Host: Intel(R) Core(TM) i5-7200U CPU @ 2.50GHz, 4 cores, 7G,  Windows 10 , 64 bit Build 19041 (10.0.19041.5915)
Time: Tue May 26 17:07:47 2026 Hora est嫕dar de Argentina elapsed time: 1.755997 seconds (0d 0h 0m 1s)

---------------  T H R E A D  ---------------

Current thread (0x000001d1940033b0):  JavaThread "main"             [_thread_in_vm, id=12360, stack(0x0000000c07800000,0x0000000c07900000) (1024K)]

Stack: [0x0000000c07800000,0x0000000c07900000]
Native frames: (J=compiled Java code, j=interpreted, Vv=VM code, C=native code)
V  [jvm.dll+0x6d78a9]
V  [jvm.dll+0x8665b3]
V  [jvm.dll+0x868bde]
V  [jvm.dll+0x8692c3]
V  [jvm.dll+0x280ee6]
V  [jvm.dll+0x86146e]
V  [jvm.dll+0x67add5]
V  [jvm.dll+0x1e4911]
V  [jvm.dll+0x1e46de]
V  [jvm.dll+0x67d728]
V  [jvm.dll+0x67d562]
V  [jvm.dll+0x67b7ce]
V  [jvm.dll+0x6858b7]
V  [jvm.dll+0x21685c]
V  [jvm.dll+0x216da5]
V  [jvm.dll+0x217786]
V  [jvm.dll+0x20c73a]
V  [jvm.dll+0x5b7f75]
V  [jvm.dll+0x7df903]
V  [jvm.dll+0x7dfa4b]
V  [jvm.dll+0x4730c7]
V  [jvm.dll+0x478a18]
C  [java.dll+0x17ec]

Java frames: (J=compiled Java code, j=interpreted, Vv=VM code)
J 858  java.lang.ClassLoader.defineClass1(Ljava/lang/ClassLoader;Ljava/lang/String;[BIILjava/security/ProtectionDomain;Ljava/lang/String;)Ljava/lang/Class; java.base@21.0.10 (0 bytes) @ 0x000001d19ec97789 [0x000001d19ec976c0+0x00000000000000c9]
J 1201 c1 java.lang.ClassLoader.defineClass(Ljava/lang/String;[BIILjava/security/ProtectionDomain;)Ljava/lang/Class; java.base@21.0.10 (43 bytes) @ 0x000001d1973a786c [0x000001d1973a7520+0x000000000000034c]
J 1156 c1 java.security.SecureClassLoader.defineClass(Ljava/lang/String;[BIILjava/security/CodeSource;)Ljava/lang/Class; java.base@21.0.10 (16 bytes) @ 0x000001d197390e9c [0x000001d197390dc0+0x00000000000000dc]
J 1078 c1 java.net.URLClassLoader.defineClass(Ljava/lang/String;Ljdk/internal/loader/Resource;)Ljava/lang/Class; java.base@21.0.10 (224 bytes) @ 0x000001d1973606bc [0x000001d19735f000+0x00000000000016bc]
J 1041 c1 java.net.URLClassLoader$1.run()Ljava/lang/Class; java.base@21.0.10 (81 bytes) @ 0x000001d1973482cc [0x000001d1973476c0+0x0000000000000c0c]
J 983 c1 java.net.URLClassLoader$1.run()Ljava/lang/Object; java.base@21.0.10 (5 bytes) @ 0x000001d19732dcd4 [0x000001d19732dc40+0x0000000000000094]
J 884 c1 java.security.AccessController.doPrivileged(Ljava/security/PrivilegedExceptionAction;Ljava/security/AccessControlContext;)Ljava/lang/Object; java.base@21.0.10 (26 bytes) @ 0x000001d1972f3904 [0x000001d1972f3720+0x00000000000001e4]
J 981 c1 java.net.URLClassLoader.findClass(Ljava/lang/String;)Ljava/lang/Class; java.base@21.0.10 (47 bytes) @ 0x000001d19732cf3c [0x000001d19732cda0+0x000000000000019c]
J 953 c1 java.lang.ClassLoader.loadClass(Ljava/lang/String;Z)Ljava/lang/Class; java.base@21.0.10 (121 bytes) @ 0x000001d19731ee8c [0x000001d19731e8e0+0x00000000000005ac]
J 840 c1 java.lang.ClassLoader.loadClass(Ljava/lang/String;)Ljava/lang/Class; java.base@21.0.10 (7 bytes) @ 0x000001d1972d2c44 [0x000001d1972d2b40+0x0000000000000104]
v  ~StubRoutines::call_stub 0x000001d19e6a100d
j  org.gradle.internal.service.scopes.BasicGlobalScopeServices.createExecutorFactory()Lorg/gradle/internal/concurrent/ExecutorFactory;+0
j  java.lang.invoke.DirectMethodHandle$Holder.invokeVirtual(Ljava/lang/Object;Ljava/lang/Object;)Ljava/lang/Object;+10 java.base@21.0.10
j  java.lang.invoke.LambdaForm$MH+0x0000000100108000.invoke(Ljava/lang/Object;Ljava/lang/Object;)Ljava/lang/Object;+31 java.base@21.0.10
j  java.lang.invoke.Invokers$Holder.invokeExact_MT(Ljava/lang/Object;Ljava/lang/Object;Ljava/lang/Object;)Ljava/lang/Object;+19 java.base@21.0.10
j  jdk.internal.reflect.DirectMethodHandleAccessor.invokeImpl(Ljava/lang/Object;[Ljava/lang/Object;)Ljava/lang/Object;+41 java.base@21.0.10
j  jdk.internal.reflect.DirectMethodHandleAccessor.invoke(Ljava/lang/Object;[Ljava/lang/Object;)Ljava/lang/Object;+23 java.base@21.0.10
j  java.lang.reflect.Method.invoke(Ljava/lang/Object;[Ljava/lang/Object;)Ljava/lang/Object;+102 java.base@21.0.10
j  org.gradle.internal.reflect.JavaMethod.invoke(Ljava/lang/Object;[Ljava/lang/Object;)Ljava/lang/Object;+6
j  org.gradle.internal.service.ReflectionBasedServiceMethod.invoke(Ljava/lang/Object;[Ljava/lang/Object;)Ljava/lang/Object;+6
j  org.gradle.internal.service.DefaultServiceRegistry$FactoryMethodService.invokeMethod([Ljava/lang/Object;)Ljava/lang/Object;+9
j  org.gradle.internal.service.DefaultServiceRegistry$FactoryService.createServiceInstance()Ljava/lang/Object;+7
j  org.gradle.internal.service.DefaultServiceRegistry$ManagedObjectServiceProvider.getInstance()Ljava/lang/Object;+24
j  org.gradle.internal.service.DefaultServiceRegistry$SingletonService.get()Ljava/lang/Object;+1
j  org.gradle.internal.service.DefaultServiceRegistry$FactoryService.assembleParameters()[Ljava/lang/Object;+44
j  org.gradle.internal.service.DefaultServiceRegistry$FactoryService.createServiceInstance()Ljava/lang/Object;+1
j  org.gradle.internal.service.DefaultServiceRegistry$ManagedObjectServiceProvider.getInstance()Ljava/lang/Object;+24
j  org.gradle.internal.service.DefaultServiceRegistry$SingletonService.get()Ljava/lang/Object;+1
j  org.gradle.internal.service.DefaultServiceRegistry$FactoryService.assembleParameters()[Ljava/lang/Object;+44
j  org.gradle.internal.service.DefaultServiceRegistry$FactoryService.createServiceInstance()Ljava/lang/Object;+1
j  org.gradle.internal.service.DefaultServiceRegistry$ManagedObjectServiceProvider.getInstance()Ljava/lang/Object;+24
j  org.gradle.internal.service.DefaultServiceRegistry$SingletonService.get()Ljava/lang/Object;+1
j  org.gradle.internal.service.DefaultServiceRegistry$FactoryService.assembleParameters()[Ljava/lang/Object;+44
j  org.gradle.internal.service.DefaultServiceRegistry$FactoryService.createServiceInstance()Ljava/lang/Object;+1
j  org.gradle.internal.service.DefaultServiceRegistry$ManagedObjectServiceProvider.getInstance()Ljava/lang/Object;+24
j  org.gradle.internal.service.DefaultServiceRegistry$SingletonService.get()Ljava/lang/Object;+1
j  org.gradle.internal.service.DefaultServiceRegistry.find(Ljava/lang/reflect/Type;)Ljava/lang/Object;+22
j  org.gradle.internal.service.DefaultServiceRegistry.get(Ljava/lang/reflect/Type;)Ljava/lang/Object;+2
j  org.gradle.internal.service.DefaultServiceRegistry.get(Ljava/lang/Class;)Ljava/lang/Object;+3
j  org.gradle.launcher.cli.BuildActionsFactory.<init>(Lorg/gradle/internal/service/ServiceRegistry;)V+96
j  org.gradle.launcher.cli.DefaultCommandLineActionFactory.createBuildActionFactoryActionCreator(Lorg/gradle/internal/service/ServiceRegistry;Ljava/util/List;)V+6
j  org.gradle.launcher.cli.DefaultCommandLineActionFactory$ParseAndBuildAction.execute(Lorg/gradle/launcher/bootstrap/ExecutionListener;)V+12
j  org.gradle.launcher.cli.DefaultCommandLineActionFactory$ParseAndBuildAction.execute(Ljava/lang/Object;)V+5
j  org.gradle.launcher.cli.DebugLoggerWarningAction.execute(Lorg/gradle/launcher/bootstrap/ExecutionListener;)V+9
j  org.gradle.launcher.cli.DebugLoggerWarningAction.execute(Ljava/lang/Object;)V+5
j  org.gradle.launcher.cli.WelcomeMessageAction.execute(Lorg/gradle/launcher/bootstrap/ExecutionListener;)V+218
j  org.gradle.launcher.cli.WelcomeMessageAction.execute(Ljava/lang/Object;)V+5
j  org.gradle.launcher.cli.NativeServicesInitializingAction.execute(Lorg/gradle/launcher/bootstrap/ExecutionListener;)V+35
j  org.gradle.launcher.cli.NativeServicesInitializingAction.execute(Ljava/lang/Object;)V+5
j  org.gradle.launcher.cli.ExceptionReportingAction.execute(Lorg/gradle/launcher/bootstrap/ExecutionListener;)V+5
j  org.gradle.launcher.cli.ExceptionReportingAction.execute(Ljava/lang/Object;)V+5
j  org.gradle.launcher.cli.DefaultCommandLineActionFactory$WithLogging.execute(Lorg/gradle/launcher/bootstrap/ExecutionListener;)V+299
j  org.gradle.launcher.Main.doAction([Ljava/lang/String;Lorg/gradle/launcher/bootstrap/ExecutionListener;)V+14
j  org.gradle.launcher.bootstrap.EntryPoint.run([Ljava/lang/String;)V+12
j  java.lang.invoke.DirectMethodHandle$Holder.invokeVirtual(Ljava/lang/Object;Ljava/lang/Object;Ljava/lang/Object;)V+11 java.base@21.0.10
j  java.lang.invoke.LambdaForm$MH+0x00000001000d6800.invoke(Ljava/lang/Object;Ljava/lang/Object;Ljava/lang/Object;)Ljava/lang/Object;+52 java.base@21.0.10
j  java.lang.invoke.Invokers$Holder.invokeExact_MT(Ljava/lang/Object;Ljava/lang/Object;Ljava/lang/Object;Ljava/lang/Object;)Ljava/lang/Object;+20 java.base@21.0.10
j  jdk.internal.reflect.DirectMethodHandleAccessor.invokeImpl(Ljava/lang/Object;[Ljava/lang/Object;)Ljava/lang/Object;+55 java.base@21.0.10
j  jdk.internal.reflect.DirectMethodHandleAccessor.invoke(Ljava/lang/Object;[Ljava/lang/Object;)Ljava/lang/Object;+23 java.base@21.0.10
j  java.lang.reflect.Method.invoke(Ljava/lang/Object;[Ljava/lang/Object;)Ljava/lang/Object;+102 java.base@21.0.10
j  org.gradle.launcher.bootstrap.ProcessBootstrap.runNoExit(Ljava/lang/String;[Ljava/lang/String;)V+155
j  org.gradle.launcher.bootstrap.ProcessBootstrap.run(Ljava/lang/String;[Ljava/lang/String;)V+2
j  java.lang.invoke.DirectMethodHandle$Holder.invokeStatic(Ljava/lang/Object;Ljava/lang/Object;Ljava/lang/Object;)V+11 java.base@21.0.10
j  java.lang.invoke.LambdaForm$MH+0x00000001000c9c00.invoke(Ljava/lang/Object;Ljava/lang/Object;Ljava/lang/Object;Ljava/lang/Object;)Ljava/lang/Object;+54 java.base@21.0.10
j  java.lang.invoke.LambdaForm$MH+0x00000001000ca000.invokeExact_MT(Ljava/lang/Object;Ljava/lang/Object;Ljava/lang/Object;Ljava/lang/Object;Ljava/lang/Object;)Ljava/lang/Object;+22 java.base@21.0.10
j  jdk.internal.reflect.DirectMethodHandleAccessor.invokeImpl(Ljava/lang/Object;[Ljava/lang/Object;)Ljava/lang/Object;+72 java.base@21.0.10
j  jdk.internal.reflect.DirectMethodHandleAccessor.invoke(Ljava/lang/Object;[Ljava/lang/Object;)Ljava/lang/Object;+23 java.base@21.0.10
j  java.lang.reflect.Method.invoke(Ljava/lang/Object;[Ljava/lang/Object;)Ljava/lang/Object;+102 java.base@21.0.10
j  org.gradle.launcher.GradleMain.main([Ljava/lang/String;)V+100
j  java.lang.invoke.DirectMethodHandle$Holder.invokeStatic(Ljava/lang/Object;Ljava/lang/Object;)V+10 java.base@21.0.10
j  java.lang.invoke.LambdaForm$MH+0x00000001000c3c00.invoke(Ljava/lang/Object;Ljava/lang/Object;Ljava/lang/Object;)Ljava/lang/Object;+33 java.base@21.0.10
j  java.lang.invoke.Invokers$Holder.invokeExact_MT(Ljava/lang/Object;Ljava/lang/Object;Ljava/lang/Object;Ljava/lang/Object;)Ljava/lang/Object;+20 java.base@21.0.10
j  jdk.internal.reflect.DirectMethodHandleAccessor.invokeImpl(Ljava/lang/Object;[Ljava/lang/Object;)Ljava/lang/Object;+55 java.base@21.0.10
j  jdk.internal.reflect.DirectMethodHandleAccessor.invoke(Ljava/lang/Object;[Ljava/lang/Object;)Ljava/lang/Object;+23 java.base@21.0.10
j  java.lang.reflect.Method.invoke(Ljava/lang/Object;[Ljava/lang/Object;)Ljava/lang/Object;+102 java.base@21.0.10
j  org.gradle.wrapper.BootstrapMainStarter.start([Ljava/lang/String;Ljava/io/File;)V+82
j  org.gradle.wrapper.WrapperExecutor.execute([Ljava/lang/String;Lorg/gradle/wrapper/Install;Lorg/gradle/wrapper/BootstrapMainStarter;)V+14
j  org.gradle.wrapper.GradleWrapperMain.main([Ljava/lang/String;)V+190
v  ~StubRoutines::call_stub 0x000001d19e6a100d

Compiled method (n/a) 1795  858     n 0       java.lang.ClassLoader::defineClass1 (native)
 total in heap  [0x000001d19ec97510,0x000001d19ec97aa0] = 1424
 relocation     [0x000001d19ec97670,0x000001d19ec976a8] = 56
 main code      [0x000001d19ec976c0,0x000001d19ec97a99] = 985
 stub code      [0x000001d19ec97a99,0x000001d19ec97aa0] = 7

[Constant Pool (empty)]

[MachCode]
[Entry Point]
  # {method} {0x000001d1ab025040} 'defineClass1' '(Ljava/lang/ClassLoader;Ljava/lang/String;[BIILjava/security/ProtectionDomain;Ljava/lang/String;)Ljava/lang/Class;' in 'java/lang/ClassLoader'
  # parm0:    rdx:rdx   = 'java/lang/ClassLoader'
  # parm1:    r8:r8     = 'java/lang/String'
  # parm2:    r9:r9     = '[B'
  # parm3:    rdi       = int
  # parm4:    rsi       = int
  # parm5:    rcx:rcx   = 'java/security/ProtectionDomain'
  # parm6:    [sp+0xa0]   = 'java/lang/String'  (sp of caller)
  0x000001d19ec976c0: 448b 5208 | 49c1 e203 | 493b c20f | 8407 0000 

  0x000001d19ec976d0: ;   {runtime_call ic_miss_stub}
  0x000001d19ec976d0: 00e9 aa70 | a5ff 6690 
[Verified Entry Point]
  0x000001d19ec976d8: 8984 2400 | 80ff ff55 | 488b ec48 | 81ec 9000 | 0000 6690 | 4181 7f20 | 0100 0000 

  0x000001d19ec976f4: ;   {runtime_call StubRoutines (final stubs)}
  0x000001d19ec976f4: 7405 e805 | 40a4 ff48 | 837d 1000 | 488d 4510 | 480f 4445 | 1048 8944 | 2440 4889 | 4c24 7048 
  0x000001d19ec97714: 83f9 0048 | 8d44 2470 | 480f 4444 | 2470 4889 | 4424 3848 | 8974 2430 | 4889 7c24 | 284c 894c 
  0x000001d19ec97734: 2458 4983 | f900 488d | 4424 5848 | 0f44 4424 | 5848 8944 | 2420 4c89 | 4424 5049 | 83f8 004c 
  0x000001d19ec97754: 8d4c 2450 | 4c0f 444c | 2450 4889 | 5424 4848 | 83fa 004c | 8d44 2448 | 4c0f 4444 

  0x000001d19ec97770: ;   {oop(a 'java/lang/Class'{0x0000000082401898} = 'java/lang/ClassLoader')}
  0x000001d19ec97770: 2448 49be | 9818 4082 | 0000 0000 | 4c89 7424 | 784c 8d74 | 2478 498b | d6c5 f877 

  0x000001d19ec9778c: ;   {internal_word}
  0x000001d19ec9778c: 49ba 8977 | c99e d101 | 0000 4d89 | 97a8 0300 | 0049 89a7 | a003 0000 

  0x000001d19ec977a4: ;   {external_word}
  0x000001d19ec977a4: 49ba a8fa | bc55 fc7f | 0000 4180 | 3a00 0f84 | 4e00 0000 | 5241 5041 

  0x000001d19ec977bc: ;   {metadata({method} {0x000001d1ab025040} 'defineClass1' '(Ljava/lang/ClassLoader;Ljava/lang/String;[BIILjava/security/ProtectionDomain;Ljava/lang/String;)Ljava/lang/Class;' in 'java/lang/ClassLoader')}
  0x000001d19ec977bc: 5148 ba38 | 5002 abd1 | 0100 0049 | 8bcf 4883 | ec20 40f6 | c40f 0f84 | 1900 0000 | 4883 ec08 
  0x000001d19ec977dc: ;   {runtime_call}
  0x000001d19ec977dc: 48b8 30e9 | 7655 fc7f | 0000 ffd0 | 4883 c408 | e90c 0000 

  0x000001d19ec977f0: ;   {runtime_call}
  0x000001d19ec977f0: 0048 b830 | e976 55fc | 7f00 00ff | d048 83c4 | 2041 5941 | 585a 498d | 8fc0 0300 | 0041 c787 
  0x000001d19ec97810: 4c04 0000 | 0400 0000 

  0x000001d19ec97818: ;   {runtime_call}
  0x000001d19ec97818: 48b8 ac16 | bc98 fc7f | 0000 ffd0 | c5f8 7741 | c787 4c04 | 0000 0500 | 0000 f083 | 4424 c000 
  0x000001d19ec97838: 493b af50 | 0400 000f | 870e 0000 | 0041 83bf | 4804 0000 | 000f 842b | 0000 00c5 | f877 4889 
  0x000001d19ec97858: 45f8 498b | cf4c 8be4 | 4883 ec20 | 4883 e4f0 

  0x000001d19ec97868: ;   {runtime_call}
  0x000001d19ec97868: 48b8 e01e | 4255 fc7f | 0000 ffd0 | 498b e44d | 33e4 488b | 45f8 41c7 | 874c 0400 | 0008 0000 
  0x000001d19ec97888: 0041 83bf | c804 0000 | 020f 84d5 

  0x000001d19ec97894: ;   {external_word}
  0x000001d19ec97894: 0100 0049 | baa8 fabc | 55fc 7f00 | 0041 803a | 000f 844c | 0000 0048 

  0x000001d19ec978ac: ;   {metadata({method} {0x000001d1ab025040} 'defineClass1' '(Ljava/lang/ClassLoader;Ljava/lang/String;[BIILjava/security/ProtectionDomain;Ljava/lang/String;)Ljava/lang/Class;' in 'java/lang/ClassLoader')}
  0x000001d19ec978ac: 8945 f848 | ba38 5002 | abd1 0100 | 0049 8bcf | 4883 ec20 | 40f6 c40f | 0f84 1900 | 0000 4883 
  0x000001d19ec978cc: ;   {runtime_call}
  0x000001d19ec978cc: ec08 48b8 | 30e9 7655 | fc7f 0000 | ffd0 4883 | c408 e90c 

  0x000001d19ec978e0: ;   {runtime_call}
  0x000001d19ec978e0: 0000 0048 | b830 e976 | 55fc 7f00 | 00ff d048 | 83c4 2048 | 8b45 f849 | c787 a003 | 0000 0000 
  0x000001d19ec97900: 0000 49c7 | 87a8 0300 | 0000 0000 | 00c5 f877 | 4885 c00f | 8430 0100 | 00a8 030f | 8508 0000 
  0x000001d19ec97920: 0048 8b00 | e920 0100 | 00a8 010f | 8509 0000 | 0048 8b40 | fee9 0f01 | 0000 488b | 40ff 4180 
  0x000001d19ec97940: 7f40 000f | 8400 0100 | 0048 83f8 | 000f 84f6 | 0000 0049 | 8b4f 2848 | 83f9 000f | 8414 0000 
  0x000001d19ec97960: 0048 83e9 | 0849 894f | 2849 034f | 3848 8901 | e9d4 0000 | 0048 83ec | 7048 8904 | 2448 894c 
  0x000001d19ec97980: 2408 4889 | 5424 104c | 8944 2418 | 4c89 4c24 | 204c 8954 | 2428 4c89 | 5c24 30c5 | fb11 4424 
  0x000001d19ec979a0: 40c5 fb11 | 4c24 48c5 | fb11 5424 | 50c5 fb11 | 5c24 58c5 | fb11 6424 | 60c5 fb11 | 6c24 6849 
  0x000001d19ec979c0: 8bd7 488b | c848 83ec | 2040 f6c4 | 0f0f 8419 | 0000 0048 

  0x000001d19ec979d4: ;   {runtime_call}
  0x000001d19ec979d4: 83ec 0848 | b800 2a35 | 55fc 7f00 | 00ff d048 | 83c4 08e9 | 0c00 0000 

  0x000001d19ec979ec: ;   {runtime_call}
  0x000001d19ec979ec: 48b8 002a | 3555 fc7f | 0000 ffd0 | 4883 c420 | c5fb 106c | 2468 c5fb | 1064 2460 | c5fb 105c 
  0x000001d19ec97a0c: 2458 c5fb | 1054 2450 | c5fb 104c | 2448 c5fb | 1044 2440 | 4c8b 5c24 | 304c 8b54 | 2428 4c8b 
  0x000001d19ec97a2c: 4c24 204c | 8b44 2418 | 488b 5424 | 1048 8b4c | 2408 488b | 0424 4883 | c470 c5f8 | 7749 8b8f 
  0x000001d19ec97a4c: 3004 0000 | c781 0001 | 0000 0000 | 0000 c949 | 837f 0800 | 0f85 0100 

  0x000001d19ec97a64: ;   {runtime_call StubRoutines (initial stubs)}
  0x000001d19ec97a64: 0000 c3e9 | 9494 a0ff | c5f8 7748 | 8945 f84c | 8be4 4883 | ec20 4883 

  0x000001d19ec97a7c: ;   {runtime_call}
  0x000001d19ec97a7c: e4f0 48b8 | 8020 7755 | fc7f 0000 | ffd0 498b | e44d 33e4 | 488b 45f8 | e9fe fdff | fff4 f4f4 
  0x000001d19ec97a9c: f4f4 f4f4 
[/MachCode]


Compiled method (c1) 1835 1201       3       java.lang.ClassLoader::defineClass (43 bytes)
 total in heap  [0x000001d1973a7310,0x000001d1973a7c78] = 2408
 relocation     [0x000001d1973a7470,0x000001d1973a7510] = 160
 main code      [0x000001d1973a7520,0x000001d1973a79b0] = 1168
 stub code      [0x000001d1973a79b0,0x000001d1973a7a28] = 120
 metadata       [0x000001d1973a7a28,0x000001d1973a7a68] = 64
 scopes data    [0x000001d1973a7a68,0x000001d1973a7b58] = 240
 scopes pcs     [0x000001d1973a7b58,0x000001d1973a7c38] = 224
 dependencies   [0x000001d1973a7c38,0x000001d1973a7c50] = 24
 nul chk table  [0x000001d1973a7c50,0x000001d1973a7c78] = 40

[Constant Pool (empty)]

[MachCode]
[Entry Point]
  # {method} {0x000001d1ab024e60} 'defineClass' '(Ljava/lang/String;[BIILjava/security/ProtectionDomain;)Ljava/lang/Class;' in 'java/lang/ClassLoader'
  # this:     rdx:rdx   = 'java/lang/ClassLoader'
  # parm0:    r8:r8     = 'java/lang/String'
  # parm1:    r9:r9     = '[B'
  # parm2:    rdi       = int
  # parm3:    rsi       = int
  # parm4:    rcx:rcx   = 'java/security/ProtectionDomain'
  #           [sp+0xc0]  (sp of caller)
  0x000001d1973a7520: 448b 5208 | 49c1 e203 

  0x000001d1973a7528: ;   {runtime_call ic_miss_stub}
  0x000001d1973a7528: 4c3b d00f | 854f 7234 | 0766 6666 | 0f1f 8400 | 0000 0000 | 6666 6690 
[Verified Entry Point]
  0x000001d1973a7540: 8984 2400 | 80ff ff55 | 4881 ecb0 | 0000 0090 | 4181 7f20 | 0100 0000 

  0x000001d1973a7558: ;   {runtime_call StubRoutines (final stubs)}
  0x000001d1973a7558: 7405 e8a1 | 4133 0748 | 8954 2478 

  0x000001d1973a7564: ;   {metadata(method data for {method} {0x000001d1ab024e60} 'defineClass' '(Ljava/lang/String;[BIILjava/security/ProtectionDomain;)Ljava/lang/Class;' in 'java/lang/ClassLoader')}
  0x000001d1973a7564: 48bb 489a | b1ab d101 | 0000 8b83 | cc00 0000 | 83c0 0289 | 83cc 0000 | 0025 fe07 | 0000 85c0 
  0x000001d1973a7584: 0f84 4803 | 0000 89b4 | 2494 0000 | 0089 bc24 | 9000 0000 | 4c89 8c24 | 8800 0000 

  0x000001d1973a75a0: ;   {metadata(method data for {method} {0x000001d1ab024e60} 'defineClass' '(Ljava/lang/String;[BIILjava/security/ProtectionDomain;)Ljava/lang/Class;' in 'java/lang/ClassLoader')}
  0x000001d1973a75a0: 488b da48 | b848 9ab1 | abd1 0100 | 0048 8380 | 1001 0000 | 0149 8bd8 | 4c8b c34c | 8bc9 488b 
  0x000001d1973a75c0: ca48 8bd1 | 4889 9c24 | 8000 0000 

  0x000001d1973a75cc: ;   {optimized virtual_call}
  0x000001d1973a75cc: 6666 90e8 

  0x000001d1973a75d0: ; ImmutableOopMap {[120]=Oop [128]=Oop [136]=Oop }
                      ;*invokevirtual preDefineClass {reexecute=0 rethrow=0 return_oop=0}
                      ; - java.lang.ClassLoader::defineClass@4
  0x000001d1973a75d0: 4cca feff 

  0x000001d1973a75d4: ;   {other}
  0x000001d1973a75d4: 0f1f 8400 | c402 0000 | 4889 8424 | 9800 0000 | 488b 5424 

  0x000001d1973a75e8: ;   {metadata(method data for {method} {0x000001d1ab024e60} 'defineClass' '(Ljava/lang/String;[BIILjava/security/ProtectionDomain;)Ljava/lang/Class;' in 'java/lang/ClassLoader')}
  0x000001d1973a75e8: 7849 b848 | 9ab1 abd1 | 0100 0049 | 8380 4801 

  0x000001d1973a75f8: ;   {metadata(method data for {method} {0x000001d1ab024c80} 'defineClassSourceLocation' '(Ljava/security/ProtectionDomain;)Ljava/lang/String;' in 'java/lang/ClassLoader')}
  0x000001d1973a75f8: 0000 0149 | b850 b2b1 | abd1 0100 | 0041 8b90 | cc00 0000 | 83c2 0241 | 8990 cc00 | 0000 81e2 
  0x000001d1973a7618: feff 1f00 | 85d2 0f84 | cf02 0000 

  0x000001d1973a7624: ; implicit exception: dispatches to 0x000001d1973a7914
  0x000001d1973a7624: 483b 004c 

  0x000001d1973a7628: ;   {metadata(method data for {method} {0x000001d1ab024c80} 'defineClassSourceLocation' '(Ljava/security/ProtectionDomain;)Ljava/lang/String;' in 'java/lang/ClassLoader')}
  0x000001d1973a7628: 8bc0 48ba | 50b2 b1ab | d101 0000 | 4883 8210 | 0100 0001 | 448b 4010 

  0x000001d1973a7640: ;   {metadata(method data for {method} {0x000001d1ab024c80} 'defineClassSourceLocation' '(Ljava/security/ProtectionDomain;)Ljava/lang/String;' in 'java/lang/ClassLoader')}
  0x000001d1973a7640: 4d85 c048 | ba50 b2b1 | abd1 0100 | 0048 c7c6 | 5801 0000 | 7507 48c7 | c648 0100 | 0048 8b3c 
  0x000001d1973a7660: 3248 8d7f | 0148 893c | 320f 850f 

  0x000001d1973a766c: ;   {oop(nullptr)}
  0x000001d1973a766c: 0000 0048 | bb00 0000 | 0000 0000 | 00e9 9901 | 0000 493b | 0049 8bd0 

  0x000001d1973a7684: ;   {metadata(method data for {method} {0x000001d1ab024c80} 'defineClassSourceLocation' '(Ljava/security/ProtectionDomain;)Ljava/lang/String;' in 'java/lang/ClassLoader')}
  0x000001d1973a7684: 48be 50b2 | b1ab d101 | 0000 4883 | 8668 0100 | 0001 418b | 500c 4885 

  0x000001d1973a769c: ;   {metadata(method data for {method} {0x000001d1ab024c80} 'defineClassSourceLocation' '(Ljava/security/ProtectionDomain;)Ljava/lang/String;' in 'java/lang/ClassLoader')}
  0x000001d1973a769c: d248 be50 | b2b1 abd1 | 0100 0048 | c7c7 b001 | 0000 7507 | 48c7 c7a0 | 0100 0048 | 8b1c 3e48 
  0x000001d1973a76bc: 8d5b 0148 | 891c 3e0f | 850f 0000 

  0x000001d1973a76c8: ;   {oop(nullptr)}
  0x000001d1973a76c8: 0048 bb00 | 0000 0000 | 0000 00e9 | 3f01 0000 

  0x000001d1973a76d8: ;   {metadata(method data for {method} {0x000001d1ab024c80} 'defineClassSourceLocation' '(Ljava/security/ProtectionDomain;)Ljava/lang/String;' in 'java/lang/ClassLoader')}
  0x000001d1973a76d8: 48be 50b2 | b1ab d101 | 0000 4883 | 86c0 0100 | 0001 483b | 024c 8bc2 

  0x000001d1973a76f0: ;   {metadata(method data for {method} {0x000001d1ab024c80} 'defineClassSourceLocation' '(Ljava/security/ProtectionDomain;)Ljava/lang/String;' in 'java/lang/ClassLoader')}
  0x000001d1973a76f0: 48be 50b2 | b1ab d101 | 0000 4883 | 86f8 0100 

  0x000001d1973a7700: ;   {metadata(method data for {method} {0x000001d1ab0f5d98} 'toString' '()Ljava/lang/String;' in 'java/net/URL')}
  0x000001d1973a7700: 0001 49b8 | 70be 92ab | d101 0000 | 418b b0cc | 0000 0083 | c602 4189 | b0cc 0000 | 0081 e6fe 
  0x000001d1973a7720: ff1f 0085 | f60f 84f8 | 0100 004c 

  0x000001d1973a772c: ;   {metadata(method data for {method} {0x000001d1ab0f5d98} 'toString' '()Ljava/lang/String;' in 'java/net/URL')}
  0x000001d1973a772c: 8bc2 48be | 70be 92ab | d101 0000 | 4883 8610 | 0100 0001 

  0x000001d1973a7740: ;   {metadata(method data for {method} {0x000001d1ab0f5e50} 'toExternalForm' '()Ljava/lang/String;' in 'java/net/URL')}
  0x000001d1973a7740: 49b8 f8bf | 92ab d101 | 0000 418b | b0cc 0000 | 0083 c602 | 4189 b0cc | 0000 0081 | e6fe ff1f 
  0x000001d1973a7760: 0085 f60f | 84db 0100 | 008b 7238 

  0x000001d1973a776c: ; implicit exception: dispatches to 0x000001d1973a7965
  0x000001d1973a776c: 483b 064c 

  0x000001d1973a7770: ;   {metadata(method data for {method} {0x000001d1ab0f5e50} 'toExternalForm' '()Ljava/lang/String;' in 'java/net/URL')}
  0x000001d1973a7770: 8bc6 48bf | f8bf 92ab | d101 0000 | 458b 4008 | 49c1 e003 | 4c3b 8720 | 0100 0075 | 0d48 8387 
  0x000001d1973a7790: 2801 0000 | 01e9 6000 | 0000 4c3b | 8730 0100 | 0075 0d48 | 8387 3801 | 0000 01e9 | 4a00 0000 
  0x000001d1973a77b0: 4883 bf20 | 0100 0000 | 7517 4c89 | 8720 0100 | 0048 c787 | 2801 0000 | 0100 0000 | e929 0000 
  0x000001d1973a77d0: 0048 83bf | 3001 0000 | 0075 174c | 8987 3001 | 0000 48c7 | 8738 0100 | 0001 0000 | 00e9 0800 
  0x000001d1973a77f0: 0000 4883 | 8710 0100 | 0001 4c8b | c248 8bd6 | 0f1f 8000 

  0x000001d1973a7804: ;   {optimized virtual_call}
  0x000001d1973a7804: 0000 00e8 

  0x000001d1973a7808: ; ImmutableOopMap {[120]=Oop [128]=Oop [136]=Oop [152]=Oop }
                      ;*invokevirtual toExternalForm {reexecute=0 rethrow=0 return_oop=0}
                      ; - java.net.URL::toExternalForm@5
                      ; - java.net.URL::toString@1
                      ; - java.lang.ClassLoader::defineClassSourceLocation@22
                      ; - java.lang.ClassLoader::defineClass@12
  0x000001d1973a7808: 1446 f9ff 

  0x000001d1973a780c: ;   {other}
  0x000001d1973a780c: 0f1f 8400 | fc04 0001 | 488b d848 | 8b84 2498 | 0000 008b | b424 9400 | 0000 8bbc | 2490 0000 
  0x000001d1973a782c: 004c 8b8c | 2488 0000 | 004c 8b84 | 2480 0000 | 0048 8b54 

  0x000001d1973a7840: ;   {metadata(method data for {method} {0x000001d1ab024e60} 'defineClass' '(Ljava/lang/String;[BIILjava/security/ProtectionDomain;)Ljava/lang/Class;' in 'java/lang/ClassLoader')}
  0x000001d1973a7840: 2478 48b9 | 489a b1ab | d101 0000 | 4883 8180 | 0100 0001 | 4c8b da49 | 8bd3 488b | c848 891c 
  0x000001d1973a7860: 2466 0f1f 

  0x000001d1973a7864: ;   {static_call}
  0x000001d1973a7864: 4400 00e8 

  0x000001d1973a7868: ; ImmutableOopMap {[120]=Oop [152]=Oop }
                      ;*invokestatic defineClass1 {reexecute=0 rethrow=0 return_oop=0}
                      ; - java.lang.ClassLoader::defineClass@27
  0x000001d1973a7868: 6cfe 8e07 

  0x000001d1973a786c: ;   {other}
  0x000001d1973a786c: 0f1f 8400 | 5c05 0002 | 488b 5424 

  0x000001d1973a7878: ;   {metadata(method data for {method} {0x000001d1ab024e60} 'defineClass' '(Ljava/lang/String;[BIILjava/security/ProtectionDomain;)Ljava/lang/Class;' in 'java/lang/ClassLoader')}
  0x000001d1973a7878: 7849 b848 | 9ab1 abd1 | 0100 0049 | 8380 9001 | 0000 014c | 8bc0 4c8b | 8c24 9800 | 0000 488b 
  0x000001d1973a7898: 5424 7848 | 8984 24a0 | 0000 000f 

  0x000001d1973a78a4: ;   {optimized virtual_call}
  0x000001d1973a78a4: 1f40 00e8 

  0x000001d1973a78a8: ; ImmutableOopMap {[160]=Oop }
                      ;*invokevirtual postDefineClass {reexecute=0 rethrow=0 return_oop=0}
                      ; - java.lang.ClassLoader::defineClass@37
  0x000001d1973a78a8: f4fe feff 

  0x000001d1973a78ac: ;   {other}
  0x000001d1973a78ac: 0f1f 8400 | 9c05 0003 | 488b 8424 | a000 0000 | 4881 c4b0 | 0000 005d 

  0x000001d1973a78c4: ;   {poll_return}
  0x000001d1973a78c4: 493b a750 | 0400 000f | 8799 0000 

  0x000001d1973a78d0: ;   {metadata({method} {0x000001d1ab024e60} 'defineClass' '(Ljava/lang/String;[BIILjava/security/ProtectionDomain;)Ljava/lang/Class;' in 'java/lang/ClassLoader')}
  0x000001d1973a78d0: 00c3 49ba | 584e 02ab | d101 0000 | 4c89 5424 | 0848 c704 | 24ff ffff 

  0x000001d1973a78e8: ;   {runtime_call counter_overflow Runtime1 stub}
  0x000001d1973a78e8: ffe8 1223 

  0x000001d1973a78ec: ; ImmutableOopMap {rdx=Oop r8=Oop r9=Oop rcx=Oop [120]=Oop }
                      ;*synchronization entry
                      ; - java.lang.ClassLoader::defineClass@-1
  0x000001d1973a78ec: 4007 e997 

  0x000001d1973a78f0: ;   {metadata({method} {0x000001d1ab024c80} 'defineClassSourceLocation' '(Ljava/security/ProtectionDomain;)Ljava/lang/String;' in 'java/lang/ClassLoader')}
  0x000001d1973a78f0: fcff ff49 | ba78 4c02 | abd1 0100 | 004c 8954 | 2408 48c7 | 0424 ffff 

  0x000001d1973a7908: ;   {runtime_call counter_overflow Runtime1 stub}
  0x000001d1973a7908: ffff e8f1 

  0x000001d1973a790c: ; ImmutableOopMap {rax=Oop [120]=Oop [128]=Oop [136]=Oop [152]=Oop }
                      ;*synchronization entry
                      ; - java.lang.ClassLoader::defineClassSourceLocation@-1
                      ; - java.lang.ClassLoader::defineClass@12
  0x000001d1973a790c: 2240 07e9 | 10fd ffff 

  0x000001d1973a7914: ;   {runtime_call throw_null_pointer_exception Runtime1 stub}
  0x000001d1973a7914: e8e7 d13f 

  0x000001d1973a7918: ; ImmutableOopMap {rax=Oop [120]=Oop [128]=Oop [136]=Oop [152]=Oop }
                      ;*invokevirtual getCodeSource {reexecute=0 rethrow=0 return_oop=0}
                      ; - java.lang.ClassLoader::defineClassSourceLocation@1
                      ; - java.lang.ClassLoader::defineClass@12
                      ;   {runtime_call throw_null_pointer_exception Runtime1 stub}
  0x000001d1973a7918: 07e8 e2d1 

  0x000001d1973a791c: ; ImmutableOopMap {rax=Oop r8=Oop [120]=Oop [128]=Oop [136]=Oop [152]=Oop }
                      ;*invokevirtual getLocation {reexecute=0 rethrow=0 return_oop=0}
                      ; - java.lang.ClassLoader::defineClassSourceLocation@12
                      ; - java.lang.ClassLoader::defineClass@12
                      ;   {runtime_call throw_null_pointer_exception Runtime1 stub}
  0x000001d1973a791c: 3f07 e8dd 

  0x000001d1973a7920: ; ImmutableOopMap {rdx=Oop [120]=Oop [128]=Oop [136]=Oop [152]=Oop }
                      ;*invokevirtual toString {reexecute=0 rethrow=0 return_oop=0}
                      ; - java.lang.ClassLoader::defineClassSourceLocation@22
                      ; - java.lang.ClassLoader::defineClass@12
                      ;   {metadata({method} {0x000001d1ab0f5d98} 'toString' '()Ljava/lang/String;' in 'java/net/URL')}
  0x000001d1973a7920: d13f 0749 | ba90 5d0f | abd1 0100 | 004c 8954 | 2408 48c7 | 0424 ffff 

  0x000001d1973a7938: ;   {runtime_call counter_overflow Runtime1 stub}
  0x000001d1973a7938: ffff e8c1 

  0x000001d1973a793c: ; ImmutableOopMap {rdx=Oop [120]=Oop [128]=Oop [136]=Oop [152]=Oop }
                      ;*synchronization entry
                      ; - java.net.URL::toString@-1
                      ; - java.lang.ClassLoader::defineClassSourceLocation@22
                      ; - java.lang.ClassLoader::defineClass@12
  0x000001d1973a793c: 2240 07e9 | e7fd ffff 

  0x000001d1973a7944: ;   {metadata({method} {0x000001d1ab0f5e50} 'toExternalForm' '()Ljava/lang/String;' in 'java/net/URL')}
  0x000001d1973a7944: 49ba 485e | 0fab d101 | 0000 4c89 | 5424 0848 | c704 24ff 

  0x000001d1973a7958: ;   {runtime_call counter_overflow Runtime1 stub}
  0x000001d1973a7958: ffff ffe8 

  0x000001d1973a795c: ; ImmutableOopMap {rdx=Oop [120]=Oop [128]=Oop [136]=Oop [152]=Oop }
                      ;*synchronization entry
                      ; - java.net.URL::toExternalForm@-1
                      ; - java.net.URL::toString@1
                      ; - java.lang.ClassLoader::defineClassSourceLocation@22
                      ; - java.lang.ClassLoader::defineClass@12
  0x000001d1973a795c: a022 4007 | e904 feff 

  0x000001d1973a7964: ;   {runtime_call throw_null_pointer_exception Runtime1 stub}
  0x000001d1973a7964: ffe8 96d1 

  0x000001d1973a7968: ; ImmutableOopMap {rdx=Oop rsi=Oop [120]=Oop [128]=Oop [136]=Oop [152]=Oop }
                      ;*invokevirtual toExternalForm {reexecute=0 rethrow=0 return_oop=0}
                      ; - java.net.URL::toExternalForm@5
                      ; - java.net.URL::toString@1
                      ; - java.lang.ClassLoader::defineClassSourceLocation@22
                      ; - java.lang.ClassLoader::defineClass@12
                      ;   {internal_word}
  0x000001d1973a7968: 3f07 49ba | c478 3a97 | d101 0000 | 4d89 9768 

  0x000001d1973a7978: ;   {runtime_call SafepointBlob}
  0x000001d1973a7978: 0400 00e9 | 80da 3407 | 498b 8700 | 0500 0049 | c787 0005 | 0000 0000 | 0000 49c7 | 8708 0500 
  0x000001d1973a7998: 0000 0000 | 0048 81c4 | b000 0000 

  0x000001d1973a79a4: ;   {runtime_call unwind_exception Runtime1 stub}
  0x000001d1973a79a4: 5de9 56c2 | 3f07 f4f4 | f4f4 f4f4 
[Stub Code]
  0x000001d1973a79b0: ;   {no_reloc}
  0x000001d1973a79b0: 0f1f 4400 

  0x000001d1973a79b4: ;   {static_stub}
  0x000001d1973a79b4: 0048 bb00 | 0000 0000 

  0x000001d1973a79bc: ;   {runtime_call nmethod}
  0x000001d1973a79bc: 0000 00e9 | fbff ffff 

  0x000001d1973a79c4: ;   {static_stub}
  0x000001d1973a79c4: 48bb 0000 | 0000 0000 

  0x000001d1973a79cc: ;   {runtime_call nmethod}
  0x000001d1973a79cc: 0000 e9fb 

  0x000001d1973a79d0: ;   {static_stub}
  0x000001d1973a79d0: ffff ff48 | bb00 0000 | 0000 0000 

  0x000001d1973a79dc: ;   {runtime_call nmethod}
  0x000001d1973a79dc: 00e9 fbff 

  0x000001d1973a79e0: ;   {static_stub}
  0x000001d1973a79e0: ffff 48bb | 0000 0000 | 0000 0000 

  0x000001d1973a79ec: ;   {runtime_call nmethod}
  0x000001d1973a79ec: e9fb ffff 

  0x000001d1973a79f0: ;   {runtime_call handle_exception_from_callee Runtime1 stub}
  0x000001d1973a79f0: ffe8 0aef 

  0x000001d1973a79f4: ;   {external_word}
  0x000001d1973a79f4: 3f07 48b9 | d061 9755 | fc7f 0000 | 4883 e4f0 

  0x000001d1973a7a04: ;   {runtime_call}
  0x000001d1973a7a04: 48b8 90db | 6555 fc7f | 0000 ffd0 

  0x000001d1973a7a10: ;   {section_word}
  0x000001d1973a7a10: f449 ba11 | 7a3a 97d1 | 0100 0041 

  0x000001d1973a7a1c: ;   {runtime_call DeoptimizationBlob}
  0x000001d1973a7a1c: 52e9 7ecc | 3407 f4f4 | f4f4 f4f4 
[/MachCode]


Compiled method (c1) 1886 1156       3       java.security.SecureClassLoader::defineClass (16 bytes)
 total in heap  [0x000001d197390c10,0x000001d197391010] = 1024
 relocation     [0x000001d197390d70,0x000001d197390dc0] = 80
 main code      [0x000001d197390dc0,0x000001d197390f18] = 344
 stub code      [0x000001d197390f18,0x000001d197390f68] = 80
 metadata       [0x000001d197390f68,0x000001d197390f70] = 8
 scopes data    [0x000001d197390f70,0x000001d197390fb8] = 72
 scopes pcs     [0x000001d197390fb8,0x000001d197391008] = 80
 dependencies   [0x000001d197391008,0x000001d197391010] = 8

[Constant Pool (empty)]

[MachCode]
[Entry Point]
  # {method} {0x000001d1ab03d7b0} 'defineClass' '(Ljava/lang/String;[BIILjava/security/CodeSource;)Ljava/lang/Class;' in 'java/security/SecureClassLoader'
  # this:     rdx:rdx   = 'java/security/SecureClassLoader'
  # parm0:    r8:r8     = 'java/lang/String'
  # parm1:    r9:r9     = '[B'
  # parm2:    rdi       = int
  # parm3:    rsi       = int
  # parm4:    rcx:rcx   = 'java/security/CodeSource'
  #           [sp+0x80]  (sp of caller)
  0x000001d197390dc0: 448b 5208 | 49c1 e203 

  0x000001d197390dc8: ;   {runtime_call ic_miss_stub}
  0x000001d197390dc8: 4c3b d00f | 85af d935 | 0766 6666 | 0f1f 8400 | 0000 0000 | 6666 6690 
[Verified Entry Point]
  0x000001d197390de0: 8984 2400 | 80ff ff55 | 4883 ec70 | 4181 7f20 | 0100 0000 

  0x000001d197390df4: ;   {runtime_call StubRoutines (final stubs)}
  0x000001d197390df4: 7405 e805 

  0x000001d197390df8: ;   {metadata(method data for {method} {0x000001d1ab03d7b0} 'defineClass' '(Ljava/lang/String;[BIILjava/security/CodeSource;)Ljava/lang/Class;' in 'java/security/SecureClassLoader')}
  0x000001d197390df8: a934 0748 | bb70 4d8e | abd1 0100 | 008b 83cc | 0000 0083 | c002 8983 | cc00 0000 | 25fe 0700 
  0x000001d197390e18: 0085 c00f | 8496 0000 | 0089 7424 | 5c89 7c24 | 584c 894c | 2450 4c89 | 4424 4848 

  0x000001d197390e34: ;   {metadata(method data for {method} {0x000001d1ab03d7b0} 'defineClass' '(Ljava/lang/String;[BIILjava/security/CodeSource;)Ljava/lang/Class;' in 'java/security/SecureClassLoader')}
  0x000001d197390e34: 8bda 48b8 | 704d 8eab | d101 0000 | 4883 8010 | 0100 0001 | 4c8b c148 | 8bc2 488b | d048 8944 
  0x000001d197390e54: ;   {optimized virtual_call}
  0x000001d197390e54: 2440 90e8 

  0x000001d197390e58: ; ImmutableOopMap {[64]=Oop [72]=Oop [80]=Oop }
                      ;*invokevirtual getProtectionDomain {reexecute=0 rethrow=0 return_oop=0}
                      ; - java.security.SecureClassLoader::defineClass@9
  0x000001d197390e58: 445c 0100 

  0x000001d197390e5c: ;   {other}
  0x000001d197390e5c: 0f1f 8400 | 4c02 0000 | 488b 5424 

  0x000001d197390e68: ;   {metadata(method data for {method} {0x000001d1ab03d7b0} 'defineClass' '(Ljava/lang/String;[BIILjava/security/CodeSource;)Ljava/lang/Class;' in 'java/security/SecureClassLoader')}
  0x000001d197390e68: 4049 b870 | 4d8e abd1 | 0100 0049 | 8380 4801 | 0000 014c | 8b44 2448 | 4c8b 4c24 | 508b 7c24 
  0x000001d197390e88: 588b 7424 | 5c48 8bc8 | 488b 5424 

  0x000001d197390e94: ;   {optimized virtual_call}
  0x000001d197390e94: 4066 90e8 

  0x000001d197390e98: ; ImmutableOopMap {}
                      ;*invokevirtual defineClass {reexecute=0 rethrow=0 return_oop=0}
                      ; - java.security.SecureClassLoader::defineClass@12
  0x000001d197390e98: a466 0100 

  0x000001d197390e9c: ;   {other}
  0x000001d197390e9c: 0f1f 8400 | 8c02 0001 | 4883 c470 

  0x000001d197390ea8: ;   {poll_return}
  0x000001d197390ea8: 5d49 3ba7 | 5004 0000 | 0f87 2200 

  0x000001d197390eb4: ;   {metadata({method} {0x000001d1ab03d7b0} 'defineClass' '(Ljava/lang/String;[BIILjava/security/CodeSource;)Ljava/lang/Class;' in 'java/security/SecureClassLoader')}
  0x000001d197390eb4: 0000 c349 | baa8 d703 | abd1 0100 | 004c 8954 | 2408 48c7 | 0424 ffff 

  0x000001d197390ecc: ;   {runtime_call counter_overflow Runtime1 stub}
  0x000001d197390ecc: ffff e82d 

  0x000001d197390ed0: ; ImmutableOopMap {rdx=Oop r8=Oop r9=Oop rcx=Oop }
                      ;*synchronization entry
                      ; - java.security.SecureClassLoader::defineClass@-1
  0x000001d197390ed0: 8d41 07e9 | 49ff ffff 

  0x000001d197390ed8: ;   {internal_word}
  0x000001d197390ed8: 49ba a90e | 3997 d101 | 0000 4d89 | 9768 0400 

  0x000001d197390ee8: ;   {runtime_call SafepointBlob}
  0x000001d197390ee8: 00e9 1245 | 3607 498b | 8700 0500 | 0049 c787 | 0005 0000 | 0000 0000 | 49c7 8708 | 0500 0000 
  0x000001d197390f08: 0000 0048 | 83c4 705d 

  0x000001d197390f10: ;   {runtime_call unwind_exception Runtime1 stub}
  0x000001d197390f10: e9eb 2c41 | 07f4 f4f4 
[Stub Code]
  0x000001d197390f18: ;   {no_reloc}
  0x000001d197390f18: 48bb e0d9 | 03ab d101 

  0x000001d197390f20: ;   {runtime_call I2C/C2I adapters}
  0x000001d197390f20: 0000 e937 

  0x000001d197390f24: ;   {static_stub}
  0x000001d197390f24: 3036 0748 | bb58 4e02 | abd1 0100 

  0x000001d197390f30: ;   {runtime_call I2C/C2I adapters}
  0x000001d197390f30: 00e9 361f 

  0x000001d197390f34: ;   {runtime_call handle_exception_from_callee Runtime1 stub}
  0x000001d197390f34: 3507 e8c5 

  0x000001d197390f38: ;   {external_word}
  0x000001d197390f38: 5941 0748 | b9d0 6197 | 55fc 7f00 | 0048 83e4 

  0x000001d197390f48: ;   {runtime_call}
  0x000001d197390f48: f048 b890 | db65 55fc | 7f00 00ff 

  0x000001d197390f54: ;   {section_word}
  0x000001d197390f54: d0f4 49ba | 560f 3997 | d101 0000 

  0x000001d197390f60: ;   {runtime_call DeoptimizationBlob}
  0x000001d197390f60: 4152 e939 | 3736 07f4 
[/MachCode]


---------------  P R O C E S S  ---------------

Threads class SMR info:
_java_thread_list=0x000001d1afefb210, length=13, elements={
0x000001d1940033b0, 0x000001d1af02e930, 0x000001d1af031670, 0x000001d1af0320d0,
0x000001d1af053ba0, 0x000001d1af054210, 0x000001d1af054c70, 0x000001d1af0556d0,
0x000001d1af05bf00, 0x000001d1af06ecf0, 0x000001d1af2174b0, 0x000001d1af5ad1d0,
0x000001d1aff58c30
}

Java Threads: ( => current thread )
=>0x000001d1940033b0 JavaThread "main"                              [_thread_in_vm, id=12360, stack(0x0000000c07800000,0x0000000c07900000) (1024K)]
  0x000001d1af02e930 JavaThread "Common-Cleaner"             daemon [_thread_blocked, id=17700, stack(0x0000000c08000000,0x0000000c08100000) (1024K)]
  0x000001d1af031670 JavaThread "Reference Handler"          daemon [_thread_blocked, id=17212, stack(0x0000000c08100000,0x0000000c08200000) (1024K)]
  0x000001d1af0320d0 JavaThread "Finalizer"                  daemon [_thread_blocked, id=17392, stack(0x0000000c08200000,0x0000000c08300000) (1024K)]
  0x000001d1af053ba0 JavaThread "Signal Dispatcher"          daemon [_thread_blocked, id=15832, stack(0x0000000c08300000,0x0000000c08400000) (1024K)]
  0x000001d1af054210 JavaThread "Attach Listener"            daemon [_thread_blocked, id=17660, stack(0x0000000c08400000,0x0000000c08500000) (1024K)]
  0x000001d1af054c70 JavaThread "Service Thread"             daemon [_thread_blocked, id=17920, stack(0x0000000c08500000,0x0000000c08600000) (1024K)]
  0x000001d1af0556d0 JavaThread "Monitor Deflation Thread"   daemon [_thread_blocked, id=16888, stack(0x0000000c08600000,0x0000000c08700000) (1024K)]
  0x000001d1af05bf00 JavaThread "C2 CompilerThread0"         daemon [_thread_blocked, id=16748, stack(0x0000000c08700000,0x0000000c08800000) (1024K)]
  0x000001d1af06ecf0 JavaThread "C1 CompilerThread0"         daemon [_thread_blocked, id=14868, stack(0x0000000c08800000,0x0000000c08900000) (1024K)]
  0x000001d1af2174b0 JavaThread "Notification Thread"        daemon [_thread_blocked, id=15576, stack(0x0000000c08900000,0x0000000c08a00000) (1024K)]
  0x000001d1af5ad1d0 JavaThread "C2 CompilerThread1"         daemon [_thread_blocked, id=15616, stack(0x0000000c08a00000,0x0000000c08b00000) (1024K)]
  0x000001d1aff58c30 JavaThread "pool-1-thread-1"                   [_thread_in_vm, id=17140, stack(0x0000000c08e00000,0x0000000c08f00000) (1024K)]
Total: 13

Other Threads:
  0x000001d1aade4ad0 VMThread "VM Thread"                           [id=15952, stack(0x0000000c07f00000,0x0000000c08000000) (1024K)]
  0x000001d1aad50a50 WatcherThread "VM Periodic Task Thread"        [id=17412, stack(0x0000000c07e00000,0x0000000c07f00000) (1024K)]
  0x000001d194057720 WorkerThread "GC Thread#0"                     [id=8704, stack(0x0000000c07900000,0x0000000c07a00000) (1024K)]
  0x000001d1af8dfec0 WorkerThread "GC Thread#1"                     [id=9208, stack(0x0000000c08b00000,0x0000000c08c00000) (1024K)]
  0x000001d1afb29f40 WorkerThread "GC Thread#2"                     [id=17968, stack(0x0000000c08c00000,0x0000000c08d00000) (1024K)]
  0x000001d1af93dd10 WorkerThread "GC Thread#3"                     [id=16712, stack(0x0000000c08d00000,0x0000000c08e00000) (1024K)]
  0x000001d194068f20 ConcurrentGCThread "G1 Main Marker"            [id=6644, stack(0x0000000c07a00000,0x0000000c07b00000) (1024K)]
  0x000001d194069a30 WorkerThread "G1 Conc#0"                       [id=17040, stack(0x0000000c07b00000,0x0000000c07c00000) (1024K)]
  0x000001d1940ce680 ConcurrentGCThread "G1 Refine#0"               [id=4940, stack(0x0000000c07c00000,0x0000000c07d00000) (1024K)]
  0x000001d1aac234a0 ConcurrentGCThread "G1 Service"                [id=17988, stack(0x0000000c07d00000,0x0000000c07e00000) (1024K)]
Total: 10

Threads with active compile tasks:
Total: 0

VM state: not at safepoint (normal execution)

VM Mutex/Monitor currently owned by a thread:  ([mutex/lock_event])
[0x00007ffc55be64d0] Metaspace_lock - owner thread: 0x000001d1940033b0

Heap address: 0x0000000082000000, size: 2016 MB, Compressed Oops mode: 32-bit

CDS archive(s) not mapped
Compressed class space mapped at: 0x0000000100000000-0x0000000140000000, reserved size: 1073741824
Narrow klass base: 0x0000000000000000, Narrow klass shift: 3, Narrow klass range: 0x140000000

GC Precious Log:
 CardTable entry size: 512
 Card Set container configuration: InlinePtr #cards 5 size 8 Array Of Cards #cards 12 size 40 Howl #buckets 4 coarsen threshold 1843 Howl Bitmap #cards 512 size 80 coarsen threshold 460 Card regions per heap region 1 cards per card region 2048
 CPUs: 4 total, 4 available
 Memory: 8057M
 Large Page Support: Disabled
 NUMA Support: Disabled
 Compressed Oops: Enabled (32-bit)
 Heap Region Size: 1M
 Heap Min Capacity: 8M
 Heap Initial Capacity: 126M
 Heap Max Capacity: 2016M
 Pre-touch: Disabled
 Parallel Workers: 4
 Concurrent Workers: 1
 Concurrent Refinement Workers: 4
 Periodic GC: Disabled

Heap:
 garbage-first heap   total 129024K, used 11344K [0x0000000082000000, 0x0000000100000000)
  region size 1024K, 4 young (4096K), 3 survivors (3072K)
 Metaspace       used 13257K, committed 13440K, reserved 1114112K
  class space    used 1493K, committed 1600K, reserved 1048576K

Heap Regions: E=young(eden), S=young(survivor), O=old, HS=humongous(starts), HC=humongous(continues), CS=collection set, F=free, TAMS=top-at-mark-start, PB=parsable bottom
|   0|0x0000000082000000, 0x0000000082100000, 0x0000000082100000|100%|HS|  |TAMS 0x0000000082000000| PB 0x0000000082000000| Complete 
|   1|0x0000000082100000, 0x0000000082200000, 0x0000000082200000|100%|HC|  |TAMS 0x0000000082100000| PB 0x0000000082100000| Complete 
|   2|0x0000000082200000, 0x0000000082300000, 0x0000000082300000|100%|HC|  |TAMS 0x0000000082200000| PB 0x0000000082200000| Complete 
|   3|0x0000000082300000, 0x0000000082400000, 0x0000000082400000|100%|HC|  |TAMS 0x0000000082300000| PB 0x0000000082300000| Complete 
|   4|0x0000000082400000, 0x0000000082500000, 0x0000000082500000|100%| O|  |TAMS 0x0000000082400000| PB 0x0000000082400000| Untracked 
|   5|0x0000000082500000, 0x0000000082600000, 0x0000000082600000|100%| O|  |TAMS 0x0000000082500000| PB 0x0000000082500000| Untracked 
|   6|0x0000000082600000, 0x0000000082700000, 0x0000000082700000|100%| O|  |TAMS 0x0000000082600000| PB 0x0000000082600000| Untracked 
|   7|0x0000000082700000, 0x0000000082800000, 0x0000000082800000|100%| O|  |TAMS 0x0000000082700000| PB 0x0000000082700000| Untracked 
|   8|0x0000000082800000, 0x0000000082814280, 0x0000000082900000|  7%| O|  |TAMS 0x0000000082800000| PB 0x0000000082800000| Untracked 
|   9|0x0000000082900000, 0x0000000082900000, 0x0000000082a00000|  0%| F|  |TAMS 0x0000000082900000| PB 0x0000000082900000| Untracked 
|  10|0x0000000082a00000, 0x0000000082a00000, 0x0000000082b00000|  0%| F|  |TAMS 0x0000000082a00000| PB 0x0000000082a00000| Untracked 
|  11|0x0000000082b00000, 0x0000000082b00000, 0x0000000082c00000|  0%| F|  |TAMS 0x0000000082b00000| PB 0x0000000082b00000| Untracked 
|  12|0x0000000082c00000, 0x0000000082c00000, 0x0000000082d00000|  0%| F|  |TAMS 0x0000000082c00000| PB 0x0000000082c00000| Untracked 
|  13|0x0000000082d00000, 0x0000000082d00000, 0x0000000082e00000|  0%| F|  |TAMS 0x0000000082d00000| PB 0x0000000082d00000| Untracked 
|  14|0x0000000082e00000, 0x0000000082e00000, 0x0000000082f00000|  0%| F|  |TAMS 0x0000000082e00000| PB 0x0000000082e00000| Untracked 
|  15|0x0000000082f00000, 0x0000000082f00000, 0x0000000083000000|  0%| F|  |TAMS 0x0000000082f00000| PB 0x0000000082f00000| Untracked 
|  16|0x0000000083000000, 0x0000000083000000, 0x0000000083100000|  0%| F|  |TAMS 0x0000000083000000| PB 0x0000000083000000| Untracked 
|  17|0x0000000083100000, 0x0000000083100000, 0x0000000083200000|  0%| F|  |TAMS 0x0000000083100000| PB 0x0000000083100000| Untracked 
|  18|0x0000000083200000, 0x0000000083200000, 0x0000000083300000|  0%| F|  |TAMS 0x0000000083200000| PB 0x0000000083200000| Untracked 
|  19|0x0000000083300000, 0x0000000083300000, 0x0000000083400000|  0%| F|  |TAMS 0x0000000083300000| PB 0x0000000083300000| Untracked 
|  20|0x0000000083400000, 0x0000000083400000, 0x0000000083500000|  0%| F|  |TAMS 0x0000000083400000| PB 0x0000000083400000| Untracked 
|  21|0x0000000083500000, 0x0000000083500000, 0x0000000083600000|  0%| F|  |TAMS 0x0000000083500000| PB 0x0000000083500000| Untracked 
|  22|0x0000000083600000, 0x0000000083600000, 0x0000000083700000|  0%| F|  |TAMS 0x0000000083600000| PB 0x0000000083600000| Untracked 
|  23|0x0000000083700000, 0x0000000083700000, 0x0000000083800000|  0%| F|  |TAMS 0x0000000083700000| PB 0x0000000083700000| Untracked 
|  24|0x0000000083800000, 0x0000000083800000, 0x0000000083900000|  0%| F|  |TAMS 0x0000000083800000| PB 0x0000000083800000| Untracked 
|  25|0x0000000083900000, 0x0000000083900000, 0x0000000083a00000|  0%| F|  |TAMS 0x0000000083900000| PB 0x0000000083900000| Untracked 
|  26|0x0000000083a00000, 0x0000000083a00000, 0x0000000083b00000|  0%| F|  |TAMS 0x0000000083a00000| PB 0x0000000083a00000| Untracked 
|  27|0x0000000083b00000, 0x0000000083b00000, 0x0000000083c00000|  0%| F|  |TAMS 0x0000000083b00000| PB 0x0000000083b00000| Untracked 
|  28|0x0000000083c00000, 0x0000000083c00000, 0x0000000083d00000|  0%| F|  |TAMS 0x0000000083c00000| PB 0x0000000083c00000| Untracked 
|  29|0x0000000083d00000, 0x0000000083d00000, 0x0000000083e00000|  0%| F|  |TAMS 0x0000000083d00000| PB 0x0000000083d00000| Untracked 
|  30|0x0000000083e00000, 0x0000000083e00000, 0x0000000083f00000|  0%| F|  |TAMS 0x0000000083e00000| PB 0x0000000083e00000| Untracked 
|  31|0x0000000083f00000, 0x0000000083f00000, 0x0000000084000000|  0%| F|  |TAMS 0x0000000083f00000| PB 0x0000000083f00000| Untracked 
|  32|0x0000000084000000, 0x0000000084000000, 0x0000000084100000|  0%| F|  |TAMS 0x0000000084000000| PB 0x0000000084000000| Untracked 
|  33|0x0000000084100000, 0x0000000084100000, 0x0000000084200000|  0%| F|  |TAMS 0x0000000084100000| PB 0x0000000084100000| Untracked 
|  34|0x0000000084200000, 0x0000000084200000, 0x0000000084300000|  0%| F|  |TAMS 0x0000000084200000| PB 0x0000000084200000| Untracked 
|  35|0x0000000084300000, 0x0000000084300000, 0x0000000084400000|  0%| F|  |TAMS 0x0000000084300000| PB 0x0000000084300000| Untracked 
|  36|0x0000000084400000, 0x0000000084400000, 0x0000000084500000|  0%| F|  |TAMS 0x0000000084400000| PB 0x0000000084400000| Untracked 
|  37|0x0000000084500000, 0x0000000084500000, 0x0000000084600000|  0%| F|  |TAMS 0x0000000084500000| PB 0x0000000084500000| Untracked 
|  38|0x0000000084600000, 0x0000000084600000, 0x0000000084700000|  0%| F|  |TAMS 0x0000000084600000| PB 0x0000000084600000| Untracked 
|  39|0x0000000084700000, 0x0000000084700000, 0x0000000084800000|  0%| F|  |TAMS 0x0000000084700000| PB 0x0000000084700000| Untracked 
|  40|0x0000000084800000, 0x0000000084800000, 0x0000000084900000|  0%| F|  |TAMS 0x0000000084800000| PB 0x0000000084800000| Untracked 
|  41|0x0000000084900000, 0x0000000084900000, 0x0000000084a00000|  0%| F|  |TAMS 0x0000000084900000| PB 0x0000000084900000| Untracked 
|  42|0x0000000084a00000, 0x0000000084a00000, 0x0000000084b00000|  0%| F|  |TAMS 0x0000000084a00000| PB 0x0000000084a00000| Untracked 
|  43|0x0000000084b00000, 0x0000000084b00000, 0x0000000084c00000|  0%| F|  |TAMS 0x0000000084b00000| PB 0x0000000084b00000| Untracked 
|  44|0x0000000084c00000, 0x0000000084c00000, 0x0000000084d00000|  0%| F|  |TAMS 0x0000000084c00000| PB 0x0000000084c00000| Untracked 
|  45|0x0000000084d00000, 0x0000000084d00000, 0x0000000084e00000|  0%| F|  |TAMS 0x0000000084d00000| PB 0x0000000084d00000| Untracked 
|  46|0x0000000084e00000, 0x0000000084e00000, 0x0000000084f00000|  0%| F|  |TAMS 0x0000000084e00000| PB 0x0000000084e00000| Untracked 
|  47|0x0000000084f00000, 0x0000000084f00000, 0x0000000085000000|  0%| F|  |TAMS 0x0000000084f00000| PB 0x0000000084f00000| Untracked 
|  48|0x0000000085000000, 0x0000000085000000, 0x0000000085100000|  0%| F|  |TAMS 0x0000000085000000| PB 0x0000000085000000| Untracked 
|  49|0x0000000085100000, 0x0000000085100000, 0x0000000085200000|  0%| F|  |TAMS 0x0000000085100000| PB 0x0000000085100000| Untracked 
|  50|0x0000000085200000, 0x0000000085200000, 0x0000000085300000|  0%| F|  |TAMS 0x0000000085200000| PB 0x0000000085200000| Untracked 
|  51|0x0000000085300000, 0x0000000085300000, 0x0000000085400000|  0%| F|  |TAMS 0x0000000085300000| PB 0x0000000085300000| Untracked 
|  52|0x0000000085400000, 0x0000000085400000, 0x0000000085500000|  0%| F|  |TAMS 0x0000000085400000| PB 0x0000000085400000| Untracked 
|  53|0x0000000085500000, 0x0000000085500000, 0x0000000085600000|  0%| F|  |TAMS 0x0000000085500000| PB 0x0000000085500000| Untracked 
|  54|0x0000000085600000, 0x0000000085600000, 0x0000000085700000|  0%| F|  |TAMS 0x0000000085600000| PB 0x0000000085600000| Untracked 
|  55|0x0000000085700000, 0x0000000085700000, 0x0000000085800000|  0%| F|  |TAMS 0x0000000085700000| PB 0x0000000085700000| Untracked 
|  56|0x0000000085800000, 0x0000000085800000, 0x0000000085900000|  0%| F|  |TAMS 0x0000000085800000| PB 0x0000000085800000| Untracked 
|  57|0x0000000085900000, 0x0000000085900000, 0x0000000085a00000|  0%| F|  |TAMS 0x0000000085900000| PB 0x0000000085900000| Untracked 
|  58|0x0000000085a00000, 0x0000000085a00000, 0x0000000085b00000|  0%| F|  |TAMS 0x0000000085a00000| PB 0x0000000085a00000| Untracked 
|  59|0x0000000085b00000, 0x0000000085b00000, 0x0000000085c00000|  0%| F|  |TAMS 0x0000000085b00000| PB 0x0000000085b00000| Untracked 
|  60|0x0000000085c00000, 0x0000000085c00000, 0x0000000085d00000|  0%| F|  |TAMS 0x0000000085c00000| PB 0x0000000085c00000| Untracked 
|  61|0x0000000085d00000, 0x0000000085d00000, 0x0000000085e00000|  0%| F|  |TAMS 0x0000000085d00000| PB 0x0000000085d00000| Untracked 
|  62|0x0000000085e00000, 0x0000000085e00000, 0x0000000085f00000|  0%| F|  |TAMS 0x0000000085e00000| PB 0x0000000085e00000| Untracked 
|  63|0x0000000085f00000, 0x0000000085f00000, 0x0000000086000000|  0%| F|  |TAMS 0x0000000085f00000| PB 0x0000000085f00000| Untracked 
|  64|0x0000000086000000, 0x0000000086000000, 0x0000000086100000|  0%| F|  |TAMS 0x0000000086000000| PB 0x0000000086000000| Untracked 
|  65|0x0000000086100000, 0x0000000086100000, 0x0000000086200000|  0%| F|  |TAMS 0x0000000086100000| PB 0x0000000086100000| Untracked 
|  66|0x0000000086200000, 0x0000000086200000, 0x0000000086300000|  0%| F|  |TAMS 0x0000000086200000| PB 0x0000000086200000| Untracked 
|  67|0x0000000086300000, 0x0000000086300000, 0x0000000086400000|  0%| F|  |TAMS 0x0000000086300000| PB 0x0000000086300000| Untracked 
|  68|0x0000000086400000, 0x0000000086400000, 0x0000000086500000|  0%| F|  |TAMS 0x0000000086400000| PB 0x0000000086400000| Untracked 
|  69|0x0000000086500000, 0x0000000086500000, 0x0000000086600000|  0%| F|  |TAMS 0x0000000086500000| PB 0x0000000086500000| Untracked 
|  70|0x0000000086600000, 0x0000000086600000, 0x0000000086700000|  0%| F|  |TAMS 0x0000000086600000| PB 0x0000000086600000| Untracked 
|  71|0x0000000086700000, 0x0000000086700000, 0x0000000086800000|  0%| F|  |TAMS 0x0000000086700000| PB 0x0000000086700000| Untracked 
|  72|0x0000000086800000, 0x0000000086800000, 0x0000000086900000|  0%| F|  |TAMS 0x0000000086800000| PB 0x0000000086800000| Untracked 
|  73|0x0000000086900000, 0x0000000086900000, 0x0000000086a00000|  0%| F|  |TAMS 0x0000000086900000| PB 0x0000000086900000| Untracked 
|  74|0x0000000086a00000, 0x0000000086a00000, 0x0000000086b00000|  0%| F|  |TAMS 0x0000000086a00000| PB 0x0000000086a00000| Untracked 
|  75|0x0000000086b00000, 0x0000000086b00000, 0x0000000086c00000|  0%| F|  |TAMS 0x0000000086b00000| PB 0x0000000086b00000| Untracked 
|  76|0x0000000086c00000, 0x0000000086c00000, 0x0000000086d00000|  0%| F|  |TAMS 0x0000000086c00000| PB 0x0000000086c00000| Untracked 
|  77|0x0000000086d00000, 0x0000000086d00000, 0x0000000086e00000|  0%| F|  |TAMS 0x0000000086d00000| PB 0x0000000086d00000| Untracked 
|  78|0x0000000086e00000, 0x0000000086e00000, 0x0000000086f00000|  0%| F|  |TAMS 0x0000000086e00000| PB 0x0000000086e00000| Untracked 
|  79|0x0000000086f00000, 0x0000000086f00000, 0x0000000087000000|  0%| F|  |TAMS 0x0000000086f00000| PB 0x0000000086f00000| Untracked 
|  80|0x0000000087000000, 0x0000000087000000, 0x0000000087100000|  0%| F|  |TAMS 0x0000000087000000| PB 0x0000000087000000| Untracked 
|  81|0x0000000087100000, 0x0000000087100000, 0x0000000087200000|  0%| F|  |TAMS 0x0000000087100000| PB 0x0000000087100000| Untracked 
|  82|0x0000000087200000, 0x0000000087200000, 0x0000000087300000|  0%| F|  |TAMS 0x0000000087200000| PB 0x0000000087200000| Untracked 
|  83|0x0000000087300000, 0x0000000087300000, 0x0000000087400000|  0%| F|  |TAMS 0x0000000087300000| PB 0x0000000087300000| Untracked 
|  84|0x0000000087400000, 0x0000000087400000, 0x0000000087500000|  0%| F|  |TAMS 0x0000000087400000| PB 0x0000000087400000| Untracked 
|  85|0x0000000087500000, 0x0000000087500000, 0x0000000087600000|  0%| F|  |TAMS 0x0000000087500000| PB 0x0000000087500000| Untracked 
|  86|0x0000000087600000, 0x0000000087600000, 0x0000000087700000|  0%| F|  |TAMS 0x0000000087600000| PB 0x0000000087600000| Untracked 
|  87|0x0000000087700000, 0x0000000087700000, 0x0000000087800000|  0%| F|  |TAMS 0x0000000087700000| PB 0x0000000087700000| Untracked 
|  88|0x0000000087800000, 0x0000000087800000, 0x0000000087900000|  0%| F|  |TAMS 0x0000000087800000| PB 0x0000000087800000| Untracked 
|  89|0x0000000087900000, 0x0000000087900000, 0x0000000087a00000|  0%| F|  |TAMS 0x0000000087900000| PB 0x0000000087900000| Untracked 
|  90|0x0000000087a00000, 0x0000000087a00000, 0x0000000087b00000|  0%| F|  |TAMS 0x0000000087a00000| PB 0x0000000087a00000| Untracked 
|  91|0x0000000087b00000, 0x0000000087b00000, 0x0000000087c00000|  0%| F|  |TAMS 0x0000000087b00000| PB 0x0000000087b00000| Untracked 
|  92|0x0000000087c00000, 0x0000000087c00000, 0x0000000087d00000|  0%| F|  |TAMS 0x0000000087c00000| PB 0x0000000087c00000| Untracked 
|  93|0x0000000087d00000, 0x0000000087d00000, 0x0000000087e00000|  0%| F|  |TAMS 0x0000000087d00000| PB 0x0000000087d00000| Untracked 
|  94|0x0000000087e00000, 0x0000000087e00000, 0x0000000087f00000|  0%| F|  |TAMS 0x0000000087e00000| PB 0x0000000087e00000| Untracked 
|  95|0x0000000087f00000, 0x0000000087f00000, 0x0000000088000000|  0%| F|  |TAMS 0x0000000087f00000| PB 0x0000000087f00000| Untracked 
|  96|0x0000000088000000, 0x0000000088000000, 0x0000000088100000|  0%| F|  |TAMS 0x0000000088000000| PB 0x0000000088000000| Untracked 
|  97|0x0000000088100000, 0x0000000088100000, 0x0000000088200000|  0%| F|  |TAMS 0x0000000088100000| PB 0x0000000088100000| Untracked 
|  98|0x0000000088200000, 0x0000000088200000, 0x0000000088300000|  0%| F|  |TAMS 0x0000000088200000| PB 0x0000000088200000| Untracked 
|  99|0x0000000088300000, 0x0000000088400000, 0x0000000088400000|100%| S|CS|TAMS 0x0000000088300000| PB 0x0000000088300000| Complete 
| 100|0x0000000088400000, 0x0000000088500000, 0x0000000088500000|100%| S|CS|TAMS 0x0000000088400000| PB 0x0000000088400000| Complete 
| 101|0x0000000088500000, 0x0000000088600000, 0x0000000088600000|100%| S|CS|TAMS 0x0000000088500000| PB 0x0000000088500000| Complete 
| 102|0x0000000088600000, 0x0000000088600000, 0x0000000088700000|  0%| F|  |TAMS 0x0000000088600000| PB 0x0000000088600000| Untracked 
| 103|0x0000000088700000, 0x0000000088700000, 0x0000000088800000|  0%| F|  |TAMS 0x0000000088700000| PB 0x0000000088700000| Untracked 
| 104|0x0000000088800000, 0x0000000088800000, 0x0000000088900000|  0%| F|  |TAMS 0x0000000088800000| PB 0x0000000088800000| Untracked 
| 105|0x0000000088900000, 0x0000000088900000, 0x0000000088a00000|  0%| F|  |TAMS 0x0000000088900000| PB 0x0000000088900000| Untracked 
| 106|0x0000000088a00000, 0x0000000088a00000, 0x0000000088b00000|  0%| F|  |TAMS 0x0000000088a00000| PB 0x0000000088a00000| Untracked 
| 107|0x0000000088b00000, 0x0000000088b00000, 0x0000000088c00000|  0%| F|  |TAMS 0x0000000088b00000| PB 0x0000000088b00000| Untracked 
| 108|0x0000000088c00000, 0x0000000088c00000, 0x0000000088d00000|  0%| F|  |TAMS 0x0000000088c00000| PB 0x0000000088c00000| Untracked 
| 109|0x0000000088d00000, 0x0000000088d00000, 0x0000000088e00000|  0%| F|  |TAMS 0x0000000088d00000| PB 0x0000000088d00000| Untracked 
| 110|0x0000000088e00000, 0x0000000088e00000, 0x0000000088f00000|  0%| F|  |TAMS 0x0000000088e00000| PB 0x0000000088e00000| Untracked 
| 111|0x0000000088f00000, 0x0000000088f00000, 0x0000000089000000|  0%| F|  |TAMS 0x0000000088f00000| PB 0x0000000088f00000| Untracked 
| 112|0x0000000089000000, 0x0000000089000000, 0x0000000089100000|  0%| F|  |TAMS 0x0000000089000000| PB 0x0000000089000000| Untracked 
| 113|0x0000000089100000, 0x0000000089100000, 0x0000000089200000|  0%| F|  |TAMS 0x0000000089100000| PB 0x0000000089100000| Untracked 
| 114|0x0000000089200000, 0x0000000089200000, 0x0000000089300000|  0%| F|  |TAMS 0x0000000089200000| PB 0x0000000089200000| Untracked 
| 115|0x0000000089300000, 0x0000000089300000, 0x0000000089400000|  0%| F|  |TAMS 0x0000000089300000| PB 0x0000000089300000| Untracked 
| 116|0x0000000089400000, 0x0000000089400000, 0x0000000089500000|  0%| F|  |TAMS 0x0000000089400000| PB 0x0000000089400000| Untracked 
| 117|0x0000000089500000, 0x0000000089500000, 0x0000000089600000|  0%| F|  |TAMS 0x0000000089500000| PB 0x0000000089500000| Untracked 
| 118|0x0000000089600000, 0x0000000089600000, 0x0000000089700000|  0%| F|  |TAMS 0x0000000089600000| PB 0x0000000089600000| Untracked 
| 119|0x0000000089700000, 0x0000000089700000, 0x0000000089800000|  0%| F|  |TAMS 0x0000000089700000| PB 0x0000000089700000| Untracked 
| 120|0x0000000089800000, 0x0000000089800000, 0x0000000089900000|  0%| F|  |TAMS 0x0000000089800000| PB 0x0000000089800000| Untracked 
| 121|0x0000000089900000, 0x0000000089900000, 0x0000000089a00000|  0%| F|  |TAMS 0x0000000089900000| PB 0x0000000089900000| Untracked 
| 122|0x0000000089a00000, 0x0000000089a00000, 0x0000000089b00000|  0%| F|  |TAMS 0x0000000089a00000| PB 0x0000000089a00000| Untracked 
| 123|0x0000000089b00000, 0x0000000089b00000, 0x0000000089c00000|  0%| F|  |TAMS 0x0000000089b00000| PB 0x0000000089b00000| Untracked 
| 124|0x0000000089c00000, 0x0000000089c00000, 0x0000000089d00000|  0%| F|  |TAMS 0x0000000089c00000| PB 0x0000000089c00000| Untracked 
| 125|0x0000000089d00000, 0x0000000089d6af80, 0x0000000089e00000| 41%| E|  |TAMS 0x0000000089d00000| PB 0x0000000089d00000| Complete 

Card table byte_map: [0x000001d1a6560000,0x000001d1a6950000] _byte_map_base: 0x000001d1a6150000

Marking Bits: (CMBitMap*) 0x000001d194058a40
 Bits: [0x000001d1a6950000, 0x000001d1a88d0000)

Polling page: 0x000001d191ef0000

Metaspace:

Usage:
  Non-class:     11.49 MB used.
      Class:      1.46 MB used.
       Both:     12.95 MB used.

Virtual space:
  Non-class space:       64.00 MB reserved,      11.56 MB ( 18%) committed,  1 nodes.
      Class space:        1.00 GB reserved,       1.56 MB ( <1%) committed,  1 nodes.
             Both:        1.06 GB reserved,      13.12 MB (  1%) committed. 

Chunk freelists:
   Non-Class:  3.92 MB
       Class:  14.34 MB
        Both:  18.27 MB

MaxMetaspaceSize: unlimited
CompressedClassSpaceSize: 1.00 GB
Initial GC threshold: 21.00 MB
Current GC threshold: 21.00 MB
CDS: off
 - commit_granule_bytes: 65536.
 - commit_granule_words: 8192.
 - virtual_space_node_default_size: 8388608.
 - enlarge_chunks_in_place: 1.
 - use_allocation_guard: 0.


Internal statistics:

num_allocs_failed_limit: 0.
num_arena_births: 102.
num_arena_deaths: 0.
num_vsnodes_births: 2.
num_vsnodes_deaths: 0.
num_space_committed: 210.
num_space_uncommitted: 0.
num_chunks_returned_to_freelist: 0.
num_chunks_taken_from_freelist: 266.
num_chunk_merges: 0.
num_chunk_splits: 163.
num_chunks_enlarged: 121.
num_inconsistent_stats: 0.

CodeHeap 'non-profiled nmethods': size=120000Kb used=516Kb max_used=516Kb free=119483Kb
 bounds [0x000001d19ec40000, 0x000001d19eeb0000, 0x000001d1a6170000]
CodeHeap 'profiled nmethods': size=120000Kb used=2416Kb max_used=2416Kb free=117583Kb
 bounds [0x000001d197170000, 0x000001d1973e0000, 0x000001d19e6a0000]
CodeHeap 'non-nmethods': size=5760Kb used=1259Kb max_used=1288Kb free=4500Kb
 bounds [0x000001d19e6a0000, 0x000001d19e910000, 0x000001d19ec40000]
CodeCache: size=245760Kb, used=4191Kb, max_used=4220Kb, free=241566Kb
 total_blobs=1731, nmethods=1283, adapters=353, full_count=0
Compilation: enabled, stopped_count=0, restarted_count=0

Compilation events (20 events):
Event: 1.740 Thread 0x000001d1af06ecf0 1276       3       java.lang.invoke.InvokerBytecodeGenerator::loadInsnOpcode (98 bytes)
Event: 1.740 Thread 0x000001d1af06ecf0 nmethod 1276 0x000001d1973c9c10 code [0x000001d1973c9e80, 0x000001d1973ca7d0]
Event: 1.740 Thread 0x000001d1af06ecf0 1274       3       jdk.internal.org.objectweb.asm.SymbolTable$Entry::<init> (18 bytes)
Event: 1.740 Thread 0x000001d1af06ecf0 nmethod 1274 0x000001d1973cab10 code [0x000001d1973cacc0, 0x000001d1973cae38]
Event: 1.740 Thread 0x000001d1af06ecf0 1270       3       java.util.ImmutableCollections$List12::size (16 bytes)
Event: 1.740 Thread 0x000001d1af06ecf0 nmethod 1270 0x000001d1973caf10 code [0x000001d1973cb0c0, 0x000001d1973cb250]
Event: 1.740 Thread 0x000001d1af06ecf0 1278       3       java.util.ImmutableCollections$ListN::size (6 bytes)
Event: 1.740 Thread 0x000001d1af06ecf0 nmethod 1278 0x000001d1973cb310 code [0x000001d1973cb4a0, 0x000001d1973cb5b8]
Event: 1.740 Thread 0x000001d1af06ecf0 1277       3       java.lang.invoke.MethodTypeForm::cachedLambdaForm (23 bytes)
Event: 1.741 Thread 0x000001d1af06ecf0 nmethod 1277 0x000001d1973cb690 code [0x000001d1973cb860, 0x000001d1973cbb98]
Event: 1.749 Thread 0x000001d1af06ecf0 1279       1       java.util.concurrent.locks.AbstractQueuedSynchronizer::getState (5 bytes)
Event: 1.749 Thread 0x000001d1af06ecf0 nmethod 1279 0x000001d19ecc0610 code [0x000001d19ecc07a0, 0x000001d19ecc0868]
Event: 1.749 Thread 0x000001d1af06ecf0 1280       1       java.util.concurrent.locks.AbstractQueuedSynchronizer::setState (6 bytes)
Event: 1.750 Thread 0x000001d1af06ecf0 nmethod 1280 0x000001d19ecc0910 code [0x000001d19ecc0aa0, 0x000001d19ecc0b70]
Event: 1.752 Thread 0x000001d1af06ecf0 1281       1       java.lang.invoke.MethodHandles$Lookup::previousLookupClass (5 bytes)
Event: 1.752 Thread 0x000001d1af06ecf0 nmethod 1281 0x000001d19ecc0c10 code [0x000001d19ecc0da0, 0x000001d19ecc0e68]
Event: 1.752 Thread 0x000001d1af06ecf0 1282       1       java.lang.invoke.DirectMethodHandle::internalMemberName (5 bytes)
Event: 1.752 Thread 0x000001d1af06ecf0 nmethod 1282 0x000001d19ecc0f10 code [0x000001d19ecc10a0, 0x000001d19ecc1168]
Event: 1.753 Thread 0x000001d1af06ecf0 1283       3       java.lang.invoke.MethodType::basicType (8 bytes)
Event: 1.753 Thread 0x000001d1af06ecf0 nmethod 1283 0x000001d1973cbd10 code [0x000001d1973cbea0, 0x000001d1973cbfd0]

GC Heap History (4 events):
Event: 0.815 GC heap before
{Heap before GC invocations=0 (full 0):
 garbage-first heap   total 129024K, used 13312K [0x0000000082000000, 0x0000000100000000)
  region size 1024K, 13 young (13312K), 0 survivors (0K)
 Metaspace       used 8851K, committed 9024K, reserved 1114112K
  class space    used 824K, committed 960K, reserved 1048576K
}
Event: 0.831 GC heap after
{Heap after GC invocations=1 (full 0):
 garbage-first heap   total 129024K, used 1807K [0x0000000082000000, 0x0000000100000000)
  region size 1024K, 2 young (2048K), 2 survivors (2048K)
 Metaspace       used 8851K, committed 9024K, reserved 1114112K
  class space    used 824K, committed 960K, reserved 1048576K
}
Event: 1.743 GC heap before
{Heap before GC invocations=1 (full 0):
 garbage-first heap   total 129024K, used 27407K [0x0000000082000000, 0x0000000100000000)
  region size 1024K, 24 young (24576K), 2 survivors (2048K)
 Metaspace       used 13213K, committed 13440K, reserved 1114112K
  class space    used 1485K, committed 1600K, reserved 1048576K
}
Event: 1.749 GC heap after
{Heap after GC invocations=2 (full 0):
 garbage-first heap   total 129024K, used 11344K [0x0000000082000000, 0x0000000100000000)
  region size 1024K, 3 young (3072K), 3 survivors (3072K)
 Metaspace       used 13213K, committed 13440K, reserved 1114112K
  class space    used 1485K, committed 1600K, reserved 1048576K
}

Dll operation events (3 events):
Event: 0.013 Loaded shared library C:\Program Files\Android\Android Studio\jbr\bin\java.dll
Event: 0.022 Loaded shared library C:\Program Files\Android\Android Studio\jbr\bin\zip.dll
Event: 0.192 Loaded shared library C:\Program Files\Android\Android Studio\jbr\bin\verify.dll

Deoptimization events (20 events):
Event: 1.495 Thread 0x000001d1940033b0 DEOPT PACKING pc=0x000001d19ec7c24c sp=0x0000000c078fe410
Event: 1.495 Thread 0x000001d1940033b0 DEOPT UNPACKING pc=0x000001d19e6f43a2 sp=0x0000000c078fe3b8 mode 2
Event: 1.496 Thread 0x000001d1940033b0 Uncommon trap: trap_request=0xffffffde fr.pc=0x000001d19ec7c24c relative=0x000000000000042c
Event: 1.496 Thread 0x000001d1940033b0 Uncommon trap: reason=class_check action=maybe_recompile pc=0x000001d19ec7c24c method=java.util.regex.Matcher.match(II)Z @ 121 c2
Event: 1.496 Thread 0x000001d1940033b0 DEOPT PACKING pc=0x000001d19ec7c24c sp=0x0000000c078fe290
Event: 1.496 Thread 0x000001d1940033b0 DEOPT UNPACKING pc=0x000001d19e6f43a2 sp=0x0000000c078fe238 mode 2
Event: 1.496 Thread 0x000001d1940033b0 Uncommon trap: trap_request=0xffffffde fr.pc=0x000001d19ec7c24c relative=0x000000000000042c
Event: 1.496 Thread 0x000001d1940033b0 Uncommon trap: reason=class_check action=maybe_recompile pc=0x000001d19ec7c24c method=java.util.regex.Matcher.match(II)Z @ 121 c2
Event: 1.496 Thread 0x000001d1940033b0 DEOPT PACKING pc=0x000001d19ec7c24c sp=0x0000000c078fe290
Event: 1.496 Thread 0x000001d1940033b0 DEOPT UNPACKING pc=0x000001d19e6f43a2 sp=0x0000000c078fe238 mode 2
Event: 1.540 Thread 0x000001d1940033b0 Uncommon trap: trap_request=0xffffff45 fr.pc=0x000001d19ec87758 relative=0x0000000000000138
Event: 1.540 Thread 0x000001d1940033b0 Uncommon trap: reason=unstable_if action=reinterpret pc=0x000001d19ec87758 method=java.lang.ThreadLocal$ThreadLocalMap.getEntry(Ljava/lang/ThreadLocal;)Ljava/lang/ThreadLocal$ThreadLocalMap$Entry; @ 21 c2
Event: 1.540 Thread 0x000001d1940033b0 DEOPT PACKING pc=0x000001d19ec87758 sp=0x0000000c078fe280
Event: 1.540 Thread 0x000001d1940033b0 DEOPT UNPACKING pc=0x000001d19e6f43a2 sp=0x0000000c078fe190 mode 2
Event: 1.540 Thread 0x000001d1940033b0 Uncommon trap: trap_request=0xffffff45 fr.pc=0x000001d19ec7f72c relative=0x000000000000010c
Event: 1.540 Thread 0x000001d1940033b0 Uncommon trap: reason=unstable_if action=reinterpret pc=0x000001d19ec7f72c method=java.lang.ThreadLocal$ThreadLocalMap.getEntry(Ljava/lang/ThreadLocal;)Ljava/lang/ThreadLocal$ThreadLocalMap$Entry; @ 21 c2
Event: 1.540 Thread 0x000001d1940033b0 DEOPT PACKING pc=0x000001d19ec7f72c sp=0x0000000c078fe1f0
Event: 1.540 Thread 0x000001d1940033b0 DEOPT UNPACKING pc=0x000001d19e6f43a2 sp=0x0000000c078fe190 mode 2
Event: 1.585 Thread 0x000001d1940033b0 DEOPT PACKING pc=0x000001d19730bbc9 sp=0x0000000c078fbee0
Event: 1.585 Thread 0x000001d1940033b0 DEOPT UNPACKING pc=0x000001d19e6f4b42 sp=0x0000000c078fb350 mode 0

Classes loaded (20 events):
Event: 1.688 Loading class sun/reflect/annotation/AnnotationParser$1
Event: 1.688 Loading class sun/reflect/annotation/AnnotationParser$1 done
Event: 1.688 Loading class sun/reflect/annotation/AnnotationInvocationHandler
Event: 1.688 Loading class sun/reflect/annotation/AnnotationInvocationHandler done
Event: 1.690 Loading class java/lang/annotation/Target
Event: 1.691 Loading class java/lang/annotation/Target done
Event: 1.705 Loading class java/util/concurrent/atomic/AtomicBoolean
Event: 1.706 Loading class java/util/concurrent/atomic/AtomicBoolean done
Event: 1.712 Loading class java/lang/invoke/BoundMethodHandle$Species_LLLL
Event: 1.712 Loading class java/lang/invoke/BoundMethodHandle$Species_LLLL done
Event: 1.715 Loading class java/util/ArrayList$ListItr
Event: 1.715 Loading class java/util/ArrayList$ListItr done
Event: 1.725 Loading class java/lang/invoke/BoundMethodHandle$Species_LLLLL
Event: 1.725 Loading class java/lang/invoke/BoundMethodHandle$Species_LLLLL done
Event: 1.726 Loading class java/lang/invoke/BoundMethodHandle$Species_LLLLLL
Event: 1.726 Loading class java/lang/invoke/BoundMethodHandle$Species_LLLLLL done
Event: 1.727 Loading class java/lang/invoke/BoundMethodHandle$Species_LLLLLLL
Event: 1.727 Loading class java/lang/invoke/BoundMethodHandle$Species_LLLLLLL done
Event: 1.731 Loading class java/io/FileNotFoundException
Event: 1.731 Loading class java/io/FileNotFoundException done

Classes unloaded (0 events):
No events

Classes redefined (0 events):
No events

Internal exceptions (14 events):
Event: 0.276 Thread 0x000001d1940033b0 Exception <a 'sun/nio/fs/WindowsException'{0x0000000089b15840}> (0x0000000089b15840) 
thrown [s\src\hotspot\share\prims\jni.cpp, line 537]
Event: 0.392 Thread 0x000001d1940033b0 Exception <a 'java/lang/NoSuchMethodError'{0x0000000089a21ba0}: 'void java.lang.invoke.DirectMethodHandle$Holder.invokeSpecial(java.lang.Object, java.lang.Object, java.lang.Object)'> (0x0000000089a21ba0) 
thrown [s\src\hotspot\share\interpreter\linkResolver.cpp, line 784]
Event: 0.415 Thread 0x000001d1940033b0 Exception <a 'java/lang/NoSuchMethodError'{0x0000000089a8f5f0}: 'java.lang.Object java.lang.invoke.Invokers$Holder.invokeExact_MT(java.lang.Object, java.lang.Object, java.lang.Object, java.lang.Object, java.lang.Object)'> (0x0000000089a8f5f0) 
thrown [s\src\hotspot\share\interpreter\linkResolver.cpp, line 784]
Event: 0.531 Thread 0x000001d1940033b0 Exception <a 'java/lang/NoSuchMethodError'{0x00000000898b2250}: 'int java.lang.invoke.DirectMethodHandle$Holder.invokeSpecial(java.lang.Object, java.lang.Object, java.lang.Object, java.lang.Object)'> (0x00000000898b2250) 
thrown [s\src\hotspot\share\interpreter\linkResolver.cpp, line 784]
Event: 1.513 Thread 0x000001d1940033b0 Exception <a 'sun/nio/fs/WindowsException'{0x0000000088a1d430}> (0x0000000088a1d430) 
thrown [s\src\hotspot\share\prims\jni.cpp, line 537]
Event: 1.525 Thread 0x000001d1940033b0 Exception <a 'sun/nio/fs/WindowsException'{0x0000000088a363c0}> (0x0000000088a363c0) 
thrown [s\src\hotspot\share\prims\jni.cpp, line 537]
Event: 1.535 Thread 0x000001d1940033b0 Exception <a 'java/lang/NoSuchMethodError'{0x0000000088a580d8}: 'void java.lang.invoke.DirectMethodHandle$Holder.invokeInterface(java.lang.Object, java.lang.Object, java.lang.Object)'> (0x0000000088a580d8) 
thrown [s\src\hotspot\share\interpreter\linkResolver.cpp, line 784]
Event: 1.540 Thread 0x000001d1940033b0 Implicit null exception at 0x000001d19ec87678 to 0x000001d19ec87738
Event: 1.540 Thread 0x000001d1940033b0 Implicit null exception at 0x000001d19ec7f68a to 0x000001d19ec7f714
Event: 1.548 Thread 0x000001d1940033b0 Exception <a 'java/lang/NoClassDefFoundError'{0x0000000088aa3a80}: org/slf4j/impl/StaticMarkerBinder> (0x0000000088aa3a80) 
thrown [s\src\hotspot\share\classfile\systemDictionary.cpp, line 301]
Event: 1.576 Thread 0x000001d1940033b0 Exception <a 'java/lang/NoSuchMethodError'{0x000000008893a6e0}: 'java.lang.Object java.lang.invoke.DirectMethodHandle$Holder.invokeVirtual(java.lang.Object, java.lang.Object, java.lang.Object, java.lang.Object, java.lang.Object, java.lang.Object, java.lang.Object)'> (0x000000008893a6e0) 
thrown [s\src\hotspot\share\interpreter\linkResolver.cpp, line 784]
Event: 1.604 Thread 0x000001d1940033b0 Exception <a 'sun/nio/fs/WindowsException'{0x00000000889bd3c8}> (0x00000000889bd3c8) 
thrown [s\src\hotspot\share\prims\jni.cpp, line 537]
Event: 1.618 Thread 0x000001d1940033b0 Exception <a 'java/lang/NoSuchMethodError'{0x00000000889fb510}: 'java.lang.Object java.lang.invoke.DirectMethodHandle$Holder.invokeVirtual(java.lang.Object, java.lang.Object, java.lang.Object)'> (0x00000000889fb510) 
thrown [s\src\hotspot\share\interpreter\linkResolver.cpp, line 784]
Event: 1.735 Thread 0x000001d1940033b0 Exception <a 'java/lang/NoSuchMethodError'{0x00000000886aefe0}: 'java.lang.Object java.lang.invoke.DirectMethodHandle$Holder.invokeVirtual(java.lang.Object, java.lang.Object, java.lang.Object, java.lang.Object)'> (0x00000000886aefe0) 
thrown [s\src\hotspot\share\interpreter\linkResolver.cpp, line 784]

ZGC Phase Switch (0 events):
No events

VM Operations (14 events):
Event: 0.184 Executing non-safepoint VM operation: HandshakeAllThreads (Deoptimize)
Event: 0.184 Executing non-safepoint VM operation: HandshakeAllThreads (Deoptimize) done
Event: 0.815 Executing safepoint VM operation: G1CollectForAllocation (G1 Evacuation Pause)
Event: 0.831 Executing safepoint VM operation: G1CollectForAllocation (G1 Evacuation Pause) done
Event: 1.319 Executing non-safepoint VM operation: HandshakeAllThreads (Deoptimize)
Event: 1.319 Executing non-safepoint VM operation: HandshakeAllThreads (Deoptimize) done
Event: 1.329 Executing non-safepoint VM operation: HandshakeAllThreads (Deoptimize)
Event: 1.329 Executing non-safepoint VM operation: HandshakeAllThreads (Deoptimize) done
Event: 1.579 Executing non-safepoint VM operation: HandshakeAllThreads (Deoptimize)
Event: 1.579 Executing non-safepoint VM operation: HandshakeAllThreads (Deoptimize) done
Event: 1.718 Executing non-safepoint VM operation: HandshakeAllThreads (Deoptimize)
Event: 1.718 Executing non-safepoint VM operation: HandshakeAllThreads (Deoptimize) done
Event: 1.743 Executing safepoint VM operation: G1CollectForAllocation (G1 Evacuation Pause)
Event: 1.749 Executing safepoint VM operation: G1CollectForAllocation (G1 Evacuation Pause) done

Memory protections (0 events):
No events

Nmethod flushes (0 events):
No events

Events (18 events):
Event: 0.021 Thread 0x000001d1940033b0 Thread added: 0x000001d1940033b0
Event: 0.106 Thread 0x000001d1940033b0 Thread added: 0x000001d1af02e930
Event: 0.114 Thread 0x000001d1940033b0 Thread added: 0x000001d1af031670
Event: 0.114 Thread 0x000001d1940033b0 Thread added: 0x000001d1af0320d0
Event: 0.115 Thread 0x000001d1940033b0 Thread added: 0x000001d1af053ba0
Event: 0.115 Thread 0x000001d1940033b0 Thread added: 0x000001d1af054210
Event: 0.115 Thread 0x000001d1940033b0 Thread added: 0x000001d1af054c70
Event: 0.115 Thread 0x000001d1940033b0 Thread added: 0x000001d1af0556d0
Event: 0.115 Thread 0x000001d1940033b0 Thread added: 0x000001d1af05bf00
Event: 0.115 Thread 0x000001d1940033b0 Thread added: 0x000001d1af06ecf0
Event: 0.157 Thread 0x000001d1940033b0 Thread added: 0x000001d1af2174b0
Event: 0.172 Loaded shared library C:\Program Files\Android\Android Studio\jbr\bin\net.dll
Event: 0.174 Loaded shared library C:\Program Files\Android\Android Studio\jbr\bin\nio.dll
Event: 0.182 Loaded shared library C:\Program Files\Android\Android Studio\jbr\bin\zip.dll
Event: 0.301 Loaded shared library C:\Program Files\Android\Android Studio\jbr\bin\jimage.dll
Event: 0.513 Thread 0x000001d1af06ecf0 Thread added: 0x000001d1af5ad1d0
Event: 1.607 Loaded shared library C:\Users\Elsa y Henry\.gradle\native\c067742578af261105cb4f569cf0c3c89f3d7b1fecec35dd04571415982c5e48\windows-amd64\native-platform.dll
Event: 1.647 Thread 0x000001d1940033b0 Thread added: 0x000001d1aff58c30


Dynamic libraries:
0x00007ff73ae00000 - 0x00007ff73ae0a000 	C:\Program Files\Android\Android Studio\jbr\bin\java.exe
0x00007ffca28d0000 - 0x00007ffca2ac8000 	C:\Windows\SYSTEM32\ntdll.dll
0x00007ffca1ac0000 - 0x00007ffca1b82000 	C:\Windows\System32\KERNEL32.DLL
0x00007ffca00c0000 - 0x00007ffca03b6000 	C:\Windows\System32\KERNELBASE.dll
0x00007ffca07f0000 - 0x00007ffca08f0000 	C:\Windows\System32\ucrtbase.dll
0x00007ffc9c100000 - 0x00007ffc9c118000 	C:\Program Files\Android\Android Studio\jbr\bin\jli.dll
0x00007ffc9c0c0000 - 0x00007ffc9c0db000 	C:\Program Files\Android\Android Studio\jbr\bin\VCRUNTIME140.dll
0x00007ffca2300000 - 0x00007ffca24a1000 	C:\Windows\System32\USER32.dll
0x00007ffca0000000 - 0x00007ffca0022000 	C:\Windows\System32\win32u.dll
0x00007ffca1590000 - 0x00007ffca15bb000 	C:\Windows\System32\GDI32.dll
0x00007ffc8bcd0000 - 0x00007ffc8bf6b000 	C:\Windows\WinSxS\amd64_microsoft.windows.common-controls_6595b64144ccf1df_6.0.19041.6456_none_60b8a6cb71f64256\COMCTL32.dll
0x00007ffca03f0000 - 0x00007ffca0509000 	C:\Windows\System32\gdi32full.dll
0x00007ffca14f0000 - 0x00007ffca158e000 	C:\Windows\System32\msvcrt.dll
0x00007ffc9ff60000 - 0x00007ffc9fffd000 	C:\Windows\System32\msvcp_win.dll
0x00007ffca1cd0000 - 0x00007ffca1cff000 	C:\Windows\System32\IMM32.DLL
0x00007ffc99e60000 - 0x00007ffc99e6c000 	C:\Program Files\Android\Android Studio\jbr\bin\vcruntime140_1.dll
0x00007ffc96e00000 - 0x00007ffc96e8d000 	C:\Program Files\Android\Android Studio\jbr\bin\msvcp140.dll
0x00007ffc55030000 - 0x00007ffc55cc6000 	C:\Program Files\Android\Android Studio\jbr\bin\server\jvm.dll
0x00007ffca1d00000 - 0x00007ffca1db1000 	C:\Windows\System32\ADVAPI32.dll
0x00007ffca08f0000 - 0x00007ffca098f000 	C:\Windows\System32\sechost.dll
0x00007ffca19a0000 - 0x00007ffca1ac0000 	C:\Windows\System32\RPCRT4.dll
0x00007ffca03c0000 - 0x00007ffca03e7000 	C:\Windows\System32\bcrypt.dll
0x00007ffca26f0000 - 0x00007ffca275b000 	C:\Windows\System32\WS2_32.dll
0x00007ffc9fdc0000 - 0x00007ffc9fe0b000 	C:\Windows\SYSTEM32\POWRPROF.dll
0x00007ffc8b350000 - 0x00007ffc8b377000 	C:\Windows\SYSTEM32\WINMM.dll
0x00007ffc913a0000 - 0x00007ffc913aa000 	C:\Windows\SYSTEM32\VERSION.dll
0x00007ffc9fda0000 - 0x00007ffc9fdb2000 	C:\Windows\SYSTEM32\UMPDC.dll
0x00007ffc9e760000 - 0x00007ffc9e772000 	C:\Windows\SYSTEM32\kernel.appcore.dll
0x00007ffc99470000 - 0x00007ffc9947a000 	C:\Program Files\Android\Android Studio\jbr\bin\jimage.dll
0x00007ffc9dc60000 - 0x00007ffc9de61000 	C:\Windows\SYSTEM32\DBGHELP.DLL
0x00007ffc76d60000 - 0x00007ffc76d94000 	C:\Windows\SYSTEM32\dbgcore.DLL
0x00007ffca0030000 - 0x00007ffca00b2000 	C:\Windows\System32\bcryptPrimitives.dll
0x00007ffc98bc0000 - 0x00007ffc98be0000 	C:\Program Files\Android\Android Studio\jbr\bin\java.dll
0x00007ffc97110000 - 0x00007ffc97128000 	C:\Program Files\Android\Android Studio\jbr\bin\zip.dll
0x00007ffca0cf0000 - 0x00007ffca1460000 	C:\Windows\System32\SHELL32.dll
0x00007ffc9df70000 - 0x00007ffc9e715000 	C:\Windows\SYSTEM32\windows.storage.dll
0x00007ffca0990000 - 0x00007ffca0ce4000 	C:\Windows\System32\combase.dll
0x00007ffc9f8b0000 - 0x00007ffc9f8db000 	C:\Windows\SYSTEM32\Wldp.dll
0x00007ffca2230000 - 0x00007ffca22fd000 	C:\Windows\System32\OLEAUT32.dll
0x00007ffca1620000 - 0x00007ffca16cd000 	C:\Windows\System32\SHCORE.dll
0x00007ffca15c0000 - 0x00007ffca161b000 	C:\Windows\System32\shlwapi.dll
0x00007ffc9fe90000 - 0x00007ffc9feb4000 	C:\Windows\SYSTEM32\profapi.dll
0x00007ffc98bb0000 - 0x00007ffc98bc0000 	C:\Program Files\Android\Android Studio\jbr\bin\net.dll
0x00007ffc95e50000 - 0x00007ffc95f5a000 	C:\Windows\SYSTEM32\WINHTTP.dll
0x00007ffc9f5c0000 - 0x00007ffc9f62a000 	C:\Windows\system32\mswsock.dll
0x00007ffc96f90000 - 0x00007ffc96fa6000 	C:\Program Files\Android\Android Studio\jbr\bin\nio.dll
0x00007ffc97100000 - 0x00007ffc97110000 	C:\Program Files\Android\Android Studio\jbr\bin\verify.dll
0x00007ffc77e50000 - 0x00007ffc77e77000 	C:\Users\Elsa y Henry\.gradle\native\c067742578af261105cb4f569cf0c3c89f3d7b1fecec35dd04571415982c5e48\windows-amd64\native-platform.dll

JVMTI agents: none

dbghelp: loaded successfully - version: 4.0.5 - missing functions: none
symbol engine: initialized successfully - sym options: 0x614 - pdb path: .;C:\Program Files\Android\Android Studio\jbr\bin;C:\Windows\SYSTEM32;C:\Windows\WinSxS\amd64_microsoft.windows.common-controls_6595b64144ccf1df_6.0.19041.6456_none_60b8a6cb71f64256;C:\Program Files\Android\Android Studio\jbr\bin\server;C:\Users\Elsa y Henry\.gradle\native\c067742578af261105cb4f569cf0c3c89f3d7b1fecec35dd04571415982c5e48\windows-amd64

VM Arguments:
jvm_args: -Dorg.gradle.appname=gradlew 
java_command: org.gradle.wrapper.GradleWrapperMain -q -Ptarget-platform=android-arm,android-arm64,android-x64 -Ptarget=lib\main.dart -Pbase-application-name=android.app.Application -Pdart-defines=RkxVVFRFUl9WRVJTSU9OPTMuNDEuOQ==,RkxVVFRFUl9DSEFOTkVMPXN0YWJsZQ==,RkxVVFRFUl9HSVRfVVJMPWh0dHBzOi8vZ2l0aHViLmNvbS9mbHV0dGVyL2ZsdXR0ZXIuZ2l0,RkxVVFRFUl9GUkFNRVdPUktfUkVWSVNJT049MDBiMGM5MWYwNg==,RkxVVFRFUl9FTkdJTkVfUkVWSVNJT049NDJkM2Q3NWE1Ng==,RkxVVFRFUl9EQVJUX1ZFUlNJT049My4xMS41 -Pdart-obfuscation=false -Ptrack-widget-creation=true -Ptree-shake-icons=true assembleRelease
java_class_path (initial): C:\Users\Elsa y Henry\Pictures\Nueva carpeta\API\Amplificador\hearing_aid_app\android\\gradle\wrapper\gradle-wrapper.jar
Launcher Type: SUN_STANDARD

[Global flags]
     intx CICompilerCount                          = 3                                         {product} {ergonomic}
     uint ConcGCThreads                            = 1                                         {product} {ergonomic}
     uint G1ConcRefinementThreads                  = 4                                         {product} {ergonomic}
   size_t G1HeapRegionSize                         = 1048576                                   {product} {ergonomic}
    uintx GCDrainStackTargetSize                   = 64                                        {product} {ergonomic}
   size_t InitialHeapSize                          = 132120576                                 {product} {ergonomic}
   size_t MarkStackSize                            = 4194304                                   {product} {ergonomic}
   size_t MaxHeapSize                              = 2113929216                                {product} {ergonomic}
   size_t MaxNewSize                               = 1267728384                                {product} {ergonomic}
   size_t MinHeapDeltaBytes                        = 1048576                                   {product} {ergonomic}
   size_t MinHeapSize                              = 8388608                                   {product} {ergonomic}
    uintx NonNMethodCodeHeapSize                   = 5832780                                {pd product} {ergonomic}
    uintx NonProfiledCodeHeapSize                  = 122912730                              {pd product} {ergonomic}
    uintx ProfiledCodeHeapSize                     = 122912730                              {pd product} {ergonomic}
    uintx ReservedCodeCacheSize                    = 251658240                              {pd product} {ergonomic}
     bool SegmentedCodeCache                       = true                                      {product} {ergonomic}
   size_t SoftMaxHeapSize                          = 2113929216                             {manageable} {ergonomic}
     bool UseCompressedOops                        = true                           {product lp64_product} {ergonomic}
     bool UseG1GC                                  = true                                      {product} {ergonomic}
     bool UseLargePagesIndividualAllocation        = false                                  {pd product} {ergonomic}

Logging:
Log output configuration:
 #0: stdout all=warning uptime,level,tags foldmultilines=false
 #1: stderr all=off uptime,level,tags foldmultilines=false

Release file:
JAVA_VERSION="21.0.10" 
MODULES="java.base java.compiler java.datatransfer java.xml java.prefs java.desktop java.instrument java.logging java.management java.security.sasl java.naming java.rmi java.management.rmi java.net.http java.scripting java.security.jgss java.transaction.xa java.sql java.sql.rowset java.xml.crypto java.se java.smartcardio jdk.accessibility jdk.internal.jvmstat jdk.attach jdk.charsets jdk.internal.opt jdk.zipfs jdk.compiler jdk.crypto.ec jdk.crypto.cryptoki jdk.dynalink jdk.hotspot.agent jdk.httpserver jdk.internal.ed jdk.internal.le jdk.internal.vm.ci jdk.jartool jdk.javadoc jdk.jcmd jdk.jdeps jdk.jdwp.agent jdk.jdi jdk.jfr jdk.jlink jdk.jsobject jdk.localedata jdk.management jdk.management.agent jdk.management.jfr jdk.naming.dns jdk.naming.rmi jdk.net jdk.sctp jdk.security.auth jdk.security.jgss jdk.unsupported jdk.unsupported.desktop jdk.xml.dom" 
IMPLEMENTOR="JetBrains s.r.o." 
JAVA_RUNTIME_VERSION="21.0.10+-14961533-b1163.108" 
LIBC="default" 
OS_ARCH="x86_64" 
OS_NAME="Windows" 
SOURCE=".:git:1351622c2ff2" 

Environment Variables:
JAVA_HOME=C:\Program Files\Android\Android Studio\jbr
CLASSPATH=C:\Users\Elsa y Henry\Pictures\Nueva carpeta\API\Amplificador\hearing_aid_app\android\\gradle\wrapper\gradle-wrapper.jar
PATH=C:\Program Files\Android\Android Studio\jbr\bin;C:\Program Files\Android\Android Studio\jbr\bin;C:\Users\Elsa y Henry\Downloads\flutter\bin;C:\Program Files\Android\Android Studio\jbr\bin;C:\Users\Elsa y Henry\Downloads\flutter\bin;C:\Program Files\Android\Android Studio\jbr\bin;C:\Users\Elsa y Henry\Downloads\flutter\bin;C:\Program Files\Android\Android Studio\jbr\bin;C:\Users\Elsa y Henry\Downloads\flutter\bin;C:\Users\Elsa y Henry\Downloads\flutter\bin;C:\Users\Elsa y Henry\Downloads\flutter\bin;C:\Users\Elsa y Henry\Downloads\flutter\bin;C:\Users\Elsa y Henry\Downloads\flutter\bin;C:\Users\Elsa y Henry\Downloads\flutter\bin;C:\Users\Elsa y Henry\Downloads\flutter\bin;C:\Users\Elsa y Henry\Downloads\flutter\bin;C:\Users\Elsa y Henry\Pictures\Nueva carpeta\API\flutter\bin;C:\Users\Elsa y Henry\Pictures\Nueva carpeta\API\flutter\bin;C:\Python313\Scripts\;C:\Python313\;C:\Windows\system32;C:\Windows;C:\Windows\System32\Wbem;C:\Windows\System32\WindowsPowerShell\v1.0\;C:\Windows\System32\OpenSSH\;C:\Program Files\nodejs\;C:\ProgramData\chocolatey\bin;C:\Program Files (x86)\Microsoft SQL Server\Client SDK\ODBC\110\Tools\Binn\;C:\Program Files (x86)\Microsoft SQL Server\120\Tools\Binn\;C:\Program Files (x86)\Microsoft SQL Server\120\DTS\Binn\;C:\Program Files\Point Grey Research\FlyCap2 Viewer\bin64;%FC2PATH\vs2013;C:\Program Files\Point Grey Research\FlyCap2 Viewer\bin64\vs2015;C:\Program Files\Git\cmd;C:\Users\Elsa y Henry\AppData\Local\Microsoft\WindowsApps;C:\Users\Elsa y Henry\AppData\Roaming\npm;C:\Users\Elsa y Henry\AppData\Local\Programs\Antigravity\bin;C:\Users\Elsa y Henry\AppData\Local\Microsoft\WinGet\Packages\astral-sh.uv_Microsoft.Winget.Source_8wekyb3d8bbwe;C:\Users\Elsa y Henry\AppData\Local\Programs\Kiro\bin;C:\Users\Elsa y Henry\Downloads\flutter\bin\mingit\cmd
USERNAME=Elsa y Henry
LANG=en_US.UTF-8
OS=Windows_NT
PROCESSOR_IDENTIFIER=Intel64 Family 6 Model 142 Stepping 9, GenuineIntel
TMP=C:\Users\Elsa y Henry\AppData\Local\Temp
TEMP=C:\Users\Elsa y Henry\AppData\Local\Temp




Periodic native trim disabled

JNI global refs:
JNI global refs: 7, weak refs: 0

JNI global refs memory usage: 835, weak refs: 201

Process memory usage:
Resident Set Size: 90516K (1% of 8251180K total physical memory with 723376K free physical memory)

OOME stack traces (most recent first):
Classloader memory used:
Loader bootstrap                                                                       : 10560K
Loader org.gradle.internal.classloader.VisitableURLClassLoader                         : 2322K
Loader java.net.URLClassLoader                                                         : 227K
Loader jdk.internal.loader.ClassLoaders$AppClassLoader                                 : 147K

Classes loaded by more than one classloader:
Class org.gradle.cli.AbstractPropertiesCommandLineConverter                           : loaded 2 times (x 83B)
Class org.gradle.cli.CommandLineParser                                                : loaded 2 times (x 79B)
Class org.gradle.internal.service.UnknownServiceException                             : loaded 2 times (x 83B)
Class org.gradle.cli.SystemPropertiesCommandLineConverter                             : loaded 2 times (x 83B)
Class org.gradle.cli.CommandLineArgumentException                                     : loaded 2 times (x 82B)
Class org.gradle.cli.CommandLineParser$KnownOptionParserState                         : loaded 2 times (x 76B)
Class org.gradle.cli.CommandLineParser$OptionAwareParserState                         : loaded 2 times (x 77B)
Class org.gradle.cli.ParsedCommandLine                                                : loaded 2 times (x 80B)
Class org.gradle.cli.CommandLineParser$UnknownOptionParserState                       : loaded 2 times (x 76B)
Class org.gradle.cli.ParsedCommandLineOption                                          : loaded 2 times (x 76B)
Class org.gradle.api.UncheckedIOException                                             : loaded 2 times (x 82B)
Class org.gradle.cli.CommandLineParser$AfterFirstSubCommand                           : loaded 2 times (x 77B)
Class org.gradle.internal.installation.GradleInstallation$1                           : loaded 2 times (x 75B)
Class org.gradle.cli.CommandLineOption                                                : loaded 2 times (x 86B)
Class org.gradle.cli.CommandLineParser$BeforeFirstSubCommand                          : loaded 2 times (x 77B)
Class org.gradle.internal.service.ServiceLookupException                              : loaded 2 times (x 82B)
Class org.gradle.cli.CommandLineParser$OptionParserState                              : loaded 2 times (x 75B)
Class org.gradle.internal.classloader.ClasspathUtil                                   : loaded 2 times (x 71B)
Class org.gradle.api.specs.Spec                                                       : loaded 2 times (x 70B)
Class org.gradle.internal.Cast                                                        : loaded 2 times (x 71B)
Class org.gradle.api.Action                                                           : loaded 2 times (x 70B)
Class org.gradle.cli.AbstractCommandLineConverter                                     : loaded 2 times (x 79B)
Class org.gradle.api.GradleException                                                  : loaded 2 times (x 82B)
Class org.gradle.internal.IoActions                                                   : loaded 2 times (x 71B)
Class org.gradle.cli.CommandLineConverter                                             : loaded 2 times (x 70B)
Class org.gradle.cli.CommandLineParser$MissingOptionArgState                          : loaded 2 times (x 77B)
Class org.gradle.cli.CommandLineParser$ParserState                                    : loaded 2 times (x 76B)
Class org.gradle.cli.CommandLineParser$OptionString                                   : loaded 2 times (x 73B)
Class org.gradle.internal.installation.CurrentGradleInstallationLocator               : loaded 2 times (x 71B)
Class org.gradle.internal.installation.CurrentGradleInstallation                      : loaded 2 times (x 73B)
Class org.gradle.cli.CommandLineParser$AfterOptions                                   : loaded 2 times (x 77B)
Class org.gradle.internal.installation.GradleInstallation                             : loaded 2 times (x 75B)

---------------  S Y S T E M  ---------------

OS:
 Windows 10 , 64 bit Build 19041 (10.0.19041.5915)
OS uptime: 1 days 6:33 hours
Hyper-V role detected

CPU: total 4 (initial active 4) (2 cores per cpu, 2 threads per core) family 6 model 142 stepping 9 microcode 0xb4, cx8, cmov, fxsr, ht, mmx, 3dnowpref, sse, sse2, sse3, ssse3, sse4.1, sse4.2, popcnt, lzcnt, tsc, tscinvbit, avx, avx2, aes, erms, clmul, bmi1, bmi2, adx, fma, vzeroupper, clflush, clflushopt, hv, rdtscp, f16c
Processor Information for the first 4 processors :
  Max Mhz: 2701, Current Mhz: 2701, Mhz Limit: 2701

Memory: 4k page, system-wide physical 8057M (706M free)
TotalPageFile size 16114M (AvailPageFile size 4M)
current process WorkingSet (physical memory assigned to process): 88M, peak: 88M
current process commit charge ("private bytes"): 213M, peak: 214M

vm_info: OpenJDK 64-Bit Server VM (21.0.10+-14961533-b1163.108) for windows-amd64 JRE (21.0.10+-14961533-b1163.108), built on 2026-03-02T19:58:50Z by "builder" with MS VC++ 16.10 / 16.11 (VS2019)

END.
