#
# There is insufficient memory for the Java Runtime Environment to continue.
# Native memory allocation (malloc) failed to allocate 1931376 bytes. Error detail: Chunk::new
# Possible reasons:
#   The system is out of physical RAM or swap space
#   This process is running with CompressedOops enabled, and the Java Heap may be blocking the growth of the native heap
# Possible solutions:
#   Reduce memory load on the system
#   Increase physical memory or swap space
#   Check if swap backing store is full
#   Decrease Java heap size (-Xmx/-Xms)
#   Decrease number of Java threads
#   Decrease Java thread stack sizes (-Xss)
#   Set larger code cache with -XX:ReservedCodeCacheSize=
#   JVM is running with Zero Based Compressed Oops mode in which the Java heap is
#     placed in the first 32GB address space. The Java Heap base address is the
#     maximum limit for the native heap growth. Please use -XX:HeapBaseMinAddress
#     to set the Java Heap base and to place the Java Heap above 32GB virtual address.
# This output file may be truncated or incomplete.
#
#  Out of Memory Error (arena.cpp:168), pid=9284, tid=18376
#
# JRE version: OpenJDK Runtime Environment (21.0.10) (build 21.0.10+-14961533-b1163.108)
# Java VM: OpenJDK 64-Bit Server VM (21.0.10+-14961533-b1163.108, mixed mode, tiered, compressed oops, compressed class ptrs, g1 gc, windows-amd64)
# No core dump will be written. Minidumps are not enabled by default on client versions of Windows
#

---------------  S U M M A R Y ------------

Command Line: -XX:MaxMetaspaceSize=2G -XX:+HeapDumpOnOutOfMemoryError --add-opens=java.base/java.util=ALL-UNNAMED --add-opens=java.base/java.lang=ALL-UNNAMED --add-opens=java.base/java.lang.invoke=ALL-UNNAMED --add-opens=java.prefs/java.util.prefs=ALL-UNNAMED --add-opens=java.base/java.nio.charset=ALL-UNNAMED --add-opens=java.base/java.net=ALL-UNNAMED --add-opens=java.base/java.util.concurrent.atomic=ALL-UNNAMED -Xmx4G -Dfile.encoding=UTF-8 -Duser.country=AR -Duser.language=es -Duser.variant -javaagent:C:\Users\Elsa y Henry\.gradle\wrapper\dists\gradle-8.4-all\56r6xik2f6skrm47et0ibifug\gradle-8.4\lib\agents\gradle-instrumentation-agent-8.4.jar org.gradle.launcher.daemon.bootstrap.GradleDaemon 8.4

Host: Intel(R) Core(TM) i5-7200U CPU @ 2.50GHz, 4 cores, 7G,  Windows 10 , 64 bit Build 19041 (10.0.19041.5915)
Time: Tue May 26 16:57:59 2026 Hora estándar de Argentina elapsed time: 103.982848 seconds (0d 0h 1m 43s)

---------------  T H R E A D  ---------------

Current thread (0x000002024a925090):  JavaThread "C2 CompilerThread0" daemon [_thread_in_native, id=18376, stack(0x000000708fb00000,0x000000708fc00000) (1024K)]


Current CompileTask:
C2:103982 20291 %     4       org.objectweb.asm.ClassReader::readCode @ 2186 (5117 bytes)

Stack: [0x000000708fb00000,0x000000708fc00000]
Native frames: (J=compiled Java code, j=interpreted, Vv=VM code, C=native code)
V  [jvm.dll+0x6d78a9]
V  [jvm.dll+0x8665b3]
V  [jvm.dll+0x868bde]
V  [jvm.dll+0x8692c3]
V  [jvm.dll+0x280ee6]
V  [jvm.dll+0xc07cd]
V  [jvm.dll+0xc0d03]
V  [jvm.dll+0x3ba091]
V  [jvm.dll+0x385df7]
V  [jvm.dll+0x38526a]
V  [jvm.dll+0x249bd2]
V  [jvm.dll+0x2491a1]
V  [jvm.dll+0x1c76e4]
V  [jvm.dll+0x25891e]
V  [jvm.dll+0x256e66]
V  [jvm.dll+0x3f513e]
V  [jvm.dll+0x80fd28]
V  [jvm.dll+0x6d60fd]
C  [ucrtbase.dll+0x21bb2]
C  [KERNEL32.DLL+0x17374]
C  [ntdll.dll+0x4cc91]


---------------  P R O C E S S  ---------------

Threads class SMR info:
_java_thread_list=0x0000020255bcdc80, length=34, elements={
0x0000020231126990, 0x000002024a8f3050, 0x000002024a90dd50, 0x000002024a90e680,
0x000002024a91a3d0, 0x000002024a91ae30, 0x000002024a91b890, 0x000002024a91c2f0,
0x000002024a925090, 0x000002024a92d050, 0x000002024abf7f30, 0x00000202501cb5b0,
0x00000202511affe0, 0x000002025106c630, 0x0000020250651df0, 0x00000202501bbc20,
0x0000020250b028e0, 0x00000202501bcaa0, 0x0000020250953440, 0x0000020250951a00,
0x0000020250952db0, 0x0000020250953ad0, 0x0000020250954160, 0x0000020250951370,
0x0000020250952720, 0x000002025029a450, 0x00000202502990a0, 0x0000020250295c20,
0x00000202502941e0, 0x0000020250299730, 0x0000020250298380, 0x00000202502962b0,
0x0000020250296fd0, 0x0000020250299dc0
}

Java Threads: ( => current thread )
  0x0000020231126990 JavaThread "main"                              [_thread_blocked, id=16856, stack(0x000000708ec00000,0x000000708ed00000) (1024K)]
  0x000002024a8f3050 JavaThread "Common-Cleaner"             daemon [_thread_blocked, id=17564, stack(0x000000708f400000,0x000000708f500000) (1024K)]
  0x000002024a90dd50 JavaThread "Reference Handler"          daemon [_thread_blocked, id=11496, stack(0x000000708f500000,0x000000708f600000) (1024K)]
  0x000002024a90e680 JavaThread "Finalizer"                  daemon [_thread_blocked, id=17480, stack(0x000000708f600000,0x000000708f700000) (1024K)]
  0x000002024a91a3d0 JavaThread "Signal Dispatcher"          daemon [_thread_blocked, id=17848, stack(0x000000708f700000,0x000000708f800000) (1024K)]
  0x000002024a91ae30 JavaThread "Attach Listener"            daemon [_thread_blocked, id=5228, stack(0x000000708f800000,0x000000708f900000) (1024K)]
  0x000002024a91b890 JavaThread "Service Thread"             daemon [_thread_blocked, id=14288, stack(0x000000708f900000,0x000000708fa00000) (1024K)]
  0x000002024a91c2f0 JavaThread "Monitor Deflation Thread"   daemon [_thread_blocked, id=18032, stack(0x000000708fa00000,0x000000708fb00000) (1024K)]
=>0x000002024a925090 JavaThread "C2 CompilerThread0"         daemon [_thread_in_native, id=18376, stack(0x000000708fb00000,0x000000708fc00000) (1024K)]
  0x000002024a92d050 JavaThread "C1 CompilerThread0"         daemon [_thread_blocked, id=6432, stack(0x000000708fc00000,0x000000708fd00000) (1024K)]
  0x000002024abf7f30 JavaThread "Notification Thread"        daemon [_thread_blocked, id=15544, stack(0x000000708fd00000,0x000000708fe00000) (1024K)]
  0x00000202501cb5b0 JavaThread "Daemon health stats"               [_thread_blocked, id=17312, stack(0x0000007090200000,0x0000007090300000) (1024K)]
  0x00000202511affe0 JavaThread "Incoming local TCP Connector on port 51399"        [_thread_in_native, id=8776, stack(0x0000007090300000,0x0000007090400000) (1024K)]
  0x000002025106c630 JavaThread "Daemon periodic checks"            [_thread_blocked, id=12552, stack(0x0000007090400000,0x0000007090500000) (1024K)]
  0x0000020250651df0 JavaThread "Daemon"                            [_thread_blocked, id=17912, stack(0x0000007090500000,0x0000007090600000) (1024K)]
  0x00000202501bbc20 JavaThread "Handler for socket connection from /127.0.0.1:51399 to /127.0.0.1:51400"        [_thread_in_native, id=16996, stack(0x0000007090600000,0x0000007090700000) (1024K)]
  0x0000020250b028e0 JavaThread "Cancel handler"                    [_thread_blocked, id=14400, stack(0x0000007090700000,0x0000007090800000) (1024K)]
  0x00000202501bcaa0 JavaThread "Daemon worker"                     [_thread_in_Java, id=1688, stack(0x0000007090800000,0x0000007090900000) (1024K)]
  0x0000020250953440 JavaThread "Asynchronous log dispatcher for DefaultDaemonConnection: socket connection from /127.0.0.1:51399 to /127.0.0.1:51400"        [_thread_blocked, id=17356, stack(0x0000007090900000,0x0000007090a00000) (1024K)]
  0x0000020250951a00 JavaThread "Stdin handler"                     [_thread_blocked, id=12396, stack(0x0000007090a00000,0x0000007090b00000) (1024K)]
  0x0000020250952db0 JavaThread "Daemon client event forwarder"        [_thread_blocked, id=17644, stack(0x0000007090b00000,0x0000007090c00000) (1024K)]
  0x0000020250953ad0 JavaThread "Cache worker for journal cache (C:\Users\Elsa y Henry\.gradle\caches\journal-1)"        [_thread_blocked, id=6980, stack(0x0000007090c00000,0x0000007090d00000) (1024K)]
  0x0000020250954160 JavaThread "File lock request listener"        [_thread_in_native, id=564, stack(0x0000007090d00000,0x0000007090e00000) (1024K)]
  0x0000020250951370 JavaThread "Cache worker for file hash cache (C:\Users\Elsa y Henry\.gradle\caches\8.4\fileHashes)"        [_thread_blocked, id=11760, stack(0x0000007090e00000,0x0000007090f00000) (1024K)]
  0x0000020250952720 JavaThread "File watcher server"        daemon [_thread_in_native, id=6156, stack(0x0000007090f00000,0x0000007091000000) (1024K)]
  0x000002025029a450 JavaThread "File watcher consumer"      daemon [_thread_blocked, id=16744, stack(0x0000007091000000,0x0000007091100000) (1024K)]
  0x00000202502990a0 JavaThread "Cache worker for checksums cache (C:\Users\Elsa y Henry\Pictures\Nueva carpeta\API\Amplificador\hearing_aid_app\android\.gradle\8.4\checksums)"        [_thread_blocked, id=15640, stack(0x0000007091100000,0x0000007091200000) (1024K)]
  0x0000020250295c20 JavaThread "Cache worker for file hash cache (C:\Users\Elsa y Henry\Pictures\Nueva carpeta\API\Amplificador\hearing_aid_app\android\.gradle\8.4\fileHashes)"        [_thread_blocked, id=15932, stack(0x0000007091200000,0x0000007091300000) (1024K)]
  0x00000202502941e0 JavaThread "Cache worker for cache directory md-supplier (C:\Users\Elsa y Henry\.gradle\caches\8.4\md-supplier)"        [_thread_blocked, id=13724, stack(0x0000007091300000,0x0000007091400000) (1024K)]
  0x0000020250299730 JavaThread "Cache worker for file content cache (C:\Users\Elsa y Henry\.gradle\caches\8.4\fileContent)"        [_thread_blocked, id=17464, stack(0x0000007091400000,0x0000007091500000) (1024K)]
  0x0000020250298380 JavaThread "Cache worker for cache directory md-rule (C:\Users\Elsa y Henry\.gradle\caches\8.4\md-rule)"        [_thread_blocked, id=15836, stack(0x0000007091500000,0x0000007091600000) (1024K)]
  0x00000202502962b0 JavaThread "Cache worker for execution history cache (C:\Users\Elsa y Henry\.gradle\caches\8.4\executionHistory)"        [_thread_blocked, id=15060, stack(0x0000007091600000,0x0000007091700000) (1024K)]
  0x0000020250296fd0 JavaThread "jar transforms"                    [_thread_blocked, id=17396, stack(0x000000708fe00000,0x000000708ff00000) (1024K)]
  0x0000020250299dc0 JavaThread "Cache worker for kotlin-dsl (C:\Users\Elsa y Henry\.gradle\caches\8.4\kotlin-dsl)"        [_thread_blocked, id=16812, stack(0x0000007091700000,0x0000007091800000) (1024K)]
Total: 34

Other Threads:
  0x000002024a78d770 VMThread "VM Thread"                           [id=1592, stack(0x000000708f300000,0x000000708f400000) (1024K)]
  0x000002024a6f9240 WatcherThread "VM Periodic Task Thread"        [id=14436, stack(0x000000708f200000,0x000000708f300000) (1024K)]
  0x000002023118b480 WorkerThread "GC Thread#0"                     [id=16208, stack(0x000000708ed00000,0x000000708ee00000) (1024K)]
  0x000002024f14ce50 WorkerThread "GC Thread#1"                     [id=6220, stack(0x000000708ff00000,0x0000007090000000) (1024K)]
  0x000002024f14d200 WorkerThread "GC Thread#2"                     [id=11276, stack(0x0000007090000000,0x0000007090100000) (1024K)]
  0x000002024f98b6f0 WorkerThread "GC Thread#3"                     [id=9264, stack(0x0000007090100000,0x0000007090200000) (1024K)]
  0x000002023119dd10 ConcurrentGCThread "G1 Main Marker"            [id=15904, stack(0x000000708ee00000,0x000000708ef00000) (1024K)]
  0x00000202311a0ee0 WorkerThread "G1 Conc#0"                       [id=16848, stack(0x000000708ef00000,0x000000708f000000) (1024K)]
  0x000002024a5d10a0 ConcurrentGCThread "G1 Refine#0"               [id=10000, stack(0x000000708f000000,0x000000708f100000) (1024K)]
  0x000002024a5d1b30 ConcurrentGCThread "G1 Service"                [id=16236, stack(0x000000708f100000,0x000000708f200000) (1024K)]
Total: 10

Threads with active compile tasks:
C2 CompilerThread0  104039 20291 %     4       org.objectweb.asm.ClassReader::readCode @ 2186 (5117 bytes)
Total: 1

VM state: not at safepoint (normal execution)

VM Mutex/Monitor currently owned by a thread: None

Heap address: 0x0000000700000000, size: 4096 MB, Compressed Oops mode: Zero based, Oop shift amount: 3

CDS archive(s) not mapped
Compressed class space mapped at: 0x0000000800000000-0x0000000840000000, reserved size: 1073741824
Narrow klass base: 0x0000000800000000, Narrow klass shift: 0, Narrow klass range: 0x40000000

GC Precious Log:
 CardTable entry size: 512
 Card Set container configuration: InlinePtr #cards 4 size 8 Array Of Cards #cards 16 size 48 Howl #buckets 8 coarsen threshold 3686 Howl Bitmap #cards 512 size 80 coarsen threshold 460 Card regions per heap region 1 cards per card region 4096
 CPUs: 4 total, 4 available
 Memory: 8057M
 Large Page Support: Disabled
 NUMA Support: Disabled
 Compressed Oops: Enabled (Zero based)
 Heap Region Size: 2M
 Heap Min Capacity: 8M
 Heap Initial Capacity: 126M
 Heap Max Capacity: 4G
 Pre-touch: Disabled
 Parallel Workers: 4
 Concurrent Workers: 1
 Concurrent Refinement Workers: 4
 Periodic GC: Disabled

Heap:
 garbage-first heap   total 319488K, used 188608K [0x0000000700000000, 0x0000000800000000)
  region size 2048K, 39 young (79872K), 3 survivors (6144K)
 Metaspace       used 126251K, committed 127936K, reserved 1179648K
  class space    used 15350K, committed 16192K, reserved 1048576K

Heap Regions: E=young(eden), S=young(survivor), O=old, HS=humongous(starts), HC=humongous(continues), CS=collection set, F=free, TAMS=top-at-mark-start, PB=parsable bottom
|   0|0x0000000700000000, 0x0000000700200000, 0x0000000700200000|100%|HS|  |TAMS 0x0000000700000000| PB 0x0000000700000000| Complete 
|   1|0x0000000700200000, 0x0000000700400000, 0x0000000700400000|100%|HC|  |TAMS 0x0000000700200000| PB 0x0000000700200000| Complete 
|   2|0x0000000700400000, 0x0000000700600000, 0x0000000700600000|100%| O|  |TAMS 0x0000000700400000| PB 0x0000000700400000| Untracked 
|   3|0x0000000700600000, 0x0000000700800000, 0x0000000700800000|100%| O|  |TAMS 0x0000000700600000| PB 0x0000000700600000| Untracked 
|   4|0x0000000700800000, 0x0000000700a00000, 0x0000000700a00000|100%| O|  |TAMS 0x0000000700800000| PB 0x0000000700800000| Untracked 
|   5|0x0000000700a00000, 0x0000000700c00000, 0x0000000700c00000|100%| O|  |TAMS 0x0000000700a00000| PB 0x0000000700a00000| Untracked 
|   6|0x0000000700c00000, 0x0000000700e00000, 0x0000000700e00000|100%| O|  |TAMS 0x0000000700c00000| PB 0x0000000700c00000| Untracked 
|   7|0x0000000700e00000, 0x0000000701000000, 0x0000000701000000|100%| O|  |TAMS 0x0000000700e00000| PB 0x0000000700e00000| Untracked 
|   8|0x0000000701000000, 0x0000000701200000, 0x0000000701200000|100%| O|  |TAMS 0x0000000701000000| PB 0x0000000701000000| Untracked 
|   9|0x0000000701200000, 0x0000000701400000, 0x0000000701400000|100%| O|  |TAMS 0x0000000701200000| PB 0x0000000701200000| Untracked 
|  10|0x0000000701400000, 0x0000000701600000, 0x0000000701600000|100%| O|  |TAMS 0x0000000701400000| PB 0x0000000701400000| Untracked 
|  11|0x0000000701600000, 0x0000000701800000, 0x0000000701800000|100%| O|  |TAMS 0x0000000701600000| PB 0x0000000701600000| Untracked 
|  12|0x0000000701800000, 0x0000000701a00000, 0x0000000701a00000|100%| O|  |TAMS 0x0000000701800000| PB 0x0000000701800000| Untracked 
|  13|0x0000000701a00000, 0x0000000701c00000, 0x0000000701c00000|100%| O|  |TAMS 0x0000000701a00000| PB 0x0000000701a00000| Untracked 
|  14|0x0000000701c00000, 0x0000000701e00000, 0x0000000701e00000|100%| O|  |TAMS 0x0000000701c00000| PB 0x0000000701c00000| Untracked 
|  15|0x0000000701e00000, 0x0000000702000000, 0x0000000702000000|100%| O|  |TAMS 0x0000000701e00000| PB 0x0000000701e00000| Untracked 
|  16|0x0000000702000000, 0x0000000702000000, 0x0000000702200000|  0%| F|  |TAMS 0x0000000702000000| PB 0x0000000702000000| Untracked 
|  17|0x0000000702200000, 0x0000000702400000, 0x0000000702400000|100%| O|  |TAMS 0x0000000702200000| PB 0x0000000702200000| Untracked 
|  18|0x0000000702400000, 0x0000000702600000, 0x0000000702600000|100%| O|  |TAMS 0x0000000702400000| PB 0x0000000702400000| Untracked 
|  19|0x0000000702600000, 0x0000000702800000, 0x0000000702800000|100%| O|  |TAMS 0x0000000702600000| PB 0x0000000702600000| Untracked 
|  20|0x0000000702800000, 0x0000000702800000, 0x0000000702a00000|  0%| F|  |TAMS 0x0000000702800000| PB 0x0000000702800000| Untracked 
|  21|0x0000000702a00000, 0x0000000702a00000, 0x0000000702c00000|  0%| F|  |TAMS 0x0000000702a00000| PB 0x0000000702a00000| Untracked 
|  22|0x0000000702c00000, 0x0000000702c8b300, 0x0000000702e00000| 27%| O|  |TAMS 0x0000000702c00000| PB 0x0000000702c00000| Untracked 
|  23|0x0000000702e00000, 0x0000000702e00000, 0x0000000703000000|  0%| F|  |TAMS 0x0000000702e00000| PB 0x0000000702e00000| Untracked 
|  24|0x0000000703000000, 0x0000000703000000, 0x0000000703200000|  0%| F|  |TAMS 0x0000000703000000| PB 0x0000000703000000| Untracked 
|  25|0x0000000703200000, 0x0000000703200000, 0x0000000703400000|  0%| F|  |TAMS 0x0000000703200000| PB 0x0000000703200000| Untracked 
|  26|0x0000000703400000, 0x0000000703400000, 0x0000000703600000|  0%| F|  |TAMS 0x0000000703400000| PB 0x0000000703400000| Untracked 
|  27|0x0000000703600000, 0x0000000703800000, 0x0000000703800000|100%| O|  |TAMS 0x0000000703600000| PB 0x0000000703600000| Untracked 
|  28|0x0000000703800000, 0x0000000703a00000, 0x0000000703a00000|100%| O|  |TAMS 0x0000000703800000| PB 0x0000000703800000| Untracked 
|  29|0x0000000703a00000, 0x0000000703c00000, 0x0000000703c00000|100%| O|  |TAMS 0x0000000703a00000| PB 0x0000000703a00000| Untracked 
|  30|0x0000000703c00000, 0x0000000703e00000, 0x0000000703e00000|100%| O|  |TAMS 0x0000000703c00000| PB 0x0000000703c00000| Untracked 
|  31|0x0000000703e00000, 0x0000000703e00000, 0x0000000704000000|  0%| F|  |TAMS 0x0000000703e00000| PB 0x0000000703e00000| Untracked 
|  32|0x0000000704000000, 0x0000000704200000, 0x0000000704200000|100%| O|  |TAMS 0x0000000704000000| PB 0x0000000704000000| Untracked 
|  33|0x0000000704200000, 0x0000000704400000, 0x0000000704400000|100%| O|  |TAMS 0x0000000704200000| PB 0x0000000704200000| Untracked 
|  34|0x0000000704400000, 0x0000000704600000, 0x0000000704600000|100%| O|  |TAMS 0x0000000704400000| PB 0x0000000704400000| Untracked 
|  35|0x0000000704600000, 0x0000000704800000, 0x0000000704800000|100%| O|  |TAMS 0x0000000704600000| PB 0x0000000704600000| Untracked 
|  36|0x0000000704800000, 0x0000000704a00000, 0x0000000704a00000|100%| O|  |TAMS 0x0000000704800000| PB 0x0000000704800000| Untracked 
|  37|0x0000000704a00000, 0x0000000704c00000, 0x0000000704c00000|100%| O|  |TAMS 0x0000000704a00000| PB 0x0000000704a00000| Untracked 
|  38|0x0000000704c00000, 0x0000000704e00000, 0x0000000704e00000|100%| O|  |TAMS 0x0000000704c00000| PB 0x0000000704c00000| Untracked 
|  39|0x0000000704e00000, 0x0000000705000000, 0x0000000705000000|100%| O|  |TAMS 0x0000000704e00000| PB 0x0000000704e00000| Untracked 
|  40|0x0000000705000000, 0x0000000705200000, 0x0000000705200000|100%| O|  |TAMS 0x0000000705000000| PB 0x0000000705000000| Untracked 
|  41|0x0000000705200000, 0x0000000705400000, 0x0000000705400000|100%| O|  |TAMS 0x0000000705200000| PB 0x0000000705200000| Untracked 
|  42|0x0000000705400000, 0x0000000705600000, 0x0000000705600000|100%| O|  |TAMS 0x0000000705400000| PB 0x0000000705400000| Untracked 
|  43|0x0000000705600000, 0x0000000705800000, 0x0000000705800000|100%| O|  |TAMS 0x0000000705600000| PB 0x0000000705600000| Untracked 
|  44|0x0000000705800000, 0x0000000705a00000, 0x0000000705a00000|100%| O|  |TAMS 0x0000000705800000| PB 0x0000000705800000| Untracked 
|  45|0x0000000705a00000, 0x0000000705c00000, 0x0000000705c00000|100%| O|  |TAMS 0x0000000705a00000| PB 0x0000000705a00000| Untracked 
|  46|0x0000000705c00000, 0x0000000705e00000, 0x0000000705e00000|100%| O|  |TAMS 0x0000000705c00000| PB 0x0000000705c00000| Untracked 
|  47|0x0000000705e00000, 0x0000000706000000, 0x0000000706000000|100%| O|  |TAMS 0x0000000705e00000| PB 0x0000000705e00000| Untracked 
|  48|0x0000000706000000, 0x0000000706200000, 0x0000000706200000|100%| O|  |TAMS 0x0000000706000000| PB 0x0000000706000000| Untracked 
|  49|0x0000000706200000, 0x0000000706400000, 0x0000000706400000|100%| O|  |TAMS 0x0000000706200000| PB 0x0000000706200000| Untracked 
|  50|0x0000000706400000, 0x0000000706600000, 0x0000000706600000|100%| O|  |TAMS 0x0000000706400000| PB 0x0000000706400000| Untracked 
|  51|0x0000000706600000, 0x0000000706800000, 0x0000000706800000|100%| O|  |TAMS 0x0000000706600000| PB 0x0000000706600000| Untracked 
|  52|0x0000000706800000, 0x0000000706a00000, 0x0000000706a00000|100%| O|  |TAMS 0x0000000706800000| PB 0x0000000706800000| Untracked 
|  53|0x0000000706a00000, 0x0000000706c00000, 0x0000000706c00000|100%| O|  |TAMS 0x0000000706a00000| PB 0x0000000706a00000| Untracked 
|  54|0x0000000706c00000, 0x0000000706e00000, 0x0000000706e00000|100%| O|  |TAMS 0x0000000706c00000| PB 0x0000000706c00000| Untracked 
|  55|0x0000000706e00000, 0x0000000707000000, 0x0000000707000000|100%| O|  |TAMS 0x0000000706e00000| PB 0x0000000706e00000| Untracked 
|  56|0x0000000707000000, 0x0000000707200000, 0x0000000707200000|100%| O|  |TAMS 0x0000000707000000| PB 0x0000000707000000| Untracked 
|  57|0x0000000707200000, 0x0000000707400000, 0x0000000707400000|100%| O|  |TAMS 0x0000000707200000| PB 0x0000000707200000| Untracked 
|  58|0x0000000707400000, 0x0000000707600000, 0x0000000707600000|100%| O|  |TAMS 0x0000000707400000| PB 0x0000000707400000| Untracked 
|  59|0x0000000707600000, 0x0000000707800000, 0x0000000707800000|100%|HS|  |TAMS 0x0000000707600000| PB 0x0000000707600000| Complete 
|  60|0x0000000707800000, 0x0000000707a00000, 0x0000000707a00000|100%|HC|  |TAMS 0x0000000707800000| PB 0x0000000707800000| Complete 
|  61|0x0000000707a00000, 0x0000000707c00000, 0x0000000707c00000|100%|HC|  |TAMS 0x0000000707a00000| PB 0x0000000707a00000| Complete 
|  62|0x0000000707c00000, 0x0000000707c00000, 0x0000000707e00000|  0%| F|  |TAMS 0x0000000707c00000| PB 0x0000000707c00000| Untracked 
|  63|0x0000000707e00000, 0x0000000707fa4f18, 0x0000000708000000| 82%| S|CS|TAMS 0x0000000707e00000| PB 0x0000000707e00000| Complete 
|  64|0x0000000708000000, 0x0000000708200000, 0x0000000708200000|100%| S|CS|TAMS 0x0000000708000000| PB 0x0000000708000000| Complete 
|  65|0x0000000708200000, 0x0000000708400000, 0x0000000708400000|100%| S|CS|TAMS 0x0000000708200000| PB 0x0000000708200000| Complete 
|  66|0x0000000708400000, 0x0000000708400000, 0x0000000708600000|  0%| F|  |TAMS 0x0000000708400000| PB 0x0000000708400000| Untracked 
|  67|0x0000000708600000, 0x0000000708600000, 0x0000000708800000|  0%| F|  |TAMS 0x0000000708600000| PB 0x0000000708600000| Untracked 
|  68|0x0000000708800000, 0x0000000708800000, 0x0000000708a00000|  0%| F|  |TAMS 0x0000000708800000| PB 0x0000000708800000| Untracked 
|  69|0x0000000708a00000, 0x0000000708a00000, 0x0000000708c00000|  0%| F|  |TAMS 0x0000000708a00000| PB 0x0000000708a00000| Untracked 
|  70|0x0000000708c00000, 0x0000000708c00000, 0x0000000708e00000|  0%| F|  |TAMS 0x0000000708c00000| PB 0x0000000708c00000| Untracked 
|  71|0x0000000708e00000, 0x0000000708e00000, 0x0000000709000000|  0%| F|  |TAMS 0x0000000708e00000| PB 0x0000000708e00000| Untracked 
|  72|0x0000000709000000, 0x0000000709000000, 0x0000000709200000|  0%| F|  |TAMS 0x0000000709000000| PB 0x0000000709000000| Untracked 
|  73|0x0000000709200000, 0x0000000709200000, 0x0000000709400000|  0%| F|  |TAMS 0x0000000709200000| PB 0x0000000709200000| Untracked 
|  74|0x0000000709400000, 0x0000000709400000, 0x0000000709600000|  0%| F|  |TAMS 0x0000000709400000| PB 0x0000000709400000| Untracked 
|  75|0x0000000709600000, 0x0000000709600000, 0x0000000709800000|  0%| F|  |TAMS 0x0000000709600000| PB 0x0000000709600000| Untracked 
|  76|0x0000000709800000, 0x0000000709800000, 0x0000000709a00000|  0%| F|  |TAMS 0x0000000709800000| PB 0x0000000709800000| Untracked 
|  77|0x0000000709a00000, 0x0000000709a00000, 0x0000000709c00000|  0%| F|  |TAMS 0x0000000709a00000| PB 0x0000000709a00000| Untracked 
|  78|0x0000000709c00000, 0x0000000709c00000, 0x0000000709e00000|  0%| F|  |TAMS 0x0000000709c00000| PB 0x0000000709c00000| Untracked 
|  79|0x0000000709e00000, 0x0000000709e00000, 0x000000070a000000|  0%| F|  |TAMS 0x0000000709e00000| PB 0x0000000709e00000| Untracked 
|  80|0x000000070a000000, 0x000000070a000000, 0x000000070a200000|  0%| F|  |TAMS 0x000000070a000000| PB 0x000000070a000000| Untracked 
|  81|0x000000070a200000, 0x000000070a200000, 0x000000070a400000|  0%| F|  |TAMS 0x000000070a200000| PB 0x000000070a200000| Untracked 
|  82|0x000000070a400000, 0x000000070a400000, 0x000000070a600000|  0%| F|  |TAMS 0x000000070a400000| PB 0x000000070a400000| Untracked 
|  83|0x000000070a600000, 0x000000070a600000, 0x000000070a800000|  0%| F|  |TAMS 0x000000070a600000| PB 0x000000070a600000| Untracked 
|  84|0x000000070a800000, 0x000000070a800000, 0x000000070aa00000|  0%| F|  |TAMS 0x000000070a800000| PB 0x000000070a800000| Untracked 
|  85|0x000000070aa00000, 0x000000070aa00000, 0x000000070ac00000|  0%| F|  |TAMS 0x000000070aa00000| PB 0x000000070aa00000| Untracked 
|  86|0x000000070ac00000, 0x000000070ac00000, 0x000000070ae00000|  0%| F|  |TAMS 0x000000070ac00000| PB 0x000000070ac00000| Untracked 
|  87|0x000000070ae00000, 0x000000070ae00000, 0x000000070b000000|  0%| F|  |TAMS 0x000000070ae00000| PB 0x000000070ae00000| Untracked 
|  88|0x000000070b000000, 0x000000070b000000, 0x000000070b200000|  0%| F|  |TAMS 0x000000070b000000| PB 0x000000070b000000| Untracked 
|  89|0x000000070b200000, 0x000000070b200000, 0x000000070b400000|  0%| F|  |TAMS 0x000000070b200000| PB 0x000000070b200000| Untracked 
|  90|0x000000070b400000, 0x000000070b400000, 0x000000070b600000|  0%| F|  |TAMS 0x000000070b400000| PB 0x000000070b400000| Untracked 
|  91|0x000000070b600000, 0x000000070b600000, 0x000000070b800000|  0%| F|  |TAMS 0x000000070b600000| PB 0x000000070b600000| Untracked 
|  92|0x000000070b800000, 0x000000070b800000, 0x000000070ba00000|  0%| F|  |TAMS 0x000000070b800000| PB 0x000000070b800000| Untracked 
|  93|0x000000070ba00000, 0x000000070ba00000, 0x000000070bc00000|  0%| F|  |TAMS 0x000000070ba00000| PB 0x000000070ba00000| Untracked 
|  94|0x000000070bc00000, 0x000000070bc00000, 0x000000070be00000|  0%| F|  |TAMS 0x000000070bc00000| PB 0x000000070bc00000| Untracked 
|  95|0x000000070be00000, 0x000000070be00000, 0x000000070c000000|  0%| F|  |TAMS 0x000000070be00000| PB 0x000000070be00000| Untracked 
|  96|0x000000070c000000, 0x000000070c000000, 0x000000070c200000|  0%| F|  |TAMS 0x000000070c000000| PB 0x000000070c000000| Untracked 
|  97|0x000000070c200000, 0x000000070c200000, 0x000000070c400000|  0%| F|  |TAMS 0x000000070c200000| PB 0x000000070c200000| Untracked 
|  98|0x000000070c400000, 0x000000070c400000, 0x000000070c600000|  0%| F|  |TAMS 0x000000070c400000| PB 0x000000070c400000| Untracked 
|  99|0x000000070c600000, 0x000000070c600000, 0x000000070c800000|  0%| F|  |TAMS 0x000000070c600000| PB 0x000000070c600000| Untracked 
| 100|0x000000070c800000, 0x000000070c800000, 0x000000070ca00000|  0%| F|  |TAMS 0x000000070c800000| PB 0x000000070c800000| Untracked 
| 101|0x000000070ca00000, 0x000000070ca00000, 0x000000070cc00000|  0%| F|  |TAMS 0x000000070ca00000| PB 0x000000070ca00000| Untracked 
| 102|0x000000070cc00000, 0x000000070cc00000, 0x000000070ce00000|  0%| F|  |TAMS 0x000000070cc00000| PB 0x000000070cc00000| Untracked 
| 103|0x000000070ce00000, 0x000000070ce00000, 0x000000070d000000|  0%| F|  |TAMS 0x000000070ce00000| PB 0x000000070ce00000| Untracked 
| 104|0x000000070d000000, 0x000000070d000000, 0x000000070d200000|  0%| F|  |TAMS 0x000000070d000000| PB 0x000000070d000000| Untracked 
| 105|0x000000070d200000, 0x000000070d200000, 0x000000070d400000|  0%| F|  |TAMS 0x000000070d200000| PB 0x000000070d200000| Untracked 
| 106|0x000000070d400000, 0x000000070d400000, 0x000000070d600000|  0%| F|  |TAMS 0x000000070d400000| PB 0x000000070d400000| Untracked 
| 107|0x000000070d600000, 0x000000070d600000, 0x000000070d800000|  0%| F|  |TAMS 0x000000070d600000| PB 0x000000070d600000| Untracked 
| 108|0x000000070d800000, 0x000000070d800000, 0x000000070da00000|  0%| F|  |TAMS 0x000000070d800000| PB 0x000000070d800000| Untracked 
| 109|0x000000070da00000, 0x000000070da00000, 0x000000070dc00000|  0%| F|  |TAMS 0x000000070da00000| PB 0x000000070da00000| Untracked 
| 110|0x000000070dc00000, 0x000000070dc00000, 0x000000070de00000|  0%| F|  |TAMS 0x000000070dc00000| PB 0x000000070dc00000| Untracked 
| 111|0x000000070de00000, 0x000000070de00000, 0x000000070e000000|  0%| F|  |TAMS 0x000000070de00000| PB 0x000000070de00000| Untracked 
| 112|0x000000070e000000, 0x000000070e000000, 0x000000070e200000|  0%| F|  |TAMS 0x000000070e000000| PB 0x000000070e000000| Untracked 
| 113|0x000000070e200000, 0x000000070e200000, 0x000000070e400000|  0%| F|  |TAMS 0x000000070e200000| PB 0x000000070e200000| Untracked 
| 114|0x000000070e400000, 0x000000070e400000, 0x000000070e600000|  0%| F|  |TAMS 0x000000070e400000| PB 0x000000070e400000| Untracked 
| 115|0x000000070e600000, 0x000000070e600000, 0x000000070e800000|  0%| F|  |TAMS 0x000000070e600000| PB 0x000000070e600000| Untracked 
| 116|0x000000070e800000, 0x000000070e800000, 0x000000070ea00000|  0%| F|  |TAMS 0x000000070e800000| PB 0x000000070e800000| Untracked 
| 117|0x000000070ea00000, 0x000000070ea00000, 0x000000070ec00000|  0%| F|  |TAMS 0x000000070ea00000| PB 0x000000070ea00000| Untracked 
| 118|0x000000070ec00000, 0x000000070ec00000, 0x000000070ee00000|  0%| F|  |TAMS 0x000000070ec00000| PB 0x000000070ec00000| Untracked 
| 119|0x000000070ee00000, 0x000000070ef00000, 0x000000070f000000| 50%| E|  |TAMS 0x000000070ee00000| PB 0x000000070ee00000| Complete 
| 120|0x000000070f000000, 0x000000070f200000, 0x000000070f200000|100%| E|CS|TAMS 0x000000070f000000| PB 0x000000070f000000| Complete 
| 121|0x000000070f200000, 0x000000070f400000, 0x000000070f400000|100%| E|CS|TAMS 0x000000070f200000| PB 0x000000070f200000| Complete 
| 122|0x000000070f400000, 0x000000070f600000, 0x000000070f600000|100%| E|CS|TAMS 0x000000070f400000| PB 0x000000070f400000| Complete 
| 123|0x000000070f600000, 0x000000070f800000, 0x000000070f800000|100%| E|CS|TAMS 0x000000070f600000| PB 0x000000070f600000| Complete 
| 124|0x000000070f800000, 0x000000070fa00000, 0x000000070fa00000|100%| E|CS|TAMS 0x000000070f800000| PB 0x000000070f800000| Complete 
| 125|0x000000070fa00000, 0x000000070fc00000, 0x000000070fc00000|100%| E|CS|TAMS 0x000000070fa00000| PB 0x000000070fa00000| Complete 
| 126|0x000000070fc00000, 0x000000070fe00000, 0x000000070fe00000|100%| E|CS|TAMS 0x000000070fc00000| PB 0x000000070fc00000| Complete 
| 127|0x000000070fe00000, 0x0000000710000000, 0x0000000710000000|100%| E|CS|TAMS 0x000000070fe00000| PB 0x000000070fe00000| Complete 
| 128|0x0000000710000000, 0x0000000710200000, 0x0000000710200000|100%| E|CS|TAMS 0x0000000710000000| PB 0x0000000710000000| Complete 
| 129|0x0000000710200000, 0x0000000710400000, 0x0000000710400000|100%| E|CS|TAMS 0x0000000710200000| PB 0x0000000710200000| Complete 
| 130|0x0000000710400000, 0x0000000710600000, 0x0000000710600000|100%| E|CS|TAMS 0x0000000710400000| PB 0x0000000710400000| Complete 
| 131|0x0000000710600000, 0x0000000710800000, 0x0000000710800000|100%| E|CS|TAMS 0x0000000710600000| PB 0x0000000710600000| Complete 
| 132|0x0000000710800000, 0x0000000710a00000, 0x0000000710a00000|100%| E|CS|TAMS 0x0000000710800000| PB 0x0000000710800000| Complete 
| 133|0x0000000710a00000, 0x0000000710c00000, 0x0000000710c00000|100%| E|CS|TAMS 0x0000000710a00000| PB 0x0000000710a00000| Complete 
| 134|0x0000000710c00000, 0x0000000710e00000, 0x0000000710e00000|100%| E|CS|TAMS 0x0000000710c00000| PB 0x0000000710c00000| Complete 
| 135|0x0000000710e00000, 0x0000000711000000, 0x0000000711000000|100%| E|CS|TAMS 0x0000000710e00000| PB 0x0000000710e00000| Complete 
| 136|0x0000000711000000, 0x0000000711200000, 0x0000000711200000|100%| E|CS|TAMS 0x0000000711000000| PB 0x0000000711000000| Complete 
| 137|0x0000000711200000, 0x0000000711400000, 0x0000000711400000|100%| E|CS|TAMS 0x0000000711200000| PB 0x0000000711200000| Complete 
| 138|0x0000000711400000, 0x0000000711600000, 0x0000000711600000|100%| E|CS|TAMS 0x0000000711400000| PB 0x0000000711400000| Complete 
| 139|0x0000000711600000, 0x0000000711800000, 0x0000000711800000|100%| E|CS|TAMS 0x0000000711600000| PB 0x0000000711600000| Complete 
| 140|0x0000000711800000, 0x0000000711a00000, 0x0000000711a00000|100%| E|CS|TAMS 0x0000000711800000| PB 0x0000000711800000| Complete 
| 141|0x0000000711a00000, 0x0000000711c00000, 0x0000000711c00000|100%| E|CS|TAMS 0x0000000711a00000| PB 0x0000000711a00000| Complete 
| 142|0x0000000711c00000, 0x0000000711e00000, 0x0000000711e00000|100%| E|CS|TAMS 0x0000000711c00000| PB 0x0000000711c00000| Complete 
| 224|0x000000071c000000, 0x000000071c200000, 0x000000071c200000|100%| E|CS|TAMS 0x000000071c000000| PB 0x000000071c000000| Complete 
| 225|0x000000071c200000, 0x000000071c400000, 0x000000071c400000|100%| E|CS|TAMS 0x000000071c200000| PB 0x000000071c200000| Complete 
| 226|0x000000071c400000, 0x000000071c600000, 0x000000071c600000|100%| E|CS|TAMS 0x000000071c400000| PB 0x000000071c400000| Complete 
| 227|0x000000071c600000, 0x000000071c800000, 0x000000071c800000|100%| E|CS|TAMS 0x000000071c600000| PB 0x000000071c600000| Complete 
| 228|0x000000071c800000, 0x000000071ca00000, 0x000000071ca00000|100%| E|CS|TAMS 0x000000071c800000| PB 0x000000071c800000| Complete 
| 229|0x000000071ca00000, 0x000000071cc00000, 0x000000071cc00000|100%| E|CS|TAMS 0x000000071ca00000| PB 0x000000071ca00000| Complete 
| 230|0x000000071cc00000, 0x000000071ce00000, 0x000000071ce00000|100%| E|CS|TAMS 0x000000071cc00000| PB 0x000000071cc00000| Complete 
| 231|0x000000071ce00000, 0x000000071d000000, 0x000000071d000000|100%| E|CS|TAMS 0x000000071ce00000| PB 0x000000071ce00000| Complete 
| 232|0x000000071d000000, 0x000000071d200000, 0x000000071d200000|100%| E|CS|TAMS 0x000000071d000000| PB 0x000000071d000000| Complete 
| 233|0x000000071d200000, 0x000000071d400000, 0x000000071d400000|100%| E|CS|TAMS 0x000000071d200000| PB 0x000000071d200000| Complete 
| 234|0x000000071d400000, 0x000000071d600000, 0x000000071d600000|100%| E|CS|TAMS 0x000000071d400000| PB 0x000000071d400000| Complete 
| 248|0x000000071f000000, 0x000000071f200000, 0x000000071f200000|100%| E|CS|TAMS 0x000000071f000000| PB 0x000000071f000000| Complete 
|2047|0x00000007ffe00000, 0x0000000800000000, 0x0000000800000000|100%| O|  |TAMS 0x00000007ffe00000| PB 0x00000007ffe00000| Untracked 

Card table byte_map: [0x0000020243a90000,0x0000020244290000] _byte_map_base: 0x0000020240290000

Marking Bits: (CMBitMap*) 0x000002023118cab0
 Bits: [0x0000020244290000, 0x0000020248290000)

Polling page: 0x000002022efb0000

Metaspace:

Usage:
  Non-class:    108.30 MB used.
      Class:     14.99 MB used.
       Both:    123.29 MB used.

Virtual space:
  Non-class space:      128.00 MB reserved,     109.12 MB ( 85%) committed,  2 nodes.
      Class space:        1.00 GB reserved,      15.81 MB (  2%) committed,  1 nodes.
             Both:        1.12 GB reserved,     124.94 MB ( 11%) committed. 

Chunk freelists:
   Non-Class:  2.19 MB
       Class:  224.00 KB
        Both:  2.41 MB

MaxMetaspaceSize: 2.00 GB
CompressedClassSpaceSize: 1.00 GB
Initial GC threshold: 21.00 MB
Current GC threshold: 202.50 MB
CDS: off
 - commit_granule_bytes: 65536.
 - commit_granule_words: 8192.
 - virtual_space_node_default_size: 8388608.
 - enlarge_chunks_in_place: 1.
 - use_allocation_guard: 0.


Internal statistics:

num_allocs_failed_limit: 18.
num_arena_births: 3226.
num_arena_deaths: 2.
num_vsnodes_births: 3.
num_vsnodes_deaths: 0.
num_space_committed: 1997.
num_space_uncommitted: 0.
num_chunks_returned_to_freelist: 23.
num_chunks_taken_from_freelist: 7665.
num_chunk_merges: 13.
num_chunk_splits: 5677.
num_chunks_enlarged: 4254.
num_inconsistent_stats: 0.

CodeHeap 'non-profiled nmethods': size=120000Kb used=13368Kb max_used=13368Kb free=106631Kb
 bounds [0x000002023bd60000, 0x000002023ca70000, 0x0000020243290000]
CodeHeap 'profiled nmethods': size=120000Kb used=49247Kb max_used=49247Kb free=70752Kb
 bounds [0x0000020234290000, 0x00000202372b0000, 0x000002023b7c0000]
CodeHeap 'non-nmethods': size=5760Kb used=2832Kb max_used=2953Kb free=2927Kb
 bounds [0x000002023b7c0000, 0x000002023bac0000, 0x000002023bd60000]
CodeCache: size=245760Kb, used=65447Kb, max_used=65568Kb, free=180310Kb
 total_blobs=18416, nmethods=17325, adapters=992, full_count=0
Compilation: enabled, stopped_count=0, restarted_count=0

Compilation events (20 events):
Event: 102.117 Thread 0x000002024a92d050 20279       3       org.gradle.internal.normalization.java.impl.MethodMember::addParameterAnnotation (12 bytes)
Event: 102.117 Thread 0x000002024a92d050 nmethod 20279 0x000002023729d210 code [0x000002023729d3c0, 0x000002023729d5a0]
Event: 102.152 Thread 0x000002025274fc80 20280       4       org.objectweb.asm.ClassReader::readElementValue (1237 bytes)
Event: 102.251 Thread 0x000002025274fc80 nmethod 20280 0x000002023ca40e90 code [0x000002023ca413e0, 0x000002023ca43df0]
Event: 102.251 Thread 0x000002025274fc80 20281       4       org.gradle.internal.hash.HashCode::<init> (5 bytes)
Event: 102.252 Thread 0x000002025274fc80 nmethod 20281 0x000002023ca45690 code [0x000002023ca45820, 0x000002023ca458a8]
Event: 102.367 Thread 0x000002024a92d050 20282       3       org.gradle.internal.normalization.java.impl.InnerClassMember::<init> (18 bytes)
Event: 102.368 Thread 0x000002024a92d050 nmethod 20282 0x000002023729d690 code [0x000002023729d880, 0x000002023729dd48]
Event: 102.414 Thread 0x000002024a92d050 20283       3       org.gradle.internal.normalization.java.impl.ApiMemberSelector::visitInnerClass (97 bytes)
Event: 102.415 Thread 0x000002024a92d050 nmethod 20283 0x000002023729df10 code [0x000002023729e160, 0x000002023729eb90]
Event: 102.431 Thread 0x000002024a92d050 20284 %     2       org.objectweb.asm.ClassReader::accept @ 1352 (1412 bytes)
Event: 102.440 Thread 0x000002024a92d050 nmethod 20284% 0x000002023729ef10 code [0x000002023729f7a0, 0x00000202372a37b8]
Event: 102.609 Thread 0x000002024a92d050 20289       3       org.gradle.internal.normalization.java.impl.ApiMemberSelector::visit (52 bytes)
Event: 102.609 Thread 0x000002024a92d050 nmethod 20289 0x00000202372a6390 code [0x00000202372a6560, 0x00000202372a6890]
Event: 102.642 Thread 0x000002024a92d050 20290       3       org.gradle.internal.normalization.java.impl.ClassMember::<init> (37 bytes)
Event: 102.643 Thread 0x000002024a92d050 nmethod 20290 0x00000202372a6990 code [0x00000202372a6c00, 0x00000202372a7928]
Event: 102.954 Thread 0x000002024a925090 nmethod 20244 0x000002023ca45990 code [0x000002023ca46a80, 0x000002023ca55cb8]
Event: 102.955 Thread 0x000002024a925090 20286       4       org.objectweb.asm.ClassReader::accept (1412 bytes)
Event: 103.736 Thread 0x000002024a925090 nmethod 20286 0x000002023ca5e790 code [0x000002023ca5f300, 0x000002023ca68790]
Event: 103.737 Thread 0x000002024a925090 20291 %     4       org.objectweb.asm.ClassReader::readCode @ 2186 (5117 bytes)

GC Heap History (20 events):
Event: 46.807 GC heap before
{Heap before GC invocations=70 (full 0):
 garbage-first heap   total 319488K, used 253610K [0x0000000700000000, 0x0000000800000000)
  region size 2048K, 93 young (190464K), 5 survivors (10240K)
 Metaspace       used 59975K, committed 61184K, reserved 1114112K
  class space    used 7931K, committed 8512K, reserved 1048576K
}
Event: 46.815 GC heap after
{Heap after GC invocations=71 (full 0):
 garbage-first heap   total 319488K, used 73122K [0x0000000700000000, 0x0000000800000000)
  region size 2048K, 5 young (10240K), 5 survivors (10240K)
 Metaspace       used 59975K, committed 61184K, reserved 1114112K
  class space    used 7931K, committed 8512K, reserved 1048576K
}
Event: 48.825 GC heap before
{Heap before GC invocations=71 (full 0):
 garbage-first heap   total 319488K, used 253346K [0x0000000700000000, 0x0000000800000000)
  region size 2048K, 93 young (190464K), 5 survivors (10240K)
 Metaspace       used 67125K, committed 68416K, reserved 1114112K
  class space    used 8810K, committed 9408K, reserved 1048576K
}
Event: 48.835 GC heap after
{Heap after GC invocations=72 (full 0):
 garbage-first heap   total 319488K, used 75434K [0x0000000700000000, 0x0000000800000000)
  region size 2048K, 6 young (12288K), 6 survivors (12288K)
 Metaspace       used 67125K, committed 68416K, reserved 1114112K
  class space    used 8810K, committed 9408K, reserved 1048576K
}
Event: 53.753 GC heap before
{Heap before GC invocations=72 (full 0):
 garbage-first heap   total 319488K, used 253610K [0x0000000700000000, 0x0000000800000000)
  region size 2048K, 93 young (190464K), 6 survivors (12288K)
 Metaspace       used 85321K, committed 86720K, reserved 1179648K
  class space    used 11270K, committed 11968K, reserved 1048576K
}
Event: 53.796 GC heap after
{Heap after GC invocations=73 (full 0):
 garbage-first heap   total 319488K, used 99301K [0x0000000700000000, 0x0000000800000000)
  region size 2048K, 12 young (24576K), 12 survivors (24576K)
 Metaspace       used 85321K, committed 86720K, reserved 1179648K
  class space    used 11270K, committed 11968K, reserved 1048576K
}
Event: 62.495 GC heap before
{Heap before GC invocations=73 (full 0):
 garbage-first heap   total 319488K, used 265189K [0x0000000700000000, 0x0000000800000000)
  region size 2048K, 93 young (190464K), 12 survivors (24576K)
 Metaspace       used 99520K, committed 101248K, reserved 1179648K
  class space    used 12865K, committed 13696K, reserved 1048576K
}
Event: 62.573 GC heap after
{Heap after GC invocations=74 (full 0):
 garbage-first heap   total 319488K, used 115502K [0x0000000700000000, 0x0000000800000000)
  region size 2048K, 7 young (14336K), 7 survivors (14336K)
 Metaspace       used 99520K, committed 101248K, reserved 1179648K
  class space    used 12865K, committed 13696K, reserved 1048576K
}
Event: 63.808 GC heap before
{Heap before GC invocations=74 (full 0):
 garbage-first heap   total 319488K, used 123694K [0x0000000700000000, 0x0000000800000000)
  region size 2048K, 12 young (24576K), 7 survivors (14336K)
 Metaspace       used 100060K, committed 101760K, reserved 1179648K
  class space    used 12914K, committed 13760K, reserved 1048576K
}
Event: 63.831 GC heap after
{Heap after GC invocations=75 (full 0):
 garbage-first heap   total 319488K, used 117796K [0x0000000700000000, 0x0000000800000000)
  region size 2048K, 2 young (4096K), 2 survivors (4096K)
 Metaspace       used 100060K, committed 101760K, reserved 1179648K
  class space    used 12914K, committed 13760K, reserved 1048576K
}
Event: 81.860 GC heap before
{Heap before GC invocations=76 (full 0):
 garbage-first heap   total 319488K, used 273444K [0x0000000700000000, 0x0000000800000000)
  region size 2048K, 82 young (167936K), 2 survivors (4096K)
 Metaspace       used 110903K, committed 112576K, reserved 1179648K
  class space    used 13850K, committed 14656K, reserved 1048576K
}
Event: 81.888 GC heap after
{Heap after GC invocations=77 (full 0):
 garbage-first heap   total 319488K, used 121998K [0x0000000700000000, 0x0000000800000000)
  region size 2048K, 8 young (16384K), 8 survivors (16384K)
 Metaspace       used 110903K, committed 112576K, reserved 1179648K
  class space    used 13850K, committed 14656K, reserved 1048576K
}
Event: 87.330 GC heap before
{Heap before GC invocations=77 (full 0):
 garbage-first heap   total 319488K, used 205966K [0x0000000700000000, 0x0000000800000000)
  region size 2048K, 50 young (102400K), 8 survivors (16384K)
 Metaspace       used 122540K, committed 124288K, reserved 1179648K
  class space    used 15075K, committed 15936K, reserved 1048576K
}
Event: 87.367 GC heap after
{Heap after GC invocations=78 (full 0):
 garbage-first heap   total 319488K, used 125534K [0x0000000700000000, 0x0000000800000000)
  region size 2048K, 2 young (4096K), 2 survivors (4096K)
 Metaspace       used 122540K, committed 124288K, reserved 1179648K
  class space    used 15075K, committed 15936K, reserved 1048576K
}
Event: 98.277 GC heap before
{Heap before GC invocations=79 (full 0):
 garbage-first heap   total 319488K, used 287326K [0x0000000700000000, 0x0000000800000000)
  region size 2048K, 79 young (161792K), 2 survivors (4096K)
 Metaspace       used 126208K, committed 127936K, reserved 1179648K
  class space    used 15345K, committed 16192K, reserved 1048576K
}
Event: 98.284 GC heap after
{Heap after GC invocations=80 (full 0):
 garbage-first heap   total 319488K, used 129630K [0x0000000700000000, 0x0000000800000000)
  region size 2048K, 2 young (4096K), 2 survivors (4096K)
 Metaspace       used 126208K, committed 127936K, reserved 1179648K
  class space    used 15345K, committed 16192K, reserved 1048576K
}
Event: 100.134 GC heap before
{Heap before GC invocations=80 (full 0):
 garbage-first heap   total 319488K, used 289374K [0x0000000700000000, 0x0000000800000000)
  region size 2048K, 80 young (163840K), 2 survivors (4096K)
 Metaspace       used 126212K, committed 127936K, reserved 1179648K
  class space    used 15345K, committed 16192K, reserved 1048576K
}
Event: 100.149 GC heap after
{Heap after GC invocations=81 (full 0):
 garbage-first heap   total 319488K, used 115962K [0x0000000700000000, 0x0000000800000000)
  region size 2048K, 3 young (6144K), 3 survivors (6144K)
 Metaspace       used 126212K, committed 127936K, reserved 1179648K
  class space    used 15345K, committed 16192K, reserved 1048576K
}
Event: 103.107 GC heap before
{Heap before GC invocations=81 (full 0):
 garbage-first heap   total 319488K, used 292090K [0x0000000700000000, 0x0000000800000000)
  region size 2048K, 89 young (182272K), 3 survivors (6144K)
 Metaspace       used 126251K, committed 127936K, reserved 1179648K
  class space    used 15350K, committed 16192K, reserved 1048576K
}
Event: 103.123 GC heap after
{Heap after GC invocations=82 (full 0):
 garbage-first heap   total 319488K, used 116928K [0x0000000700000000, 0x0000000800000000)
  region size 2048K, 3 young (6144K), 3 survivors (6144K)
 Metaspace       used 126251K, committed 127936K, reserved 1179648K
  class space    used 15350K, committed 16192K, reserved 1048576K
}

Dll operation events (3 events):
Event: 0.018 Loaded shared library C:\Program Files\Android\Android Studio\jbr\bin\java.dll
Event: 0.024 Loaded shared library C:\Program Files\Android\Android Studio\jbr\bin\zip.dll
Event: 0.803 Loaded shared library C:\Program Files\Android\Android Studio\jbr\bin\verify.dll

Deoptimization events (20 events):
Event: 102.252 Thread 0x00000202501bcaa0 Uncommon trap: trap_request=0xffffffde fr.pc=0x000002023ca43430 relative=0x0000000000002050
Event: 102.252 Thread 0x00000202501bcaa0 Uncommon trap: reason=class_check action=maybe_recompile pc=0x000002023ca43430 method=org.objectweb.asm.ClassReader.readElementValue(Lorg/objectweb/asm/AnnotationVisitor;ILjava/lang/String;[C)I @ 536 c2
Event: 102.252 Thread 0x00000202501bcaa0 DEOPT PACKING pc=0x000002023ca43430 sp=0x00000070908f58a0
Event: 102.252 Thread 0x00000202501bcaa0 DEOPT UNPACKING pc=0x000002023b814422 sp=0x00000070908f5830 mode 2
Event: 102.253 Thread 0x00000202501bcaa0 Uncommon trap: trap_request=0xffffffde fr.pc=0x000002023ca43430 relative=0x0000000000002050
Event: 102.253 Thread 0x00000202501bcaa0 Uncommon trap: reason=class_check action=maybe_recompile pc=0x000002023ca43430 method=org.objectweb.asm.ClassReader.readElementValue(Lorg/objectweb/asm/AnnotationVisitor;ILjava/lang/String;[C)I @ 536 c2
Event: 102.253 Thread 0x00000202501bcaa0 DEOPT PACKING pc=0x000002023ca43430 sp=0x00000070908f58a0
Event: 102.253 Thread 0x00000202501bcaa0 DEOPT UNPACKING pc=0x000002023b814422 sp=0x00000070908f5830 mode 2
Event: 102.359 Thread 0x00000202501bcaa0 Uncommon trap: trap_request=0xffffff45 fr.pc=0x000002023c6cd444 relative=0x0000000000000544
Event: 102.359 Thread 0x00000202501bcaa0 Uncommon trap: reason=unstable_if action=reinterpret pc=0x000002023c6cd444 method=org.gradle.internal.normalization.java.impl.ApiMemberSelector.visitInnerClass(Ljava/lang/String;Ljava/lang/String;Ljava/lang/String;I)V @ 40 c2
Event: 102.359 Thread 0x00000202501bcaa0 DEOPT PACKING pc=0x000002023c6cd444 sp=0x00000070908f5950
Event: 102.359 Thread 0x00000202501bcaa0 DEOPT UNPACKING pc=0x000002023b814422 sp=0x00000070908f5900 mode 2
Event: 102.421 Thread 0x00000202501bcaa0 Uncommon trap: trap_request=0xffffffde fr.pc=0x000002023c9e4194 relative=0x00000000000075d4
Event: 102.421 Thread 0x00000202501bcaa0 Uncommon trap: reason=class_check action=maybe_recompile pc=0x000002023c9e4194 method=org.objectweb.asm.ClassReader.accept(Lorg/objectweb/asm/ClassVisitor;[Lorg/objectweb/asm/Attribute;I)V @ 821 c2
Event: 102.421 Thread 0x00000202501bcaa0 DEOPT PACKING pc=0x000002023c9e4194 sp=0x00000070908f59c0
Event: 102.421 Thread 0x00000202501bcaa0 DEOPT UNPACKING pc=0x000002023b814422 sp=0x00000070908f59a0 mode 2
Event: 102.422 Thread 0x00000202501bcaa0 Uncommon trap: trap_request=0xffffffde fr.pc=0x000002023c9e4194 relative=0x00000000000075d4
Event: 102.422 Thread 0x00000202501bcaa0 Uncommon trap: reason=class_check action=maybe_recompile pc=0x000002023c9e4194 method=org.objectweb.asm.ClassReader.accept(Lorg/objectweb/asm/ClassVisitor;[Lorg/objectweb/asm/Attribute;I)V @ 821 c2
Event: 102.422 Thread 0x00000202501bcaa0 DEOPT PACKING pc=0x000002023c9e4194 sp=0x00000070908f59c0
Event: 102.422 Thread 0x00000202501bcaa0 DEOPT UNPACKING pc=0x000002023b814422 sp=0x00000070908f59a0 mode 2

Classes loaded (20 events):
Event: 56.097 Loading class java/text/StringCharacterIterator
Event: 56.098 Loading class java/text/CharacterIterator
Event: 56.098 Loading class java/text/CharacterIterator done
Event: 56.098 Loading class java/text/StringCharacterIterator done
Event: 57.517 Loading class java/util/AbstractList$RandomAccessSubList
Event: 57.517 Loading class java/util/AbstractList$RandomAccessSubList done
Event: 57.717 Loading class java/io/NotSerializableException
Event: 57.717 Loading class java/io/NotSerializableException done
Event: 86.569 Loading class java/util/Vector$Itr
Event: 86.569 Loading class java/util/Vector$Itr done
Event: 91.574 Loading class java/util/zip/ZipOutputStream
Event: 91.575 Loading class java/util/zip/ZipOutputStream done
Event: 91.604 Loading class java/util/regex/Pattern$Pos
Event: 91.604 Loading class java/util/regex/Pattern$Pos done
Event: 91.607 Loading class java/util/zip/ZipOutputStream$XEntry
Event: 91.607 Loading class java/util/zip/ZipOutputStream$XEntry done
Event: 100.615 Loading class java/util/zip/ZipInputStream
Event: 100.616 Loading class java/util/zip/ZipInputStream done
Event: 100.616 Loading class java/io/PushbackInputStream
Event: 100.616 Loading class java/io/PushbackInputStream done

Classes unloaded (6 events):
Event: 42.031 Thread 0x000002024a78d770 Unloading class 0x0000000800741840 '_BuildScript_$_run_closure2'
Event: 42.031 Thread 0x000002024a78d770 Unloading class 0x0000000800741420 '_BuildScript_$_run_closure1$_closure4'
Event: 42.031 Thread 0x000002024a78d770 Unloading class 0x0000000800741000 '_BuildScript_$_run_closure1$_closure3$_closure5'
Event: 42.031 Thread 0x000002024a78d770 Unloading class 0x0000000800740988 '_BuildScript_$_run_closure1$_closure3'
Event: 42.031 Thread 0x000002024a78d770 Unloading class 0x0000000800740568 '_BuildScript_$_run_closure1'
Event: 42.031 Thread 0x000002024a78d770 Unloading class 0x0000000800740000 '_BuildScript_'

Classes redefined (0 events):
No events

Internal exceptions (20 events):
Event: 93.485 Thread 0x000002025106c630 Exception <a 'sun/nio/fs/WindowsException'{0x000000071073a140}> (0x000000071073a140) 
thrown [s\src\hotspot\share\prims\jni.cpp, line 537]
Event: 93.488 Thread 0x000002025106c630 Exception <a 'sun/nio/fs/WindowsException'{0x0000000710747420}> (0x0000000710747420) 
thrown [s\src\hotspot\share\prims\jni.cpp, line 537]
Event: 94.599 Thread 0x0000020250951370 Exception <a 'sun/nio/fs/WindowsException'{0x0000000710461b70}> (0x0000000710461b70) 
thrown [s\src\hotspot\share\prims\jni.cpp, line 537]
Event: 94.721 Thread 0x00000202501bcaa0 Implicit null exception at 0x000002023c20c380 to 0x000002023c20c9c0
Event: 94.732 Thread 0x00000202501bcaa0 Implicit null exception at 0x000002023c1f3660 to 0x000002023c1f36c9
Event: 94.736 Thread 0x00000202501bcaa0 Implicit null exception at 0x000002023c112600 to 0x000002023c1126a1
Event: 94.736 Thread 0x00000202501bcaa0 Implicit null exception at 0x000002023c111e80 to 0x000002023c111f21
Event: 94.737 Thread 0x00000202501bcaa0 Implicit null exception at 0x000002023c13aca2 to 0x000002023c13c664
Event: 94.737 Thread 0x00000202501bcaa0 Implicit null exception at 0x000002023c1e4de8 to 0x000002023c1e55f4
Event: 94.737 Thread 0x00000202501bcaa0 Implicit null exception at 0x000002023c18fc60 to 0x000002023c1924c0
Event: 94.737 Thread 0x00000202501bcaa0 Implicit null exception at 0x000002023c25e4b5 to 0x000002023c260c8c
Event: 94.738 Thread 0x00000202501bcaa0 Implicit null exception at 0x000002023c217560 to 0x000002023c217598
Event: 94.801 Thread 0x00000202501bcaa0 Implicit null exception at 0x000002023c1aa8e0 to 0x000002023c1aa918
Event: 94.806 Thread 0x00000202501bcaa0 Implicit null exception at 0x000002023c216760 to 0x000002023c216864
Event: 94.896 Thread 0x00000202501bcaa0 Implicit null exception at 0x000002023c2ddf00 to 0x000002023c2ddfd9
Event: 94.901 Thread 0x00000202501bcaa0 Implicit null exception at 0x000002023c2e90d0 to 0x000002023c2ed790
Event: 94.914 Thread 0x00000202501bcaa0 Implicit null exception at 0x000002023c199787 to 0x000002023c199e30
Event: 95.559 Thread 0x00000202501bcaa0 Implicit null exception at 0x000002023c269be2 to 0x000002023c26cb30
Event: 103.512 Thread 0x000002025106c630 Exception <a 'sun/nio/fs/WindowsException'{0x0000000711b05858}> (0x0000000711b05858) 
thrown [s\src\hotspot\share\prims\jni.cpp, line 537]
Event: 103.520 Thread 0x000002025106c630 Exception <a 'sun/nio/fs/WindowsException'{0x0000000711601318}> (0x0000000711601318) 
thrown [s\src\hotspot\share\prims\jni.cpp, line 537]

ZGC Phase Switch (0 events):
No events

VM Operations (20 events):
Event: 97.921 Executing safepoint VM operation: Cleanup
Event: 97.986 Executing safepoint VM operation: Cleanup done
Event: 98.277 Executing safepoint VM operation: G1CollectForAllocation (G1 Evacuation Pause)
Event: 98.284 Executing safepoint VM operation: G1CollectForAllocation (G1 Evacuation Pause) done
Event: 99.300 Executing safepoint VM operation: Cleanup
Event: 99.301 Executing safepoint VM operation: Cleanup done
Event: 100.134 Executing safepoint VM operation: G1CollectForAllocation (G1 Evacuation Pause)
Event: 100.149 Executing safepoint VM operation: G1CollectForAllocation (G1 Evacuation Pause) done
Event: 100.612 Executing non-safepoint VM operation: HandshakeAllThreads (Deoptimize)
Event: 100.612 Executing non-safepoint VM operation: HandshakeAllThreads (Deoptimize) done
Event: 100.620 Executing non-safepoint VM operation: HandshakeAllThreads (Deoptimize)
Event: 100.621 Executing non-safepoint VM operation: HandshakeAllThreads (Deoptimize) done
Event: 100.650 Executing non-safepoint VM operation: HandshakeAllThreads (Deoptimize)
Event: 100.650 Executing non-safepoint VM operation: HandshakeAllThreads (Deoptimize) done
Event: 101.663 Executing safepoint VM operation: Cleanup
Event: 101.663 Executing safepoint VM operation: Cleanup done
Event: 102.677 Executing safepoint VM operation: Cleanup
Event: 102.708 Executing safepoint VM operation: Cleanup done
Event: 103.107 Executing safepoint VM operation: G1CollectForAllocation (G1 Evacuation Pause)
Event: 103.123 Executing safepoint VM operation: G1CollectForAllocation (G1 Evacuation Pause) done

Memory protections (0 events):
No events

Nmethod flushes (20 events):
Event: 87.709 Thread 0x000002024a78d770 flushing  nmethod 0x0000020235713310
Event: 87.709 Thread 0x000002024a78d770 flushing  nmethod 0x0000020235713a90
Event: 87.709 Thread 0x000002024a78d770 flushing  nmethod 0x0000020235713e10
Event: 87.709 Thread 0x000002024a78d770 flushing  nmethod 0x0000020235714210
Event: 87.709 Thread 0x000002024a78d770 flushing  nmethod 0x0000020235714710
Event: 87.709 Thread 0x000002024a78d770 flushing  nmethod 0x0000020235772890
Event: 87.709 Thread 0x000002024a78d770 flushing  nmethod 0x00000202357abd90
Event: 87.709 Thread 0x000002024a78d770 flushing  nmethod 0x00000202357c5a10
Event: 87.709 Thread 0x000002024a78d770 flushing  nmethod 0x00000202357c7c10
Event: 87.709 Thread 0x000002024a78d770 flushing  nmethod 0x00000202357c7f90
Event: 87.709 Thread 0x000002024a78d770 flushing  nmethod 0x00000202357cf690
Event: 87.709 Thread 0x000002024a78d770 flushing  nmethod 0x00000202357d3210
Event: 87.709 Thread 0x000002024a78d770 flushing  nmethod 0x000002023580ae10
Event: 87.709 Thread 0x000002024a78d770 flushing  nmethod 0x000002023581ab90
Event: 87.709 Thread 0x000002024a78d770 flushing  nmethod 0x000002023581af90
Event: 87.709 Thread 0x000002024a78d770 flushing  nmethod 0x000002023581ce90
Event: 87.709 Thread 0x000002024a78d770 flushing  nmethod 0x000002023581d810
Event: 87.709 Thread 0x000002024a78d770 flushing  nmethod 0x0000020235d4ee10
Event: 87.709 Thread 0x000002024a78d770 flushing  nmethod 0x0000020235d57f90
Event: 87.709 Thread 0x000002024a78d770 flushing  nmethod 0x0000020235d59f90

Events (20 events):
Event: 78.684 Thread 0x000002024a92d050 Thread added: 0x0000020253adb730
Event: 80.012 Thread 0x0000020253adb730 Thread exited: 0x0000020253adb730
Event: 80.277 Thread 0x000002024a92d050 Thread added: 0x000002025613b720
Event: 80.471 Thread 0x000002025613b720 Thread exited: 0x000002025613b720
Event: 81.306 Thread 0x000002024a92d050 Thread added: 0x000002025613d260
Event: 82.332 Thread 0x000002025613d260 Thread exited: 0x000002025613d260
Event: 83.631 Thread 0x000002024a92d050 Thread added: 0x000002025613a2b0
Event: 84.194 Thread 0x000002025613a2b0 Thread exited: 0x000002025613a2b0
Event: 85.618 Thread 0x000002024a92d050 Thread added: 0x000002025274eee0
Event: 86.994 Thread 0x000002025274eee0 Thread exited: 0x000002025274eee0
Event: 90.730 Thread 0x000002024a92d050 Thread added: 0x00000202527540a0
Event: 91.440 Thread 0x00000202527540a0 Thread exited: 0x00000202527540a0
Event: 91.724 Thread 0x000002024a92d050 Thread added: 0x00000202527540a0
Event: 92.230 Thread 0x00000202527540a0 Thread exited: 0x00000202527540a0
Event: 94.829 Thread 0x000002024a92d050 Thread added: 0x00000202527540a0
Event: 98.931 Thread 0x00000202527540a0 Thread exited: 0x00000202527540a0
Event: 99.314 Thread 0x000002024a92d050 Thread added: 0x00000202527540a0
Event: 99.649 Thread 0x00000202527540a0 Thread exited: 0x00000202527540a0
Event: 100.651 Thread 0x000002024a92d050 Thread added: 0x000002025274fc80
Event: 102.368 Thread 0x000002025274fc80 Thread exited: 0x000002025274fc80


Dynamic libraries:
0x00007ff73ae00000 - 0x00007ff73ae0a000 	C:\Program Files\Android\Android Studio\jbr\bin\java.exe
0x00007ffca28d0000 - 0x00007ffca2ac8000 	C:\Windows\SYSTEM32\ntdll.dll
0x00007ffca1ac0000 - 0x00007ffca1b82000 	C:\Windows\System32\KERNEL32.DLL
0x00007ffca00c0000 - 0x00007ffca03b6000 	C:\Windows\System32\KERNELBASE.dll
0x00007ffca07f0000 - 0x00007ffca08f0000 	C:\Windows\System32\ucrtbase.dll
0x00007ffc9c0c0000 - 0x00007ffc9c0db000 	C:\Program Files\Android\Android Studio\jbr\bin\VCRUNTIME140.dll
0x00007ffc9c100000 - 0x00007ffc9c118000 	C:\Program Files\Android\Android Studio\jbr\bin\jli.dll
0x00007ffca2300000 - 0x00007ffca24a1000 	C:\Windows\System32\USER32.dll
0x00007ffc8bcd0000 - 0x00007ffc8bf6b000 	C:\Windows\WinSxS\amd64_microsoft.windows.common-controls_6595b64144ccf1df_6.0.19041.6456_none_60b8a6cb71f64256\COMCTL32.dll
0x00007ffca0000000 - 0x00007ffca0022000 	C:\Windows\System32\win32u.dll
0x00007ffca14f0000 - 0x00007ffca158e000 	C:\Windows\System32\msvcrt.dll
0x00007ffca1590000 - 0x00007ffca15bb000 	C:\Windows\System32\GDI32.dll
0x00007ffca03f0000 - 0x00007ffca0509000 	C:\Windows\System32\gdi32full.dll
0x00007ffc9ff60000 - 0x00007ffc9fffd000 	C:\Windows\System32\msvcp_win.dll
0x00007ffca1cd0000 - 0x00007ffca1cff000 	C:\Windows\System32\IMM32.DLL
0x00007ffc99e60000 - 0x00007ffc99e6c000 	C:\Program Files\Android\Android Studio\jbr\bin\vcruntime140_1.dll
0x00007ffc96e00000 - 0x00007ffc96e8d000 	C:\Program Files\Android\Android Studio\jbr\bin\msvcp140.dll
0x00007ffc55030000 - 0x00007ffc55cc6000 	C:\Program Files\Android\Android Studio\jbr\bin\server\jvm.dll
0x00007ffca1d00000 - 0x00007ffca1db1000 	C:\Windows\System32\ADVAPI32.dll
0x00007ffca08f0000 - 0x00007ffca098f000 	C:\Windows\System32\sechost.dll
0x00007ffca19a0000 - 0x00007ffca1ac0000 	C:\Windows\System32\RPCRT4.dll
0x00007ffca03c0000 - 0x00007ffca03e7000 	C:\Windows\System32\bcrypt.dll
0x00007ffca26f0000 - 0x00007ffca275b000 	C:\Windows\System32\WS2_32.dll
0x00007ffc8b350000 - 0x00007ffc8b377000 	C:\Windows\SYSTEM32\WINMM.dll
0x00007ffc913a0000 - 0x00007ffc913aa000 	C:\Windows\SYSTEM32\VERSION.dll
0x00007ffc9fdc0000 - 0x00007ffc9fe0b000 	C:\Windows\SYSTEM32\POWRPROF.dll
0x00007ffc9fda0000 - 0x00007ffc9fdb2000 	C:\Windows\SYSTEM32\UMPDC.dll
0x00007ffc9e760000 - 0x00007ffc9e772000 	C:\Windows\SYSTEM32\kernel.appcore.dll
0x00007ffc99470000 - 0x00007ffc9947a000 	C:\Program Files\Android\Android Studio\jbr\bin\jimage.dll
0x00007ffc9dc60000 - 0x00007ffc9de61000 	C:\Windows\SYSTEM32\DBGHELP.DLL
0x00007ffc76d60000 - 0x00007ffc76d94000 	C:\Windows\SYSTEM32\dbgcore.DLL
0x00007ffca0030000 - 0x00007ffca00b2000 	C:\Windows\System32\bcryptPrimitives.dll
0x00007ffc9a010000 - 0x00007ffc9a01e000 	C:\Program Files\Android\Android Studio\jbr\bin\instrument.dll
0x00007ffc98bc0000 - 0x00007ffc98be0000 	C:\Program Files\Android\Android Studio\jbr\bin\java.dll
0x00007ffc97110000 - 0x00007ffc97128000 	C:\Program Files\Android\Android Studio\jbr\bin\zip.dll
0x00007ffca0cf0000 - 0x00007ffca1460000 	C:\Windows\System32\SHELL32.dll
0x00007ffc9df70000 - 0x00007ffc9e715000 	C:\Windows\SYSTEM32\windows.storage.dll
0x00007ffca0990000 - 0x00007ffca0ce4000 	C:\Windows\System32\combase.dll
0x00007ffc9f8b0000 - 0x00007ffc9f8db000 	C:\Windows\SYSTEM32\Wldp.dll
0x00007ffca2230000 - 0x00007ffca22fd000 	C:\Windows\System32\OLEAUT32.dll
0x00007ffca1620000 - 0x00007ffca16cd000 	C:\Windows\System32\SHCORE.dll
0x00007ffca15c0000 - 0x00007ffca161b000 	C:\Windows\System32\shlwapi.dll
0x00007ffc9fe90000 - 0x00007ffc9feb4000 	C:\Windows\SYSTEM32\profapi.dll
0x00007ffc98bb0000 - 0x00007ffc98bc0000 	C:\Program Files\Android\Android Studio\jbr\bin\net.dll
0x00007ffc95e50000 - 0x00007ffc95f5a000 	C:\Windows\SYSTEM32\WINHTTP.dll
0x00007ffc9f5c0000 - 0x00007ffc9f62a000 	C:\Windows\system32\mswsock.dll
0x00007ffc96f90000 - 0x00007ffc96fa6000 	C:\Program Files\Android\Android Studio\jbr\bin\nio.dll
0x00007ffc97100000 - 0x00007ffc97110000 	C:\Program Files\Android\Android Studio\jbr\bin\verify.dll
0x00007ffc77e50000 - 0x00007ffc77e77000 	C:\Users\Elsa y Henry\.gradle\native\c067742578af261105cb4f569cf0c3c89f3d7b1fecec35dd04571415982c5e48\windows-amd64\native-platform.dll
0x00007ffc60330000 - 0x00007ffc60474000 	C:\Users\Elsa y Henry\.gradle\native\38dada09dfb8b06ba9b0570ebf7e218e3eb74d4ef43ca46872605cf95ebc2f47\windows-amd64\native-platform-file-events.dll
0x00007ffc9c140000 - 0x00007ffc9c149000 	C:\Program Files\Android\Android Studio\jbr\bin\management.dll
0x00007ffc97130000 - 0x00007ffc9713b000 	C:\Program Files\Android\Android Studio\jbr\bin\management_ext.dll
0x00007ffca18e0000 - 0x00007ffca18e8000 	C:\Windows\System32\PSAPI.DLL
0x00007ffc9f770000 - 0x00007ffc9f788000 	C:\Windows\SYSTEM32\CRYPTSP.dll
0x00007ffc9eef0000 - 0x00007ffc9ef28000 	C:\Windows\system32\rsaenh.dll
0x00007ffc9fe50000 - 0x00007ffc9fe7e000 	C:\Windows\SYSTEM32\USERENV.dll
0x00007ffc9f790000 - 0x00007ffc9f79c000 	C:\Windows\SYSTEM32\CRYPTBASE.dll
0x00007ffc9f2b0000 - 0x00007ffc9f2eb000 	C:\Windows\SYSTEM32\IPHLPAPI.DLL
0x00007ffca2760000 - 0x00007ffca2768000 	C:\Windows\System32\NSI.dll
0x00007ffc97060000 - 0x00007ffc97069000 	C:\Program Files\Android\Android Studio\jbr\bin\extnet.dll
0x00007ffc96db0000 - 0x00007ffc96db7000 	C:\Windows\system32\wshunix.dll

JVMTI agents:
C:\Users\Elsa y Henry\.gradle\wrapper\dists\gradle-8.4-all\56r6xik2f6skrm47et0ibifug\gradle-8.4\lib\agents\gradle-instrumentation-agent-8.4.jar path:C:\Program Files\Android\Android Studio\jbr\bin\instrument.dll, loaded, initialized, instrumentlib options:none

dbghelp: loaded successfully - version: 4.0.5 - missing functions: none
symbol engine: initialized successfully - sym options: 0x614 - pdb path: .;C:\Program Files\Android\Android Studio\jbr\bin;C:\Windows\SYSTEM32;C:\Windows\WinSxS\amd64_microsoft.windows.common-controls_6595b64144ccf1df_6.0.19041.6456_none_60b8a6cb71f64256;C:\Program Files\Android\Android Studio\jbr\bin\server;C:\Users\Elsa y Henry\.gradle\native\c067742578af261105cb4f569cf0c3c89f3d7b1fecec35dd04571415982c5e48\windows-amd64;C:\Users\Elsa y Henry\.gradle\native\38dada09dfb8b06ba9b0570ebf7e218e3eb74d4ef43ca46872605cf95ebc2f47\windows-amd64

VM Arguments:
jvm_args: -XX:MaxMetaspaceSize=2G -XX:+HeapDumpOnOutOfMemoryError --add-opens=java.base/java.util=ALL-UNNAMED --add-opens=java.base/java.lang=ALL-UNNAMED --add-opens=java.base/java.lang.invoke=ALL-UNNAMED --add-opens=java.prefs/java.util.prefs=ALL-UNNAMED --add-opens=java.base/java.nio.charset=ALL-UNNAMED --add-opens=java.base/java.net=ALL-UNNAMED --add-opens=java.base/java.util.concurrent.atomic=ALL-UNNAMED -Xmx4G -Dfile.encoding=UTF-8 -Duser.country=AR -Duser.language=es -Duser.variant -javaagent:C:\Users\Elsa y Henry\.gradle\wrapper\dists\gradle-8.4-all\56r6xik2f6skrm47et0ibifug\gradle-8.4\lib\agents\gradle-instrumentation-agent-8.4.jar 
java_command: org.gradle.launcher.daemon.bootstrap.GradleDaemon 8.4
java_class_path (initial): C:\Users\Elsa y Henry\.gradle\wrapper\dists\gradle-8.4-all\56r6xik2f6skrm47et0ibifug\gradle-8.4\lib\gradle-launcher-8.4.jar
Launcher Type: SUN_STANDARD

[Global flags]
     intx CICompilerCount                          = 3                                         {product} {ergonomic}
     uint ConcGCThreads                            = 1                                         {product} {ergonomic}
     uint G1ConcRefinementThreads                  = 4                                         {product} {ergonomic}
   size_t G1HeapRegionSize                         = 2097152                                   {product} {ergonomic}
    uintx GCDrainStackTargetSize                   = 64                                        {product} {ergonomic}
     bool HeapDumpOnOutOfMemoryError               = true                                   {manageable} {command line}
   size_t InitialHeapSize                          = 132120576                                 {product} {ergonomic}
   size_t MarkStackSize                            = 4194304                                   {product} {ergonomic}
   size_t MaxHeapSize                              = 4294967296                                {product} {command line}
   size_t MaxMetaspaceSize                         = 2147483648                                {product} {command line}
   size_t MaxNewSize                               = 2575302656                                {product} {ergonomic}
   size_t MinHeapDeltaBytes                        = 2097152                                   {product} {ergonomic}
   size_t MinHeapSize                              = 8388608                                   {product} {ergonomic}
    uintx NonNMethodCodeHeapSize                   = 5832780                                {pd product} {ergonomic}
    uintx NonProfiledCodeHeapSize                  = 122912730                              {pd product} {ergonomic}
    uintx ProfiledCodeHeapSize                     = 122912730                              {pd product} {ergonomic}
    uintx ReservedCodeCacheSize                    = 251658240                              {pd product} {ergonomic}
     bool SegmentedCodeCache                       = true                                      {product} {ergonomic}
   size_t SoftMaxHeapSize                          = 4294967296                             {manageable} {ergonomic}
     bool UseCompressedOops                        = true                           {product lp64_product} {ergonomic}
     bool UseG1GC                                  = true                                      {product} {ergonomic}
     bool UseLargePagesIndividualAllocation        = false                                  {pd product} {ergonomic}

Logging:
Log output configuration:
 #0: stdout all=warning uptime,level,tags foldmultilines=false
 #1: stderr all=off uptime,level,tags foldmultilines=false

Release file:
JAVA_VERSION="21.0.10" 
MODULES="java.base java.compiler java.datatransfer java.xml java.prefs java.desktop java.instrument java.logging java.management java.security.sasl java.naming java.rmi java.management.rmi java.net.http java.scripting java.security.jgss java.transaction.xa java.sql java.sql.rowset java.xml.crypto java.se java.smartcardio jdk.accessibility jdk.internal.jvmstat jdk.attach jdk.charsets jdk.internal.opt jdk.zipfs jdk.compiler jdk.crypto.ec jdk.crypto.cryptoki jdk.dynalink jdk.hotspot.agent jdk.httpserver jdk.internal.ed jdk.internal.le jdk.internal.vm.ci jdk.jartool jdk.javadoc jdk.jcmd jdk.jdeps jdk.jdwp.agent jdk.jdi jdk.jfr jdk.jlink jdk.jsobject jdk.localedata jdk.management jdk.management.agent jdk.management.jfr jdk.naming.dns jdk.naming.rmi jdk.net jdk.sctp jdk.security.auth jdk.security.jgss jdk.unsupported jdk.unsupported.desktop jdk.xml.dom" 
IMPLEMENTOR="JetBrains s.r.o." 
JAVA_RUNTIME_VERSION="21.0.10+-14961533-b1163.108" 
LIBC="default" 
OS_ARCH="x86_64" 
OS_NAME="Windows" 
SOURCE=".:git:1351622c2ff2" 

Environment Variables:
JAVA_HOME=C:\Program Files\Android\Android Studio\jbr
CLASSPATH=C:\Users\Elsa y Henry\Pictures\Nueva carpeta\API\Amplificador\hearing_aid_app\android\\gradle\wrapper\gradle-wrapper.jar
PATH=C:\Program Files\Android\Android Studio\jbr\bin;C:\Users\Elsa y Henry\Downloads\flutter\bin;C:\Users\Elsa y Henry\Downloads\flutter\bin;C:\Users\Elsa y Henry\Downloads\flutter\bin;C:\Users\Elsa y Henry\Downloads\flutter\bin;C:\Users\Elsa y Henry\Downloads\flutter\bin;C:\Users\Elsa y Henry\Downloads\flutter\bin;C:\Users\Elsa y Henry\Downloads\flutter\bin;C:\Users\Elsa y Henry\Pictures\Nueva carpeta\API\flutter\bin;C:\Users\Elsa y Henry\Pictures\Nueva carpeta\API\flutter\bin;C:\Python313\Scripts\;C:\Python313\;C:\Windows\system32;C:\Windows;C:\Windows\System32\Wbem;C:\Windows\System32\WindowsPowerShell\v1.0\;C:\Windows\System32\OpenSSH\;C:\Program Files\nodejs\;C:\ProgramData\chocolatey\bin;C:\Program Files (x86)\Microsoft SQL Server\Client SDK\ODBC\110\Tools\Binn\;C:\Program Files (x86)\Microsoft SQL Server\120\Tools\Binn\;C:\Program Files (x86)\Microsoft SQL Server\120\DTS\Binn\;C:\Program Files\Point Grey Research\FlyCap2 Viewer\bin64;%FC2PATH\vs2013;C:\Program Files\Point Grey Research\FlyCap2 Viewer\bin64\vs2015;C:\Program Files\Git\cmd;C:\Users\Elsa y Henry\AppData\Local\Microsoft\WindowsApps;C:\Users\Elsa y Henry\AppData\Roaming\npm;C:\Users\Elsa y Henry\AppData\Local\Programs\Antigravity\bin;C:\Users\Elsa y Henry\AppData\Local\Microsoft\WinGet\Packages\astral-sh.uv_Microsoft.Winget.Source_8wekyb3d8bbwe;C:\Users\Elsa y Henry\AppData\Local\Programs\Kiro\bin;C:\Users\Elsa y Henry\Downloads\flutter\bin\mingit\cmd
USERNAME=Elsa y Henry
LANG=en_US.UTF-8
OS=Windows_NT
PROCESSOR_IDENTIFIER=Intel64 Family 6 Model 142 Stepping 9, GenuineIntel
TMP=C:\Users\Elsa y Henry\AppData\Local\Temp
TEMP=C:\Users\Elsa y Henry\AppData\Local\Temp




Periodic native trim disabled

JNI global refs:
JNI global refs: 27, weak refs: 4

JNI global refs memory usage: 835, weak refs: 833

Process memory usage:
Resident Set Size: 610564K (7% of 8251180K total physical memory with 380152K free physical memory)

OOME stack traces (most recent first):
Classloader memory used:
Loader org.gradle.internal.classloader.VisitableURLClassLoader                         : 95762K
Loader bootstrap                                                                       : 25283K
Loader org.gradle.initialization.MixInLegacyTypesClassLoader                           : 4025K
Loader jdk.internal.loader.ClassLoaders$PlatformClassLoader                            : 554K
Loader jdk.internal.jrtfs.JrtFileSystemProvider$JrtFsLoader                            : 332K
Loader jdk.internal.loader.ClassLoaders$AppClassLoader                                 : 227K
Loader org.gradle.groovy.scripts.internal.DefaultScriptCompilationHandler$ScriptClassLoader: 50120B
Loader org.codehaus.groovy.runtime.callsite.CallSiteClassLoader                        : 17224B

Classes loaded by more than one classloader:
Class org.gradle.internal.classloader.FilteringClassLoader                            : loaded 2 times (x 105B)
Class jdk.internal.jimage.BasicImageReader                                            : loaded 2 times (x 95B)
Class org.gradle.internal.classloader.ClassLoaderHierarchy                            : loaded 2 times (x 70B)
Class org.gradle.api.internal.classpath.ManifestUtil                                  : loaded 2 times (x 71B)
Class jdk.internal.jimage.decompressor.StringSharingDecompressorFactory               : loaded 2 times (x 74B)
Class org.gradle.internal.classloader.DefaultClassLoaderFactory                       : loaded 2 times (x 82B)
Class org.gradle.internal.classloader.ClassLoaderVisitor                              : loaded 2 times (x 76B)
Class org.gradle.api.internal.classpath.EffectiveClassPath                            : loaded 2 times (x 90B)
Class org.gradle.api.internal.DefaultClassPathProvider                                : loaded 2 times (x 76B)
Class [Lorg.gradle.api.internal.ClassPathProvider;                                    : loaded 2 times (x 69B)
Class org.gradle.api.internal.ClassPathProvider                                       : loaded 2 times (x 70B)
Class jdk.internal.jrtfs.SystemImage                                                  : loaded 2 times (x 74B)
Class org.gradle.internal.service.UnknownServiceException                             : loaded 2 times (x 83B)
Class org.gradle.internal.classpath.TransformedClassPath                              : loaded 2 times (x 96B)
Class jdk.internal.jrtfs.SystemImage$1                                                : loaded 2 times (x 78B)
Class jdk.internal.jrtfs.SystemImage$2                                                : loaded 2 times (x 76B)
Class org.gradle.internal.service.ServiceLocator                                      : loaded 2 times (x 70B)
Class jdk.internal.jrtfs.JrtFileSystemProvider                                        : loaded 2 times (x 101B)
Class jdk.internal.jimage.ImageLocation                                               : loaded 2 times (x 90B)
Class jdk.internal.jrtfs.JrtDirectoryStream$1                                         : loaded 2 times (x 83B)
Class org.gradle.internal.InternalTransformer                                         : loaded 2 times (x 70B)
Class jdk.internal.jimage.ImageBufferCache$1                                          : loaded 2 times (x 83B)
Class org.gradle.internal.classloader.ClasspathUtil$1                                 : loaded 2 times (x 76B)
Class jdk.internal.jimage.ImageBufferCache$2                                          : loaded 2 times (x 91B)
Class org.gradle.api.internal.classpath.DefaultModuleRegistry$DefaultModule           : loaded 2 times (x 86B)
Class org.gradle.api.internal.classpath.Module                                        : loaded 2 times (x 70B)
Class org.gradle.api.internal.classpath.UnknownModuleException                        : loaded 2 times (x 82B)
Class org.gradle.cache.GlobalCache                                                    : loaded 2 times (x 70B)
Class jdk.internal.jimage.ImageHeader                                                 : loaded 2 times (x 71B)
Class org.gradle.api.internal.DefaultClassPathRegistry                                : loaded 2 times (x 76B)
Class org.gradle.api.internal.ClassPathRegistry                                       : loaded 2 times (x 70B)
Class org.gradle.internal.classpath.DefaultClassPath$ImmutableUniqueList              : loaded 2 times (x 199B)
Class jdk.internal.jimage.decompressor.ResourceDecompressor                           : loaded 2 times (x 70B)
Class org.gradle.internal.classpath.ClassPath                                         : loaded 2 times (x 70B)
Class org.gradle.api.UncheckedIOException                                             : loaded 2 times (x 82B)
Class jdk.internal.jimage.ImageStringsReader                                          : loaded 2 times (x 80B)
Class jdk.internal.jimage.ImageReader                                                 : loaded 2 times (x 75B)
Class jdk.internal.jimage.ImageReader$SharedImageReader                               : loaded 2 times (x 95B)
Class org.gradle.internal.installation.GradleInstallation$1                           : loaded 2 times (x 75B)
Class org.gradle.api.internal.classpath.ModuleRegistry                                : loaded 2 times (x 70B)
Class jdk.internal.jimage.decompressor.ResourceDecompressorFactory                    : loaded 2 times (x 74B)
Class jdk.internal.jimage.ImageReader$Node                                            : loaded 2 times (x 84B)
Class org.gradle.api.internal.classpath.DefaultModuleRegistry                         : loaded 2 times (x 86B)
Class jdk.internal.jimage.BasicImageReader$1                                          : loaded 2 times (x 77B)
Class jdk.internal.jimage.decompressor.Decompressor                                   : loaded 2 times (x 72B)
Class jdk.internal.jimage.ImageReader$Resource                                        : loaded 2 times (x 84B)
Class org.gradle.internal.service.ServiceLookupException                              : loaded 2 times (x 82B)
Class jdk.internal.jrtfs.JrtFileAttributes                                            : loaded 2 times (x 83B)
Class org.gradle.internal.classloader.ClassLoaderFactory                              : loaded 2 times (x 70B)
Class org.gradle.internal.service.CachingServiceLocator                               : loaded 2 times (x 82B)
Class jdk.internal.jimage.ImageBufferCache                                            : loaded 2 times (x 71B)
Class jdk.internal.jrtfs.JrtPath                                                      : loaded 2 times (x 118B)
Class org.gradle.internal.classloader.ClasspathUtil                                   : loaded 2 times (x 71B)
Class org.gradle.api.specs.Spec                                                       : loaded 2 times (x 70B)
Class jdk.internal.jimage.ImageReader$SharedImageReader$LocationVisitor               : loaded 2 times (x 70B)
Class jdk.internal.jimage.decompressor.ResourceDecompressorRepository                 : loaded 2 times (x 71B)
Class jdk.internal.jimage.ImageReader$Directory                                       : loaded 2 times (x 84B)
Class org.gradle.internal.classloader.VisitableURLClassLoader$InstrumentingVisitableURLClassLoader: loaded 2 times (x 123B)
Class org.gradle.internal.classloader.VisitableURLClassLoader$Spec                    : loaded 2 times (x 74B)
Class org.gradle.internal.classpath.DefaultClassPath                                  : loaded 2 times (x 90B)
Class jdk.internal.jimage.decompressor.ZipDecompressorFactory                         : loaded 2 times (x 74B)
Class org.gradle.internal.classloader.ClassLoaderSpec                                 : loaded 2 times (x 71B)
Class org.gradle.internal.classloader.VisitableURLClassLoader                         : loaded 2 times (x 117B)
Class org.gradle.internal.Cast                                                        : loaded 2 times (x 71B)
Class org.gradle.api.Action                                                           : loaded 2 times (x 70B)
Class jdk.internal.jimage.decompressor.ZipDecompressor                                : loaded 2 times (x 75B)
Class org.gradle.internal.agents.InstrumentingClassLoader                             : loaded 2 times (x 70B)
Class org.gradle.internal.classpath.DefaultClassPath$ImmutableUniqueList$Builder      : loaded 2 times (x 75B)
Class org.gradle.api.GradleException                                                  : loaded 2 times (x 82B)
Class jdk.internal.jimage.ImageStrings                                                : loaded 2 times (x 70B)
Class org.gradle.internal.IoActions                                                   : loaded 2 times (x 71B)
Class org.gradle.internal.classloader.SystemClassLoaderSpec                           : loaded 2 times (x 71B)
Class jdk.internal.jrtfs.JrtFileSystem                                                : loaded 2 times (x 102B)
Class jdk.internal.jimage.decompressor.CompressedResourceHeader                       : loaded 2 times (x 71B)
Class org.gradle.internal.installation.CurrentGradleInstallationLocator               : loaded 2 times (x 71B)
Class org.gradle.internal.service.DefaultServiceLocator                               : loaded 2 times (x 83B)
Class jdk.internal.jrtfs.JrtDirectoryStream                                           : loaded 2 times (x 89B)
Class org.gradle.internal.installation.CurrentGradleInstallation                      : loaded 2 times (x 73B)
Class org.gradle.util.internal.GUtil                                                  : loaded 2 times (x 71B)
Class org.gradle.internal.installation.GradleInstallation                             : loaded 2 times (x 75B)
Class jdk.internal.jimage.decompressor.ResourceDecompressor$StringsProvider           : loaded 2 times (x 70B)

---------------  S Y S T E M  ---------------

OS:
 Windows 10 , 64 bit Build 19041 (10.0.19041.5915)
OS uptime: 1 days 6:24 hours
Hyper-V role detected

CPU: total 4 (initial active 4) (2 cores per cpu, 2 threads per core) family 6 model 142 stepping 9 microcode 0xb4, cx8, cmov, fxsr, ht, mmx, 3dnowpref, sse, sse2, sse3, ssse3, sse4.1, sse4.2, popcnt, lzcnt, tsc, tscinvbit, avx, avx2, aes, erms, clmul, bmi1, bmi2, adx, fma, vzeroupper, clflush, clflushopt, hv, rdtscp, f16c
Processor Information for the first 4 processors :
  Max Mhz: 2701, Current Mhz: 2701, Mhz Limit: 2701

Memory: 4k page, system-wide physical 8057M (373M free)
TotalPageFile size 16114M (AvailPageFile size 11M)
current process WorkingSet (physical memory assigned to process): 596M, peak: 600M
current process commit charge ("private bytes"): 713M, peak: 733M

vm_info: OpenJDK 64-Bit Server VM (21.0.10+-14961533-b1163.108) for windows-amd64 JRE (21.0.10+-14961533-b1163.108), built on 2026-03-02T19:58:50Z by "builder" with MS VC++ 16.10 / 16.11 (VS2019)

END.
